[ 2019-12-24T14:25:38+08:00 ] 192.168.2.121 /xyhai.php?s=/Index/index
INFO: [ app_init ] --START--
INFO: Run Behavior\BuildLiteBehavior [ RunTime:0.000009s ]
INFO: [ app_init ] --END-- [ RunTime:0.000049s ]
INFO: [ app_begin ] --START--
INFO: Run Behavior\ReadHtmlCacheBehavior [ RunTime:0.000449s ]
INFO: [ app_begin ] --END-- [ RunTime:0.000489s ]

[ 2019-12-24T14:25:38+08:00 ] 192.168.2.121 /xyhai.php?s=/Login/index
INFO: [ app_init ] --START--
INFO: Run Behavior\BuildLiteBehavior [ RunTime:0.000013s ]
INFO: [ app_init ] --END-- [ RunTime:0.000078s ]
INFO: [ app_begin ] --START--
INFO: Run Behavior\ReadHtmlCacheBehavior [ RunTime:0.000543s ]
INFO: [ app_begin ] --END-- [ RunTime:0.000583s ]
INFO: [ view_parse ] --START--
INFO: [ template_filter ] --START--
INFO: Run Behavior\ContentReplaceBehavior [ RunTime:0.000044s ]
INFO: [ template_filter ] --END-- [ RunTime:0.000091s ]
INFO: Run Behavior\ParseTemplateBehavior [ RunTime:0.031639s ]
INFO: [ view_parse ] --END-- [ RunTime:0.031680s ]
INFO: [ view_filter ] --START--
INFO: Run Behavior\WriteHtmlCacheBehavior [ RunTime:0.000343s ]
INFO: [ view_filter ] --END-- [ RunTime:0.000373s ]
INFO: [ app_end ] --START--
INFO: Run Behavior\ShowPageTraceBehavior [ RunTime:0.000662s ]
INFO: [ app_end ] --END-- [ RunTime:0.000697s ]

[ 2019-12-24T14:25:39+08:00 ] 192.168.2.121 /xyhai.php?s=/Login/verify/id/a_login_1
INFO: [ app_init ] --START--
INFO: Run Behavior\BuildLiteBehavior [ RunTime:0.000008s ]
INFO: [ app_init ] --END-- [ RunTime:0.000041s ]
INFO: [ app_begin ] --START--
INFO: Run Behavior\ReadHtmlCacheBehavior [ RunTime:0.000446s ]
INFO: [ app_begin ] --END-- [ RunTime:0.000485s ]
INFO: [ app_end ] --START--
INFO: Run Behavior\ShowPageTraceBehavior [ RunTime:0.000512s ]
INFO: [ app_end ] --END-- [ RunTime:0.000554s ]

[ 2019-12-24T14:25:47+08:00 ] 192.168.2.121 /xyhai.php?s=/Login/login
INFO: [ app_init ] --START--
INFO: Run Behavior\BuildLiteBehavior [ RunTime:0.000005s ]
INFO: [ app_init ] --END-- [ RunTime:0.000028s ]
INFO: [ app_begin ] --START--
INFO: Run Behavior\ReadHtmlCacheBehavior [ RunTime:0.000317s ]
INFO: [ app_begin ] --END-- [ RunTime:0.000338s ]
SQL: SHOW COLUMNS FROM `xyh_bad_ip` [ RunTime:0.0520s ]
SQL: SELECT * FROM `xyh_bad_ip` WHERE `status` = 1 AND `ip` = '192.168.2.121' LIMIT 1   [ RunTime:0.0492s ]
SQL: SHOW COLUMNS FROM `xyh_admin` [ RunTime:0.0501s ]
SQL: SELECT * FROM `xyh_admin` WHERE `username` = 'xyhcms' LIMIT 1   [ RunTime:0.0481s ]
SQL: UPDATE `xyh_admin` SET `login_time`='2019-12-24 14:25:47',`login_ip`='192.168.2.121',`login_num`='18' WHERE `id` = 1 [ RunTime:0.0538s ]
SQL: SHOW COLUMNS FROM `xyh_admin_log` [ RunTime:0.0515s ]
SQL: INSERT INTO `xyh_admin_log` (`aid`,`username`,`url`,`title`,`content`,`useragent`,`login_flag`,`ip`,`operate_status`,`operate_time`) VALUES ('1','xyhcms','/xyhai.php?s=/Login/login','诲','诲','Mozilla/5.0 (Windows NT 10.0; WOW64) AppleWebKit/537.36 (KHTML, like Gecko) Chrome/77.0.3865.75 Safari/537.36','1','192.168.2.121','1','2019-12-24 14:25:47') [ RunTime:0.0994s ]
SQL: SHOW COLUMNS FROM `xyh_auth_group_access` [ RunTime:0.0878s ]
SQL: SELECT `group_id` FROM `xyh_auth_group_access` WHERE `uid` = 1  [ RunTime:0.0576s ]

[ 2019-12-24T14:25:48+08:00 ] 192.168.2.121 /xyhai.php?s=/Index/index
INFO: [ app_init ] --START--
INFO: Run Behavior\BuildLiteBehavior [ RunTime:0.000009s ]
INFO: [ app_init ] --END-- [ RunTime:0.000067s ]
INFO: [ app_begin ] --START--
INFO: Run Behavior\ReadHtmlCacheBehavior [ RunTime:0.000566s ]
INFO: [ app_begin ] --END-- [ RunTime:0.000602s ]
SQL: SHOW COLUMNS FROM `xyh_auth_rule` [ RunTime:0.0484s ]
SQL: SELECT * FROM `xyh_auth_rule` WHERE `status` = 1 AND `is_menu` = 1 ORDER BY sort,id  [ RunTime:0.0604s ]
SQL: SELECT * FROM `xyh_auth_rule` WHERE `status` = 1 AND `is_menu` = 1 AND `is_quick` = 1 ORDER BY sort,id  [ RunTime:0.0725s ]
INFO: [ view_parse ] --START--
INFO: [ template_filter ] --START--
INFO: Run Behavior\ContentReplaceBehavior [ RunTime:0.000258s ]
INFO: [ template_filter ] --END-- [ RunTime:0.000437s ]
INFO: Run Behavior\ParseTemplateBehavior [ RunTime:0.086945s ]
INFO: [ view_parse ] --END-- [ RunTime:0.087094s ]
INFO: [ view_filter ] --START--
INFO: Run Behavior\WriteHtmlCacheBehavior [ RunTime:0.000868s ]
INFO: [ view_filter ] --END-- [ RunTime:0.000994s ]
INFO: [ app_end ] --START--
INFO: Run Behavior\ShowPageTraceBehavior [ RunTime:0.001724s ]
INFO: [ app_end ] --END-- [ RunTime:0.001856s ]

[ 2019-12-24T14:25:48+08:00 ] 192.168.2.121 /xyhai.php?s=/Login/verify/id/a_login_1
INFO: [ app_init ] --START--
INFO: Run Behavior\BuildLiteBehavior [ RunTime:0.000017s ]
INFO: [ app_init ] --END-- [ RunTime:0.000104s ]
INFO: [ app_begin ] --START--
INFO: Run Behavior\ReadHtmlCacheBehavior [ RunTime:0.000375s ]
INFO: [ app_begin ] --END-- [ RunTime:0.000403s ]
INFO: [ app_end ] --START--
INFO: Run Behavior\ShowPageTraceBehavior [ RunTime:0.000694s ]
INFO: [ app_end ] --END-- [ RunTime:0.000753s ]

[ 2019-12-24T14:25:49+08:00 ] 192.168.2.121 /xyhai.php?s=/Public/main
INFO: [ app_init ] --START--
INFO: Run Behavior\BuildLiteBehavior [ RunTime:0.000006s ]
INFO: [ app_init ] --END-- [ RunTime:0.000033s ]
INFO: [ app_begin ] --START--
INFO: Run Behavior\ReadHtmlCacheBehavior [ RunTime:0.000439s ]
INFO: [ app_begin ] --END-- [ RunTime:0.000477s ]
SQL: SELECT VERSION() as ver; [ RunTime:0.0603s ]
INFO: [ view_parse ] --START--
INFO: [ template_filter ] --START--
INFO: Run Behavior\ContentReplaceBehavior [ RunTime:0.000135s ]
INFO: [ template_filter ] --END-- [ RunTime:0.000198s ]
INFO: Run Behavior\ParseTemplateBehavior [ RunTime:0.065669s ]
INFO: [ view_parse ] --END-- [ RunTime:0.065781s ]
INFO: [ view_filter ] --START--
INFO: Run Behavior\WriteHtmlCacheBehavior [ RunTime:0.000322s ]
INFO: [ view_filter ] --END-- [ RunTime:0.000367s ]
INFO: [ view_parse ] --START--
INFO: [ template_filter ] --START--
INFO: Run Behavior\ContentReplaceBehavior [ RunTime:0.000139s ]
INFO: [ template_filter ] --END-- [ RunTime:-0.006696s ]
INFO: Run Behavior\ParseTemplateBehavior [ RunTime:0.003852s ]
INFO: [ view_parse ] --END-- [ RunTime:-0.003054s ]
INFO: [ view_filter ] --START--
INFO: Run Behavior\WriteHtmlCacheBehavior [ RunTime:0.000011s ]
INFO: [ view_filter ] --END-- [ RunTime:-0.006630s ]
INFO: [ app_end ] --START--
INFO: Run Behavior\ShowPageTraceBehavior [ RunTime:0.000839s ]
INFO: [ app_end ] --END-- [ RunTime:0.000961s ]

[ 2019-12-24T14:25:49+08:00 ] 192.168.2.121 /xyhai.php?s=/Index/getParentCate&pid=0&rnd=6332
INFO: [ app_init ] --START--
INFO: Run Behavior\BuildLiteBehavior [ RunTime:0.000008s ]
INFO: [ app_init ] --END-- [ RunTime:0.000044s ]
INFO: [ app_begin ] --START--
INFO: Run Behavior\ReadHtmlCacheBehavior [ RunTime:0.000465s ]
INFO: [ app_begin ] --END-- [ RunTime:0.000498s ]
SQL: SHOW COLUMNS FROM `xyh_category` [ RunTime:0.0505s ]
SQL: SHOW COLUMNS FROM `xyh_model` [ RunTime:0.0708s ]
SQL: SELECT COUNT(*) AS tp_count FROM xyh_category category LEFT JOIN xyh_model model ON category.model_id = model.id WHERE category.pid = 0 AND category.type = 0 LIMIT 1   [ RunTime:0.0708s ]
SQL: SELECT category.id AS id,category.name AS name,category.ename AS ename,category.cat_pic AS cat_pic,category.pid AS pid,category.model_id AS model_id,category.type AS type,category.seo_title AS seo_title,category.keywords AS keywords,category.description AS description,category.template_category AS template_category,category.template_list AS template_list,category.template_show AS template_show,category.style AS style,category.status AS status,category.sort AS sort,model.name AS model_name,model.table_name AS table_name FROM xyh_category category LEFT JOIN xyh_model model ON category.model_id = model.id WHERE category.pid = 0 AND category.type = 0 ORDER BY category.sort ASC,category.id ASC  [ RunTime:0.0692s ]

[ 2019-12-24T14:25:50+08:00 ] 192.168.2.121 /xyhai.php?s=/Public/checkState
INFO: [ app_init ] --START--
INFO: Run Behavior\BuildLiteBehavior [ RunTime:0.000004s ]
INFO: [ app_init ] --END-- [ RunTime:0.000027s ]
INFO: [ app_begin ] --START--
INFO: Run Behavior\ReadHtmlCacheBehavior [ RunTime:0.000304s ]
INFO: [ app_begin ] --END-- [ RunTime:0.000322s ]
SQL: SHOW COLUMNS FROM `xyh_admin` [ RunTime:0.0538s ]
SQL: SELECT * FROM `xyh_admin` WHERE `id` = 1 LIMIT 1   [ RunTime:0.0672s ]

[ 2019-12-24T14:25:53+08:00 ] 192.168.2.121 /xyhai.php?s=/Guestbook/index
INFO: [ app_init ] --START--
INFO: Run Behavior\BuildLiteBehavior [ RunTime:0.000007s ]
INFO: [ app_init ] --END-- [ RunTime:0.000040s ]
INFO: [ app_begin ] --START--
INFO: Run Behavior\ReadHtmlCacheBehavior [ RunTime:0.000292s ]
INFO: [ app_begin ] --END-- [ RunTime:0.000313s ]
SQL: SHOW COLUMNS FROM `xyh_guestbook` [ RunTime:0.0584s ]
SQL: SELECT COUNT(*) AS tp_count FROM `xyh_guestbook` WHERE ( type =0 ) LIMIT 1   [ RunTime:0.0491s ]
SQL: SELECT * FROM `xyh_guestbook` WHERE ( type =0 ) LIMIT 0,10   [ RunTime:0.0488s ]
INFO: [ view_parse ] --START--
INFO: [ template_filter ] --START--
INFO: Run Behavior\ContentReplaceBehavior [ RunTime:0.000172s ]
INFO: [ template_filter ] --END-- [ RunTime:0.000241s ]
INFO: Run Behavior\ParseTemplateBehavior [ RunTime:0.021646s ]
INFO: [ view_parse ] --END-- [ RunTime:0.021736s ]
INFO: [ view_filter ] --START--
INFO: Run Behavior\WriteHtmlCacheBehavior [ RunTime:0.000474s ]
INFO: [ view_filter ] --END-- [ RunTime:0.000535s ]
INFO: [ app_end ] --START--
INFO: Run Behavior\ShowPageTraceBehavior [ RunTime:0.001043s ]
INFO: [ app_end ] --END-- [ RunTime:0.001111s ]

[ 2019-12-24T14:25:54+08:00 ] 192.168.2.121 /xyhai.php?s=/Onlinestudy/index
INFO: [ app_init ] --START--
INFO: Run Behavior\BuildLiteBehavior [ RunTime:0.000005s ]
INFO: [ app_init ] --END-- [ RunTime:0.000047s ]
INFO: [ app_begin ] --START--
INFO: Run Behavior\ReadHtmlCacheBehavior [ RunTime:0.000314s ]
INFO: [ app_begin ] --END-- [ RunTime:0.000353s ]
SQL: SHOW COLUMNS FROM `xyh_guestbook` [ RunTime:0.0631s ]
SQL: SELECT COUNT(*) AS tp_count FROM `xyh_guestbook` WHERE ( type=1 ) LIMIT 1   [ RunTime:0.0539s ]
SQL: SELECT * FROM `xyh_guestbook` WHERE ( type=1 ) LIMIT 0,10   [ RunTime:0.0556s ]
INFO: [ view_parse ] --START--
INFO: [ template_filter ] --START--
INFO: Run Behavior\ContentReplaceBehavior [ RunTime:0.000311s ]
INFO: [ template_filter ] --END-- [ RunTime:0.000443s ]
INFO: Run Behavior\ParseTemplateBehavior [ RunTime:0.026232s ]
INFO: [ view_parse ] --END-- [ RunTime:0.026366s ]
INFO: [ view_filter ] --START--
INFO: Run Behavior\WriteHtmlCacheBehavior [ RunTime:0.000999s ]
INFO: [ view_filter ] --END-- [ RunTime:0.001127s ]
INFO: [ app_end ] --START--
INFO: Run Behavior\ShowPageTraceBehavior [ RunTime:0.002464s ]
INFO: [ app_end ] --END-- [ RunTime:0.002702s ]

[ 2019-12-24T14:25:56+08:00 ] 192.168.2.121 /xyhai.php?s=/Index/index
INFO: [ app_init ] --START--
INFO: Run Behavior\BuildLiteBehavior [ RunTime:0.000004s ]
INFO: [ app_init ] --END-- [ RunTime:0.000025s ]
INFO: [ app_begin ] --START--
INFO: Run Behavior\ReadHtmlCacheBehavior [ RunTime:0.000287s ]
INFO: [ app_begin ] --END-- [ RunTime:0.000308s ]
SQL: SHOW COLUMNS FROM `xyh_auth_rule` [ RunTime:0.0500s ]
SQL: SELECT * FROM `xyh_auth_rule` WHERE `status` = 1 AND `is_menu` = 1 ORDER BY sort,id  [ RunTime:0.0457s ]
SQL: SELECT * FROM `xyh_auth_rule` WHERE `status` = 1 AND `is_menu` = 1 AND `is_quick` = 1 ORDER BY sort,id  [ RunTime:0.0484s ]
INFO: [ view_parse ] --START--
INFO: [ template_filter ] --START--
INFO: Run Behavior\ContentReplaceBehavior [ RunTime:0.000067s ]
INFO: [ template_filter ] --END-- [ RunTime:0.000106s ]
INFO: Run Behavior\ParseTemplateBehavior [ RunTime:0.007688s ]
INFO: [ view_parse ] --END-- [ RunTime:0.007727s ]
INFO: [ view_filter ] --START--
INFO: Run Behavior\WriteHtmlCacheBehavior [ RunTime:0.000232s ]
INFO: [ view_filter ] --END-- [ RunTime:0.000261s ]
INFO: [ app_end ] --START--
INFO: Run Behavior\ShowPageTraceBehavior [ RunTime:0.000804s ]
INFO: [ app_end ] --END-- [ RunTime:0.000856s ]

[ 2019-12-24T14:25:56+08:00 ] 192.168.2.121 /xyhai.php?s=/Public/main
INFO: [ app_init ] --START--
INFO: Run Behavior\BuildLiteBehavior [ RunTime:0.000009s ]
INFO: [ app_init ] --END-- [ RunTime:0.000044s ]
INFO: [ app_begin ] --START--
INFO: Run Behavior\ReadHtmlCacheBehavior [ RunTime:0.000489s ]
INFO: [ app_begin ] --END-- [ RunTime:0.000529s ]
SQL: SELECT VERSION() as ver; [ RunTime:0.0617s ]
INFO: [ view_parse ] --START--
INFO: [ template_filter ] --START--
INFO: Run Behavior\ContentReplaceBehavior [ RunTime:0.000131s ]
INFO: [ template_filter ] --END-- [ RunTime:0.000180s ]
INFO: Run Behavior\ParseTemplateBehavior [ RunTime:0.008141s ]
INFO: [ view_parse ] --END-- [ RunTime:0.008202s ]
INFO: [ view_filter ] --START--
INFO: Run Behavior\WriteHtmlCacheBehavior [ RunTime:0.000278s ]
INFO: [ view_filter ] --END-- [ RunTime:0.000313s ]
INFO: [ view_parse ] --START--
INFO: [ template_filter ] --START--
INFO: Run Behavior\ContentReplaceBehavior [ RunTime:0.000139s ]
INFO: [ template_filter ] --END-- [ RunTime:-0.005737s ]
INFO: Run Behavior\ParseTemplateBehavior [ RunTime:0.003152s ]
INFO: [ view_parse ] --END-- [ RunTime:-0.002433s ]
INFO: [ view_filter ] --START--
INFO: Run Behavior\WriteHtmlCacheBehavior [ RunTime:0.000008s ]
INFO: [ view_filter ] --END-- [ RunTime:-0.005319s ]
INFO: [ app_end ] --START--
INFO: Run Behavior\ShowPageTraceBehavior [ RunTime:0.000573s ]
INFO: [ app_end ] --END-- [ RunTime:0.000618s ]

[ 2019-12-24T14:25:57+08:00 ] 192.168.2.121 /xyhai.php?s=/Index/getParentCate&pid=0&rnd=77320
INFO: [ app_init ] --START--
INFO: Run Behavior\BuildLiteBehavior [ RunTime:0.000007s ]
INFO: [ app_init ] --END-- [ RunTime:0.000041s ]
INFO: [ app_begin ] --START--
INFO: Run Behavior\ReadHtmlCacheBehavior [ RunTime:0.000642s ]
INFO: [ app_begin ] --END-- [ RunTime:0.000685s ]
SQL: SHOW COLUMNS FROM `xyh_category` [ RunTime:0.0537s ]
SQL: SHOW COLUMNS FROM `xyh_model` [ RunTime:0.0523s ]
SQL: SELECT COUNT(*) AS tp_count FROM xyh_category category LEFT JOIN xyh_model model ON category.model_id = model.id WHERE category.pid = 0 AND category.type = 0 LIMIT 1   [ RunTime:0.0609s ]
SQL: SELECT category.id AS id,category.name AS name,category.ename AS ename,category.cat_pic AS cat_pic,category.pid AS pid,category.model_id AS model_id,category.type AS type,category.seo_title AS seo_title,category.keywords AS keywords,category.description AS description,category.template_category AS template_category,category.template_list AS template_list,category.template_show AS template_show,category.style AS style,category.status AS status,category.sort AS sort,model.name AS model_name,model.table_name AS table_name FROM xyh_category category LEFT JOIN xyh_model model ON category.model_id = model.id WHERE category.pid = 0 AND category.type = 0 ORDER BY category.sort ASC,category.id ASC  [ RunTime:0.0516s ]

[ 2019-12-24T14:25:57+08:00 ] 192.168.2.121 /xyhai.php?s=/Public/checkState
INFO: [ app_init ] --START--
INFO: Run Behavior\BuildLiteBehavior [ RunTime:0.000005s ]
INFO: [ app_init ] --END-- [ RunTime:0.000027s ]
INFO: [ app_begin ] --START--
INFO: Run Behavior\ReadHtmlCacheBehavior [ RunTime:0.000704s ]
INFO: [ app_begin ] --END-- [ RunTime:0.000746s ]
SQL: SHOW COLUMNS FROM `xyh_admin` [ RunTime:0.0483s ]
SQL: SELECT * FROM `xyh_admin` WHERE `id` = 1 LIMIT 1   [ RunTime:0.0455s ]

[ 2019-12-24T14:25:58+08:00 ] 192.168.2.121 /xyhai.php?s=/Onlinestudy/index
INFO: [ app_init ] --START--
INFO: Run Behavior\BuildLiteBehavior [ RunTime:0.000006s ]
INFO: [ app_init ] --END-- [ RunTime:0.000031s ]
INFO: [ app_begin ] --START--
INFO: Run Behavior\ReadHtmlCacheBehavior [ RunTime:0.000334s ]
INFO: [ app_begin ] --END-- [ RunTime:0.000358s ]
SQL: SHOW COLUMNS FROM `xyh_guestbook` [ RunTime:0.0535s ]
SQL: SELECT COUNT(*) AS tp_count FROM `xyh_guestbook` WHERE ( type=1 ) LIMIT 1   [ RunTime:0.0497s ]
SQL: SELECT * FROM `xyh_guestbook` WHERE ( type=1 ) LIMIT 0,10   [ RunTime:0.0588s ]
INFO: [ view_parse ] --START--
INFO: [ template_filter ] --START--
INFO: Run Behavior\ContentReplaceBehavior [ RunTime:0.000305s ]
INFO: [ template_filter ] --END-- [ RunTime:0.000424s ]
INFO: Run Behavior\ParseTemplateBehavior [ RunTime:0.025459s ]
INFO: [ view_parse ] --END-- [ RunTime:0.025599s ]
INFO: [ view_filter ] --START--
INFO: Run Behavior\WriteHtmlCacheBehavior [ RunTime:0.000768s ]
INFO: [ view_filter ] --END-- [ RunTime:0.000863s ]
INFO: [ app_end ] --START--
INFO: Run Behavior\ShowPageTraceBehavior [ RunTime:0.001723s ]
INFO: [ app_end ] --END-- [ RunTime:0.001850s ]

[ 2019-12-24T14:26:03+08:00 ] 192.168.2.121 /xyhai.php?s=/Onlinestudy/del/id/21
INFO: [ app_init ] --START--
INFO: Run Behavior\BuildLiteBehavior [ RunTime:0.000004s ]
INFO: [ app_init ] --END-- [ RunTime:0.000026s ]
INFO: [ app_begin ] --START--
INFO: Run Behavior\ReadHtmlCacheBehavior [ RunTime:0.000276s ]
INFO: [ app_begin ] --END-- [ RunTime:0.000297s ]

[ 2019-12-24T14:28:01+08:00 ] 192.168.2.121 /xyhai.php?s=/Guestbook/index
INFO: [ app_init ] --START--
INFO: Run Behavior\BuildLiteBehavior [ RunTime:0.000006s ]
INFO: [ app_init ] --END-- [ RunTime:0.000033s ]
INFO: [ app_begin ] --START--
INFO: Run Behavior\ReadHtmlCacheBehavior [ RunTime:0.000369s ]
INFO: [ app_begin ] --END-- [ RunTime:0.000395s ]
SQL: SHOW COLUMNS FROM `xyh_guestbook` [ RunTime:0.0561s ]
SQL: SELECT COUNT(*) AS tp_count FROM `xyh_guestbook` WHERE ( type =0 ) LIMIT 1   [ RunTime:0.0490s ]
SQL: SELECT * FROM `xyh_guestbook` WHERE ( type =0 ) LIMIT 0,10   [ RunTime:0.0485s ]
INFO: [ view_parse ] --START--
INFO: [ template_filter ] --START--
INFO: Run Behavior\ContentReplaceBehavior [ RunTime:0.000305s ]
INFO: [ template_filter ] --END-- [ RunTime:0.000422s ]
INFO: Run Behavior\ParseTemplateBehavior [ RunTime:0.026854s ]
INFO: [ view_parse ] --END-- [ RunTime:0.026999s ]
INFO: [ view_filter ] --START--
INFO: Run Behavior\WriteHtmlCacheBehavior [ RunTime:0.001007s ]
INFO: [ view_filter ] --END-- [ RunTime:0.001125s ]
INFO: [ app_end ] --START--
INFO: Run Behavior\ShowPageTraceBehavior [ RunTime:0.002111s ]
INFO: [ app_end ] --END-- [ RunTime:0.002230s ]

[ 2019-12-24T14:28:05+08:00 ] 192.168.2.121 /xyhai.php?s=/Onlinestudy/index
INFO: [ app_init ] --START--
INFO: Run Behavior\BuildLiteBehavior [ RunTime:0.000004s ]
INFO: [ app_init ] --END-- [ RunTime:0.000029s ]
INFO: [ app_begin ] --START--
INFO: Run Behavior\ReadHtmlCacheBehavior [ RunTime:0.000319s ]
INFO: [ app_begin ] --END-- [ RunTime:0.000341s ]
SQL: SHOW COLUMNS FROM `xyh_guestbook` [ RunTime:0.0496s ]
SQL: SELECT COUNT(*) AS tp_count FROM `xyh_guestbook` WHERE ( type=1 ) LIMIT 1   [ RunTime:0.0516s ]
SQL: SELECT * FROM `xyh_guestbook` WHERE ( type=1 ) LIMIT 0,10   [ RunTime:0.0484s ]
INFO: [ view_parse ] --START--
INFO: [ template_filter ] --START--
INFO: Run Behavior\ContentReplaceBehavior [ RunTime:0.000311s ]
INFO: [ template_filter ] --END-- [ RunTime:0.000444s ]
INFO: Run Behavior\ParseTemplateBehavior [ RunTime:0.025161s ]
INFO: [ view_parse ] --END-- [ RunTime:0.025281s ]
INFO: [ view_filter ] --START--
INFO: Run Behavior\WriteHtmlCacheBehavior [ RunTime:0.000971s ]
INFO: [ view_filter ] --END-- [ RunTime:0.001088s ]
INFO: [ app_end ] --START--
INFO: Run Behavior\ShowPageTraceBehavior [ RunTime:0.001211s ]
INFO: [ app_end ] --END-- [ RunTime:0.001312s ]

[ 2019-12-24T14:28:57+08:00 ] 192.168.2.121 /xyhai.php?s=/Public/checkState
INFO: [ app_init ] --START--
INFO: Run Behavior\BuildLiteBehavior [ RunTime:0.000011s ]
INFO: [ app_init ] --END-- [ RunTime:0.000065s ]
INFO: [ app_begin ] --START--
INFO: Run Behavior\ReadHtmlCacheBehavior [ RunTime:0.000695s ]
INFO: [ app_begin ] --END-- [ RunTime:0.000737s ]
SQL: SHOW COLUMNS FROM `xyh_admin` [ RunTime:0.0505s ]
SQL: SELECT * FROM `xyh_admin` WHERE `id` = 1 LIMIT 1   [ RunTime:0.0510s ]

[ 2019-12-24T14:29:18+08:00 ] 192.168.2.121 /xyhai.php?s=/Onlinestudy/index
INFO: [ app_init ] --START--
INFO: Run Behavior\BuildLiteBehavior [ RunTime:0.000006s ]
INFO: [ app_init ] --END-- [ RunTime:0.000030s ]
INFO: [ app_begin ] --START--
INFO: Run Behavior\ReadHtmlCacheBehavior [ RunTime:0.000321s ]
INFO: [ app_begin ] --END-- [ RunTime:0.000344s ]
SQL: SHOW COLUMNS FROM `xyh_guestbook` [ RunTime:0.0595s ]
SQL: SELECT COUNT(*) AS tp_count FROM `xyh_guestbook` WHERE ( type=1 ) LIMIT 1   [ RunTime:0.0798s ]
SQL: SELECT * FROM `xyh_guestbook` WHERE ( type=1 ) LIMIT 0,10   [ RunTime:0.0448s ]
INFO: [ view_parse ] --START--
INFO: [ template_filter ] --START--
INFO: Run Behavior\ContentReplaceBehavior [ RunTime:0.000161s ]
INFO: [ template_filter ] --END-- [ RunTime:0.000224s ]
INFO: Run Behavior\ParseTemplateBehavior [ RunTime:0.022700s ]
INFO: [ view_parse ] --END-- [ RunTime:0.022815s ]
INFO: [ view_filter ] --START--
INFO: Run Behavior\WriteHtmlCacheBehavior [ RunTime:0.000452s ]
INFO: [ view_filter ] --END-- [ RunTime:0.000508s ]
INFO: [ app_end ] --START--
INFO: Run Behavior\ShowPageTraceBehavior [ RunTime:0.001073s ]
INFO: [ app_end ] --END-- [ RunTime:0.001148s ]

[ 2019-12-24T14:29:22+08:00 ] 192.168.2.121 /xyhai.php?s=/Onlinestudy/del/id/21
INFO: [ app_init ] --START--
INFO: Run Behavior\BuildLiteBehavior [ RunTime:0.000006s ]
INFO: [ app_init ] --END-- [ RunTime:0.000031s ]
INFO: [ app_begin ] --START--
INFO: Run Behavior\ReadHtmlCacheBehavior [ RunTime:0.000278s ]
INFO: [ app_begin ] --END-- [ RunTime:0.000298s ]
SQL: SHOW COLUMNS FROM `xyh_guestbook` [ RunTime:0.0676s ]
SQL: DELETE FROM `xyh_guestbook` WHERE `id` = 21 [ RunTime:0.0532s ]
INFO: [ view_parse ] --START--
INFO: [ template_filter ] --START--
INFO: Run Behavior\ContentReplaceBehavior [ RunTime:0.000117s ]
INFO: [ template_filter ] --END-- [ RunTime:0.000238s ]
INFO: Run Behavior\ParseTemplateBehavior [ RunTime:0.038727s ]
INFO: [ view_parse ] --END-- [ RunTime:0.038890s ]
INFO: [ view_filter ] --START--
INFO: Run Behavior\WriteHtmlCacheBehavior [ RunTime:0.000977s ]
INFO: [ view_filter ] --END-- [ RunTime:0.001121s ]
INFO: [ app_end ] --START--
INFO: Run Behavior\ShowPageTraceBehavior [ RunTime:0.002230s ]
INFO: [ app_end ] --END-- [ RunTime:0.002392s ]

[ 2019-12-24T14:29:23+08:00 ] 192.168.2.121 /xyhai.php?s=/Onlinestudy/index
INFO: [ app_init ] --START--
INFO: Run Behavior\BuildLiteBehavior [ RunTime:0.000006s ]
INFO: [ app_init ] --END-- [ RunTime:0.000048s ]
INFO: [ app_begin ] --START--
INFO: Run Behavior\ReadHtmlCacheBehavior [ RunTime:0.000370s ]
INFO: [ app_begin ] --END-- [ RunTime:0.000398s ]
SQL: SHOW COLUMNS FROM `xyh_guestbook` [ RunTime:0.0498s ]
SQL: SELECT COUNT(*) AS tp_count FROM `xyh_guestbook` WHERE ( type=1 ) LIMIT 1   [ RunTime:0.0476s ]
SQL: SELECT * FROM `xyh_guestbook` WHERE ( type=1 ) LIMIT 0,10   [ RunTime:0.0444s ]
INFO: [ view_parse ] --START--
INFO: [ template_filter ] --START--
INFO: Run Behavior\ContentReplaceBehavior [ RunTime:0.000200s ]
INFO: [ template_filter ] --END-- [ RunTime:0.000279s ]
INFO: Run Behavior\ParseTemplateBehavior [ RunTime:0.015214s ]
INFO: [ view_parse ] --END-- [ RunTime:0.015298s ]
INFO: [ view_filter ] --START--
INFO: Run Behavior\WriteHtmlCacheBehavior [ RunTime:0.000523s ]
INFO: [ view_filter ] --END-- [ RunTime:0.000590s ]
INFO: [ app_end ] --START--
INFO: Run Behavior\ShowPageTraceBehavior [ RunTime:0.001197s ]
INFO: [ app_end ] --END-- [ RunTime:0.001275s ]

[ 2019-12-24T14:29:28+08:00 ] 192.168.2.121 /xyhai.php?s=/Demand/index
INFO: [ app_init ] --START--
INFO: Run Behavior\BuildLiteBehavior [ RunTime:0.000004s ]
INFO: [ app_init ] --END-- [ RunTime:0.000024s ]
INFO: [ app_begin ] --START--
INFO: Run Behavior\ReadHtmlCacheBehavior [ RunTime:0.000256s ]
INFO: [ app_begin ] --END-- [ RunTime:0.000275s ]
SQL: SHOW COLUMNS FROM `xyh_guestbook` [ RunTime:0.0556s ]
SQL: SELECT COUNT(*) AS tp_count FROM `xyh_guestbook` WHERE ( type =2 ) LIMIT 1   [ RunTime:0.0573s ]
SQL: SELECT * FROM `xyh_guestbook` WHERE ( type =2 ) LIMIT 0,10   [ RunTime:0.0551s ]
INFO: [ view_parse ] --START--
INFO: [ template_filter ] --START--
INFO: Run Behavior\ContentReplaceBehavior [ RunTime:0.000364s ]
INFO: [ template_filter ] --END-- [ RunTime:0.000492s ]
INFO: Run Behavior\ParseTemplateBehavior [ RunTime:0.058090s ]
INFO: [ view_parse ] --END-- [ RunTime:0.058252s ]
INFO: [ view_filter ] --START--
INFO: Run Behavior\WriteHtmlCacheBehavior [ RunTime:0.001060s ]
INFO: [ view_filter ] --END-- [ RunTime:0.001204s ]
INFO: [ app_end ] --START--
INFO: Run Behavior\ShowPageTraceBehavior [ RunTime:0.001858s ]
INFO: [ app_end ] --END-- [ RunTime:0.002007s ]

[ 2019-12-24T14:29:34+08:00 ] 192.168.2.121 /xyhai.php?s=/Demand/del/id/2
INFO: [ app_init ] --START--
INFO: Run Behavior\BuildLiteBehavior [ RunTime:0.000005s ]
INFO: [ app_init ] --END-- [ RunTime:0.000028s ]
INFO: [ app_begin ] --START--
INFO: Run Behavior\ReadHtmlCacheBehavior [ RunTime:0.000316s ]
INFO: [ app_begin ] --END-- [ RunTime:0.000339s ]
SQL: SHOW COLUMNS FROM `xyh_guestbook` [ RunTime:0.0569s ]
SQL: DELETE FROM `xyh_guestbook` WHERE `id` = 2 [ RunTime:0.0533s ]
INFO: [ view_parse ] --START--
INFO: [ template_filter ] --START--
INFO: Run Behavior\ContentReplaceBehavior [ RunTime:0.000113s ]
INFO: [ template_filter ] --END-- [ RunTime:0.000255s ]
INFO: Run Behavior\ParseTemplateBehavior [ RunTime:0.016898s ]
INFO: [ view_parse ] --END-- [ RunTime:0.017068s ]
INFO: [ view_filter ] --START--
INFO: Run Behavior\WriteHtmlCacheBehavior [ RunTime:0.000993s ]
INFO: [ view_filter ] --END-- [ RunTime:0.001111s ]
INFO: [ app_end ] --START--
INFO: Run Behavior\ShowPageTraceBehavior [ RunTime:0.002045s ]
INFO: [ app_end ] --END-- [ RunTime:0.002181s ]

[ 2019-12-24T14:29:35+08:00 ] 192.168.2.121 /xyhai.php?s=/Demand/index
INFO: [ app_init ] --START--
INFO: Run Behavior\BuildLiteBehavior [ RunTime:0.000007s ]
INFO: [ app_init ] --END-- [ RunTime:0.000037s ]
INFO: [ app_begin ] --START--
INFO: Run Behavior\ReadHtmlCacheBehavior [ RunTime:0.000322s ]
INFO: [ app_begin ] --END-- [ RunTime:0.000353s ]
SQL: SHOW COLUMNS FROM `xyh_guestbook` [ RunTime:0.0900s ]
SQL: SELECT COUNT(*) AS tp_count FROM `xyh_guestbook` WHERE ( type =2 ) LIMIT 1   [ RunTime:0.0590s ]
SQL: SELECT * FROM `xyh_guestbook` WHERE ( type =2 ) LIMIT 0,10   [ RunTime:0.0617s ]
INFO: [ view_parse ] --START--
INFO: [ template_filter ] --START--
INFO: Run Behavior\ContentReplaceBehavior [ RunTime:0.000072s ]
INFO: [ template_filter ] --END-- [ RunTime:0.000105s ]
INFO: Run Behavior\ParseTemplateBehavior [ RunTime:0.004901s ]
INFO: [ view_parse ] --END-- [ RunTime:0.004928s ]
INFO: [ view_filter ] --START--
INFO: Run Behavior\WriteHtmlCacheBehavior [ RunTime:0.000158s ]
INFO: [ view_filter ] --END-- [ RunTime:0.000176s ]
INFO: [ app_end ] --START--
INFO: Run Behavior\ShowPageTraceBehavior [ RunTime:0.000324s ]
INFO: [ app_end ] --END-- [ RunTime:0.000345s ]

[ 2019-12-24T14:29:37+08:00 ] 192.168.2.121 /xyhai.php?s=/Free/index
INFO: [ app_init ] --START--
INFO: Run Behavior\BuildLiteBehavior [ RunTime:0.000006s ]
INFO: [ app_init ] --END-- [ RunTime:0.000029s ]
INFO: [ app_begin ] --START--
INFO: Run Behavior\ReadHtmlCacheBehavior [ RunTime:0.000334s ]
INFO: [ app_begin ] --END-- [ RunTime:0.000360s ]
SQL: SHOW COLUMNS FROM `xyh_guestbook` [ RunTime:0.0563s ]
SQL: SELECT COUNT(*) AS tp_count FROM `xyh_guestbook` WHERE ( type =3 ) LIMIT 1   [ RunTime:0.1025s ]
SQL: SELECT * FROM `xyh_guestbook` WHERE ( type =3 ) LIMIT 0,10   [ RunTime:0.1139s ]
INFO: [ view_parse ] --START--
INFO: [ template_filter ] --START--
INFO: Run Behavior\ContentReplaceBehavior [ RunTime:0.000311s ]
INFO: [ template_filter ] --END-- [ RunTime:0.000436s ]
INFO: Run Behavior\ParseTemplateBehavior [ RunTime:0.055698s ]
INFO: [ view_parse ] --END-- [ RunTime:0.055820s ]
INFO: [ view_filter ] --START--
INFO: Run Behavior\WriteHtmlCacheBehavior [ RunTime:0.000889s ]
INFO: [ view_filter ] --END-- [ RunTime:0.000988s ]
INFO: [ app_end ] --START--
INFO: Run Behavior\ShowPageTraceBehavior [ RunTime:0.002457s ]
INFO: [ app_end ] --END-- [ RunTime:0.002589s ]

[ 2019-12-24T14:29:49+08:00 ] 192.168.2.121 /xyhai.php?s=/Free/del/batchFlag/1
INFO: [ app_init ] --START--
INFO: Run Behavior\BuildLiteBehavior [ RunTime:0.000005s ]
INFO: [ app_init ] --END-- [ RunTime:0.000030s ]
INFO: [ app_begin ] --START--
INFO: Run Behavior\ReadHtmlCacheBehavior [ RunTime:0.000317s ]
INFO: [ app_begin ] --END-- [ RunTime:0.000341s ]
SQL: SHOW COLUMNS FROM `xyh_guestbook` [ RunTime:0.1404s ]
SQL: DELETE FROM `xyh_guestbook` WHERE `id` IN (32,27) [ RunTime:0.0640s ]
INFO: [ view_parse ] --START--
INFO: [ template_filter ] --START--
INFO: Run Behavior\ContentReplaceBehavior [ RunTime:0.000162s ]
INFO: [ template_filter ] --END-- [ RunTime:0.000339s ]
INFO: Run Behavior\ParseTemplateBehavior [ RunTime:0.020225s ]
INFO: [ view_parse ] --END-- [ RunTime:0.020384s ]
INFO: [ view_filter ] --START--
INFO: Run Behavior\WriteHtmlCacheBehavior [ RunTime:0.004623s ]
INFO: [ view_filter ] --END-- [ RunTime:0.004767s ]
INFO: [ app_end ] --START--
INFO: Run Behavior\ShowPageTraceBehavior [ RunTime:0.002599s ]
INFO: [ app_end ] --END-- [ RunTime:0.002768s ]

[ 2019-12-24T14:29:50+08:00 ] 192.168.2.121 /xyhai.php?s=/Guestbook/index
INFO: [ app_init ] --START--
INFO: Run Behavior\BuildLiteBehavior [ RunTime:0.000008s ]
INFO: [ app_init ] --END-- [ RunTime:0.000047s ]
INFO: [ app_begin ] --START--
INFO: Run Behavior\ReadHtmlCacheBehavior [ RunTime:0.000531s ]
INFO: [ app_begin ] --END-- [ RunTime:0.000578s ]
SQL: SHOW COLUMNS FROM `xyh_guestbook` [ RunTime:0.0507s ]
SQL: SELECT COUNT(*) AS tp_count FROM `xyh_guestbook` WHERE ( type =0 ) LIMIT 1   [ RunTime:0.0554s ]
SQL: SELECT * FROM `xyh_guestbook` WHERE ( type =0 ) LIMIT 0,10   [ RunTime:0.0553s ]
INFO: [ view_parse ] --START--
INFO: [ template_filter ] --START--
INFO: Run Behavior\ContentReplaceBehavior [ RunTime:0.000304s ]
INFO: [ template_filter ] --END-- [ RunTime:0.000477s ]
INFO: Run Behavior\ParseTemplateBehavior [ RunTime:0.025689s ]
INFO: [ view_parse ] --END-- [ RunTime:0.025779s ]
INFO: [ view_filter ] --START--
INFO: Run Behavior\WriteHtmlCacheBehavior [ RunTime:0.000337s ]
INFO: [ view_filter ] --END-- [ RunTime:0.000385s ]
INFO: [ app_end ] --START--
INFO: Run Behavior\ShowPageTraceBehavior [ RunTime:0.000924s ]
INFO: [ app_end ] --END-- [ RunTime:0.000975s ]

[ 2019-12-24T14:29:53+08:00 ] 192.168.2.121 /xyhai.php?s=/Free/index
INFO: [ app_init ] --START--
INFO: Run Behavior\BuildLiteBehavior [ RunTime:0.000007s ]
INFO: [ app_init ] --END-- [ RunTime:0.000044s ]
INFO: [ app_begin ] --START--
INFO: Run Behavior\ReadHtmlCacheBehavior [ RunTime:0.000496s ]
INFO: [ app_begin ] --END-- [ RunTime:0.000537s ]
SQL: SHOW COLUMNS FROM `xyh_guestbook` [ RunTime:0.0988s ]
SQL: SELECT COUNT(*) AS tp_count FROM `xyh_guestbook` WHERE ( type =3 ) LIMIT 1   [ RunTime:0.0490s ]
SQL: SELECT * FROM `xyh_guestbook` WHERE ( type =3 ) LIMIT 0,10   [ RunTime:0.0442s ]
INFO: [ view_parse ] --START--
INFO: [ template_filter ] --START--
INFO: Run Behavior\ContentReplaceBehavior [ RunTime:0.000073s ]
INFO: [ template_filter ] --END-- [ RunTime:0.000107s ]
INFO: Run Behavior\ParseTemplateBehavior [ RunTime:0.005695s ]
INFO: [ view_parse ] --END-- [ RunTime:0.005724s ]
INFO: [ view_filter ] --START--
INFO: Run Behavior\WriteHtmlCacheBehavior [ RunTime:0.000199s ]
INFO: [ view_filter ] --END-- [ RunTime:0.000226s ]
INFO: [ app_end ] --START--
INFO: Run Behavior\ShowPageTraceBehavior [ RunTime:0.000463s ]
INFO: [ app_end ] --END-- [ RunTime:0.000495s ]

[ 2019-12-24T14:29:58+08:00 ] 192.168.2.121 /xyhai.php?s=/Free/index/p/2
INFO: [ app_init ] --START--
INFO: Run Behavior\BuildLiteBehavior [ RunTime:0.000005s ]
INFO: [ app_init ] --END-- [ RunTime:0.000029s ]
INFO: [ app_begin ] --START--
INFO: Run Behavior\ReadHtmlCacheBehavior [ RunTime:0.000331s ]
INFO: [ app_begin ] --END-- [ RunTime:0.000356s ]
SQL: SHOW COLUMNS FROM `xyh_guestbook` [ RunTime:0.0442s ]
SQL: SELECT COUNT(*) AS tp_count FROM `xyh_guestbook` WHERE ( type =3 ) LIMIT 1   [ RunTime:0.0530s ]
SQL: SELECT * FROM `xyh_guestbook` WHERE ( type =3 ) LIMIT 10,10   [ RunTime:0.0949s ]
INFO: [ view_parse ] --START--
INFO: [ template_filter ] --START--
INFO: Run Behavior\ContentReplaceBehavior [ RunTime:0.000307s ]
INFO: [ template_filter ] --END-- [ RunTime:0.000453s ]
INFO: Run Behavior\ParseTemplateBehavior [ RunTime:0.028032s ]
INFO: [ view_parse ] --END-- [ RunTime:0.028205s ]
INFO: [ view_filter ] --START--
INFO: Run Behavior\WriteHtmlCacheBehavior [ RunTime:0.000805s ]
INFO: [ view_filter ] --END-- [ RunTime:0.000896s ]
INFO: [ app_end ] --START--
INFO: Run Behavior\ShowPageTraceBehavior [ RunTime:0.002295s ]
INFO: [ app_end ] --END-- [ RunTime:0.002435s ]

[ 2019-12-24T14:30:01+08:00 ] 192.168.2.121 /xyhai.php?s=/Free/index/p/3
INFO: [ app_init ] --START--
INFO: Run Behavior\BuildLiteBehavior [ RunTime:0.000005s ]
INFO: [ app_init ] --END-- [ RunTime:0.000026s ]
INFO: [ app_begin ] --START--
INFO: Run Behavior\ReadHtmlCacheBehavior [ RunTime:0.000349s ]
INFO: [ app_begin ] --END-- [ RunTime:0.000389s ]
SQL: SHOW COLUMNS FROM `xyh_guestbook` [ RunTime:0.0537s ]
SQL: SELECT COUNT(*) AS tp_count FROM `xyh_guestbook` WHERE ( type =3 ) LIMIT 1   [ RunTime:0.0530s ]
SQL: SELECT * FROM `xyh_guestbook` WHERE ( type =3 ) LIMIT 20,10   [ RunTime:0.0612s ]
INFO: [ view_parse ] --START--
INFO: [ template_filter ] --START--
INFO: Run Behavior\ContentReplaceBehavior [ RunTime:0.000324s ]
INFO: [ template_filter ] --END-- [ RunTime:0.000465s ]
INFO: Run Behavior\ParseTemplateBehavior [ RunTime:0.027561s ]
INFO: [ view_parse ] --END-- [ RunTime:0.027719s ]
INFO: [ view_filter ] --START--
INFO: Run Behavior\WriteHtmlCacheBehavior [ RunTime:0.000950s ]
INFO: [ view_filter ] --END-- [ RunTime:0.001099s ]
INFO: [ app_end ] --START--
INFO: Run Behavior\ShowPageTraceBehavior [ RunTime:0.002380s ]
INFO: [ app_end ] --END-- [ RunTime:0.002548s ]

[ 2019-12-24T14:30:04+08:00 ] 192.168.2.121 /xyhai.php?s=/Free/index/p/2
INFO: [ app_init ] --START--
INFO: Run Behavior\BuildLiteBehavior [ RunTime:0.000006s ]
INFO: [ app_init ] --END-- [ RunTime:0.000030s ]
INFO: [ app_begin ] --START--
INFO: Run Behavior\ReadHtmlCacheBehavior [ RunTime:0.000326s ]
INFO: [ app_begin ] --END-- [ RunTime:0.000349s ]
SQL: SHOW COLUMNS FROM `xyh_guestbook` [ RunTime:0.0589s ]
SQL: SELECT COUNT(*) AS tp_count FROM `xyh_guestbook` WHERE ( type =3 ) LIMIT 1   [ RunTime:0.0541s ]
SQL: SELECT * FROM `xyh_guestbook` WHERE ( type =3 ) LIMIT 10,10   [ RunTime:0.0965s ]
INFO: [ view_parse ] --START--
INFO: [ template_filter ] --START--
INFO: Run Behavior\ContentReplaceBehavior [ RunTime:0.000423s ]
INFO: [ template_filter ] --END-- [ RunTime:0.000623s ]
INFO: Run Behavior\ParseTemplateBehavior [ RunTime:0.034850s ]
INFO: [ view_parse ] --END-- [ RunTime:0.034947s ]
INFO: [ view_filter ] --START--
INFO: Run Behavior\WriteHtmlCacheBehavior [ RunTime:0.000618s ]
INFO: [ view_filter ] --END-- [ RunTime:0.000682s ]
INFO: [ app_end ] --START--
INFO: Run Behavior\ShowPageTraceBehavior [ RunTime:0.001459s ]
INFO: [ app_end ] --END-- [ RunTime:0.001532s ]

[ 2019-12-24T14:31:58+08:00 ] 192.168.2.121 /xyhai.php?s=/Public/checkState
INFO: [ app_init ] --START--
INFO: Run Behavior\BuildLiteBehavior [ RunTime:0.000015s ]
INFO: [ app_init ] --END-- [ RunTime:0.000097s ]
INFO: [ app_begin ] --START--
INFO: Run Behavior\ReadHtmlCacheBehavior [ RunTime:0.000500s ]
INFO: [ app_begin ] --END-- [ RunTime:0.000531s ]
SQL: SHOW COLUMNS FROM `xyh_admin` [ RunTime:0.0507s ]
SQL: SELECT * FROM `xyh_admin` WHERE `id` = 1 LIMIT 1   [ RunTime:0.1092s ]

[ 2019-12-24T14:33:35+08:00 ] 192.168.2.121 /xyhai.php?s=/Free/index
INFO: [ app_init ] --START--
INFO: Run Behavior\BuildLiteBehavior [ RunTime:0.000008s ]
INFO: [ app_init ] --END-- [ RunTime:0.000044s ]
INFO: [ app_begin ] --START--
INFO: Run Behavior\ReadHtmlCacheBehavior [ RunTime:0.000326s ]
INFO: [ app_begin ] --END-- [ RunTime:0.000348s ]
SQL: SHOW COLUMNS FROM `xyh_guestbook` [ RunTime:0.0547s ]
SQL: SELECT COUNT(*) AS tp_count FROM `xyh_guestbook` WHERE ( type =3 ) LIMIT 1   [ RunTime:0.0580s ]
SQL: SELECT * FROM `xyh_guestbook` WHERE ( type =3 ) LIMIT 0,10   [ RunTime:0.0561s ]
INFO: [ view_parse ] --START--
INFO: [ template_filter ] --START--
INFO: Run Behavior\ContentReplaceBehavior [ RunTime:0.000259s ]
INFO: [ template_filter ] --END-- [ RunTime:0.000378s ]
INFO: Run Behavior\ParseTemplateBehavior [ RunTime:0.028171s ]
INFO: [ view_parse ] --END-- [ RunTime:0.028266s ]
INFO: [ view_filter ] --START--
INFO: Run Behavior\WriteHtmlCacheBehavior [ RunTime:0.000617s ]
INFO: [ view_filter ] --END-- [ RunTime:0.000690s ]
INFO: [ app_end ] --START--
INFO: Run Behavior\ShowPageTraceBehavior [ RunTime:0.001224s ]
INFO: [ app_end ] --END-- [ RunTime:0.001299s ]

[ 2019-12-24T14:34:02+08:00 ] 192.168.2.121 /xyhai.php?s=/Free/del/batchFlag/1
INFO: [ app_init ] --START--
INFO: Run Behavior\BuildLiteBehavior [ RunTime:0.000005s ]
INFO: [ app_init ] --END-- [ RunTime:0.000033s ]
INFO: [ app_begin ] --START--
INFO: Run Behavior\ReadHtmlCacheBehavior [ RunTime:0.000323s ]
INFO: [ app_begin ] --END-- [ RunTime:0.000349s ]
SQL: SHOW COLUMNS FROM `xyh_guestbook` [ RunTime:0.0501s ]
SQL: DELETE FROM `xyh_guestbook` WHERE `id` IN (6,7) [ RunTime:0.0486s ]
INFO: [ view_parse ] --START--
INFO: [ template_filter ] --START--
INFO: Run Behavior\ContentReplaceBehavior [ RunTime:0.000065s ]
INFO: [ template_filter ] --END-- [ RunTime:0.000134s ]
INFO: Run Behavior\ParseTemplateBehavior [ RunTime:0.014388s ]
INFO: [ view_parse ] --END-- [ RunTime:0.014504s ]
INFO: [ view_filter ] --START--
INFO: Run Behavior\WriteHtmlCacheBehavior [ RunTime:0.000509s ]
INFO: [ view_filter ] --END-- [ RunTime:0.000591s ]
INFO: [ app_end ] --START--
INFO: Run Behavior\ShowPageTraceBehavior [ RunTime:0.001251s ]
INFO: [ app_end ] --END-- [ RunTime:0.001340s ]

[ 2019-12-24T14:34:04+08:00 ] 192.168.2.121 /xyhai.php?s=/Free/index
INFO: [ app_init ] --START--
INFO: Run Behavior\BuildLiteBehavior [ RunTime:0.000009s ]
INFO: [ app_init ] --END-- [ RunTime:0.000053s ]
INFO: [ app_begin ] --START--
INFO: Run Behavior\ReadHtmlCacheBehavior [ RunTime:0.000617s ]
INFO: [ app_begin ] --END-- [ RunTime:0.000665s ]
SQL: SHOW COLUMNS FROM `xyh_guestbook` [ RunTime:0.0482s ]
SQL: SELECT COUNT(*) AS tp_count FROM `xyh_guestbook` WHERE ( type =3 ) LIMIT 1   [ RunTime:0.0478s ]
SQL: SELECT * FROM `xyh_guestbook` WHERE ( type =3 ) LIMIT 0,10   [ RunTime:0.0465s ]
INFO: [ view_parse ] --START--
INFO: [ template_filter ] --START--
INFO: Run Behavior\ContentReplaceBehavior [ RunTime:0.000333s ]
INFO: [ template_filter ] --END-- [ RunTime:0.000454s ]
INFO: Run Behavior\ParseTemplateBehavior [ RunTime:0.026253s ]
INFO: [ view_parse ] --END-- [ RunTime:0.026354s ]
INFO: [ view_filter ] --START--
INFO: Run Behavior\WriteHtmlCacheBehavior [ RunTime:0.000498s ]
INFO: [ view_filter ] --END-- [ RunTime:0.000556s ]
INFO: [ app_end ] --START--
INFO: Run Behavior\ShowPageTraceBehavior [ RunTime:0.001106s ]
INFO: [ app_end ] --END-- [ RunTime:0.001180s ]

[ 2019-12-24T14:34:58+08:00 ] 192.168.2.121 /xyhai.php?s=/Public/checkState
INFO: [ app_init ] --START--
INFO: Run Behavior\BuildLiteBehavior [ RunTime:0.000009s ]
INFO: [ app_init ] --END-- [ RunTime:0.000061s ]
INFO: [ app_begin ] --START--
INFO: Run Behavior\ReadHtmlCacheBehavior [ RunTime:0.000702s ]
INFO: [ app_begin ] --END-- [ RunTime:0.000763s ]
SQL: SHOW COLUMNS FROM `xyh_admin` [ RunTime:0.0508s ]
SQL: SELECT * FROM `xyh_admin` WHERE `id` = 1 LIMIT 1   [ RunTime:0.2169s ]

[ 2019-12-24T14:37:59+08:00 ] 192.168.2.121 /xyhai.php?s=/Public/checkState
INFO: [ app_init ] --START--
INFO: Run Behavior\BuildLiteBehavior [ RunTime:0.000008s ]
INFO: [ app_init ] --END-- [ RunTime:0.000049s ]
INFO: [ app_begin ] --START--
INFO: Run Behavior\ReadHtmlCacheBehavior [ RunTime:0.000492s ]
INFO: [ app_begin ] --END-- [ RunTime:0.000521s ]
SQL: SHOW COLUMNS FROM `xyh_admin` [ RunTime:0.0666s ]
SQL: SELECT * FROM `xyh_admin` WHERE `id` = 1 LIMIT 1   [ RunTime:0.0585s ]

[ 2019-12-24T14:41:01+08:00 ] 192.168.2.121 /xyhai.php?s=/Public/checkState
INFO: [ app_init ] --START--
INFO: Run Behavior\BuildLiteBehavior [ RunTime:0.000011s ]
INFO: [ app_init ] --END-- [ RunTime:0.000067s ]
INFO: [ app_begin ] --START--
INFO: Run Behavior\ReadHtmlCacheBehavior [ RunTime:0.000759s ]
INFO: [ app_begin ] --END-- [ RunTime:0.000801s ]
SQL: SHOW COLUMNS FROM `xyh_admin` [ RunTime:0.0577s ]
SQL: SELECT * FROM `xyh_admin` WHERE `id` = 1 LIMIT 1   [ RunTime:0.0518s ]

[ 2019-12-24T14:44:02+08:00 ] 192.168.2.121 /xyhai.php?s=/Public/checkState
INFO: [ app_init ] --START--
INFO: Run Behavior\BuildLiteBehavior [ RunTime:0.000015s ]
INFO: [ app_init ] --END-- [ RunTime:0.000095s ]
INFO: [ app_begin ] --START--
INFO: Run Behavior\ReadHtmlCacheBehavior [ RunTime:0.000460s ]
INFO: [ app_begin ] --END-- [ RunTime:0.000487s ]
ERR: SQLSTATE[HY000] [2002] 套接字操作尝试一个无法连接的主机。


[ 2019-12-24T14:47:03+08:00 ] 192.168.2.121 /xyhai.php?s=/Public/checkState
INFO: [ app_init ] --START--
INFO: Run Behavior\BuildLiteBehavior [ RunTime:0.000005s ]
INFO: [ app_init ] --END-- [ RunTime:0.000034s ]
INFO: [ app_begin ] --START--
INFO: Run Behavior\ReadHtmlCacheBehavior [ RunTime:0.000419s ]
INFO: [ app_begin ] --END-- [ RunTime:0.000439s ]
SQL: SHOW COLUMNS FROM `xyh_admin` [ RunTime:0.0582s ]
SQL: SELECT * FROM `xyh_admin` WHERE `id` = 1 LIMIT 1   [ RunTime:0.0576s ]

[ 2019-12-24T14:50:04+08:00 ] 192.168.2.121 /xyhai.php?s=/Public/checkState
INFO: [ app_init ] --START--
INFO: Run Behavior\BuildLiteBehavior [ RunTime:0.000011s ]
INFO: [ app_init ] --END-- [ RunTime:0.000067s ]
INFO: [ app_begin ] --START--
INFO: Run Behavior\ReadHtmlCacheBehavior [ RunTime:0.000753s ]
INFO: [ app_begin ] --END-- [ RunTime:0.000797s ]
SQL: SHOW COLUMNS FROM `xyh_admin` [ RunTime:0.0511s ]
SQL: SELECT * FROM `xyh_admin` WHERE `id` = 1 LIMIT 1   [ RunTime:0.0524s ]

[ 2019-12-24T14:53:05+08:00 ] 192.168.2.121 /xyhai.php?s=/Public/checkState
INFO: [ app_init ] --START--
INFO: Run Behavior\BuildLiteBehavior [ RunTime:0.000006s ]
INFO: [ app_init ] --END-- [ RunTime:0.000039s ]
INFO: [ app_begin ] --START--
INFO: Run Behavior\ReadHtmlCacheBehavior [ RunTime:0.000300s ]
INFO: [ app_begin ] --END-- [ RunTime:0.000318s ]
SQL: SHOW COLUMNS FROM `xyh_admin` [ RunTime:0.0563s ]
SQL: SELECT * FROM `xyh_admin` WHERE `id` = 1 LIMIT 1   [ RunTime:0.0548s ]

[ 2019-12-24T14:56:06+08:00 ] 192.168.2.121 /xyhai.php?s=/Public/checkState
INFO: [ app_init ] --START--
INFO: Run Behavior\BuildLiteBehavior [ RunTime:0.000011s ]
INFO: [ app_init ] --END-- [ RunTime:0.000073s ]
INFO: [ app_begin ] --START--
INFO: Run Behavior\ReadHtmlCacheBehavior [ RunTime:0.000993s ]
INFO: [ app_begin ] --END-- [ RunTime:0.001059s ]
SQL: SHOW COLUMNS FROM `xyh_admin` [ RunTime:0.1218s ]
SQL: SELECT * FROM `xyh_admin` WHERE `id` = 1 LIMIT 1   [ RunTime:0.0718s ]

