[ 2019-12-18T09:32:02+08:00 ] 192.168.2.107 /xyhai.php?s=/Index/index
INFO: [ app_init ] --START--
INFO: Run Behavior\BuildLiteBehavior [ RunTime:0.000008s ]
INFO: [ app_init ] --END-- [ RunTime:0.000052s ]
INFO: [ app_begin ] --START--
INFO: Run Behavior\ReadHtmlCacheBehavior [ RunTime:0.001018s ]
INFO: [ app_begin ] --END-- [ RunTime:0.001120s ]

[ 2019-12-18T09:32:02+08:00 ] 192.168.2.107 /xyhai.php?s=/Login/index
INFO: [ app_init ] --START--
INFO: Run Behavior\BuildLiteBehavior [ RunTime:0.000005s ]
INFO: [ app_init ] --END-- [ RunTime:0.000025s ]
INFO: [ app_begin ] --START--
INFO: Run Behavior\ReadHtmlCacheBehavior [ RunTime:0.000284s ]
INFO: [ app_begin ] --END-- [ RunTime:0.000306s ]
INFO: [ view_parse ] --START--
INFO: [ template_filter ] --START--
INFO: Run Behavior\ContentReplaceBehavior [ RunTime:0.000081s ]
INFO: [ template_filter ] --END-- [ RunTime:0.000174s ]
INFO: Run Behavior\ParseTemplateBehavior [ RunTime:0.079493s ]
INFO: [ view_parse ] --END-- [ RunTime:0.079554s ]
INFO: [ view_filter ] --START--
INFO: Run Behavior\WriteHtmlCacheBehavior [ RunTime:0.000619s ]
INFO: [ view_filter ] --END-- [ RunTime:0.000686s ]
INFO: [ app_end ] --START--
INFO: Run Behavior\ShowPageTraceBehavior [ RunTime:0.001283s ]
INFO: [ app_end ] --END-- [ RunTime:0.001357s ]

[ 2019-12-18T09:32:02+08:00 ] 192.168.2.107 /xyhai.php?s=/Login/verify/id/a_login_1
INFO: [ app_init ] --START--
INFO: Run Behavior\BuildLiteBehavior [ RunTime:0.000005s ]
INFO: [ app_init ] --END-- [ RunTime:0.000025s ]
INFO: [ app_begin ] --START--
INFO: Run Behavior\ReadHtmlCacheBehavior [ RunTime:0.000281s ]
INFO: [ app_begin ] --END-- [ RunTime:0.000301s ]
INFO: [ app_end ] --START--
INFO: Run Behavior\ShowPageTraceBehavior [ RunTime:0.000432s ]
INFO: [ app_end ] --END-- [ RunTime:0.000467s ]

[ 2019-12-18T09:32:18+08:00 ] 192.168.2.107 /xyhai.php?s=/Login/login
INFO: [ app_init ] --START--
INFO: Run Behavior\BuildLiteBehavior [ RunTime:0.000005s ]
INFO: [ app_init ] --END-- [ RunTime:0.000030s ]
INFO: [ app_begin ] --START--
INFO: Run Behavior\ReadHtmlCacheBehavior [ RunTime:0.000318s ]
INFO: [ app_begin ] --END-- [ RunTime:0.000341s ]
SQL: SHOW COLUMNS FROM `xyh_bad_ip` [ RunTime:0.1126s ]
SQL: SELECT * FROM `xyh_bad_ip` WHERE `status` = 1 AND `ip` = '192.168.2.107' LIMIT 1   [ RunTime:0.0008s ]
SQL: SHOW COLUMNS FROM `xyh_admin` [ RunTime:0.0416s ]
SQL: SELECT * FROM `xyh_admin` WHERE `username` = 'xyhcms' LIMIT 1   [ RunTime:0.0009s ]
SQL: UPDATE `xyh_admin` SET `login_time`='2019-12-18 09:32:18',`login_ip`='192.168.2.107',`login_num`='4' WHERE `id` = 1 [ RunTime:0.0010s ]
SQL: SHOW COLUMNS FROM `xyh_admin_log` [ RunTime:0.0103s ]
SQL: INSERT INTO `xyh_admin_log` (`aid`,`username`,`url`,`title`,`content`,`useragent`,`login_flag`,`ip`,`operate_status`,`operate_time`) VALUES ('1','xyhcms','/xyhai.php?s=/Login/login','登录','登录成功','Mozilla/5.0 (Windows NT 10.0; WOW64) AppleWebKit/537.36 (KHTML, like Gecko) Chrome/77.0.3865.75 Safari/537.36','1','192.168.2.107','1','2019-12-18 09:32:18') [ RunTime:0.0223s ]
SQL: SHOW COLUMNS FROM `xyh_auth_group_access` [ RunTime:0.0096s ]
SQL: SELECT `group_id` FROM `xyh_auth_group_access` WHERE `uid` = 1  [ RunTime:0.0007s ]

[ 2019-12-18T09:32:18+08:00 ] 192.168.2.107 /xyhai.php?s=/Index/index
INFO: [ app_init ] --START--
INFO: Run Behavior\BuildLiteBehavior [ RunTime:0.000010s ]
INFO: [ app_init ] --END-- [ RunTime:0.000060s ]
INFO: [ app_begin ] --START--
INFO: Run Behavior\ReadHtmlCacheBehavior [ RunTime:0.000609s ]
INFO: [ app_begin ] --END-- [ RunTime:0.000657s ]
SQL: SHOW COLUMNS FROM `xyh_auth_rule` [ RunTime:0.0053s ]
SQL: SELECT * FROM `xyh_auth_rule` WHERE `status` = 1 AND `is_menu` = 1 ORDER BY sort,id  [ RunTime:0.0007s ]
SQL: SELECT * FROM `xyh_auth_rule` WHERE `status` = 1 AND `is_menu` = 1 AND `is_quick` = 1 ORDER BY sort,id  [ RunTime:0.0005s ]
INFO: [ view_parse ] --START--
INFO: [ template_filter ] --START--
INFO: Run Behavior\ContentReplaceBehavior [ RunTime:0.000052s ]
INFO: [ template_filter ] --END-- [ RunTime:0.000088s ]
INFO: Run Behavior\ParseTemplateBehavior [ RunTime:0.006904s ]
INFO: [ view_parse ] --END-- [ RunTime:0.006940s ]
INFO: [ view_filter ] --START--
INFO: Run Behavior\WriteHtmlCacheBehavior [ RunTime:0.000241s ]
INFO: [ view_filter ] --END-- [ RunTime:0.000266s ]
INFO: [ app_end ] --START--
INFO: Run Behavior\ShowPageTraceBehavior [ RunTime:0.000866s ]
INFO: [ app_end ] --END-- [ RunTime:0.001062s ]

[ 2019-12-18T09:32:18+08:00 ] 192.168.2.107 /xyhai.php?s=/Login/verify/id/a_login_1
INFO: [ app_init ] --START--
INFO: Run Behavior\BuildLiteBehavior [ RunTime:0.000007s ]
INFO: [ app_init ] --END-- [ RunTime:0.000041s ]
INFO: [ app_begin ] --START--
INFO: Run Behavior\ReadHtmlCacheBehavior [ RunTime:0.000600s ]
INFO: [ app_begin ] --END-- [ RunTime:0.000651s ]
INFO: [ app_end ] --START--
INFO: Run Behavior\ShowPageTraceBehavior [ RunTime:0.000400s ]
INFO: [ app_end ] --END-- [ RunTime:0.000444s ]

[ 2019-12-18T09:32:18+08:00 ] 192.168.2.107 /xyhai.php?s=/Public/main
INFO: [ app_init ] --START--
INFO: Run Behavior\BuildLiteBehavior [ RunTime:0.000009s ]
INFO: [ app_init ] --END-- [ RunTime:0.000047s ]
INFO: [ app_begin ] --START--
INFO: Run Behavior\ReadHtmlCacheBehavior [ RunTime:0.000349s ]
INFO: [ app_begin ] --END-- [ RunTime:0.000377s ]
SQL: SELECT VERSION() as ver; [ RunTime:0.0001s ]
INFO: [ view_parse ] --START--
INFO: [ template_filter ] --START--
INFO: Run Behavior\ContentReplaceBehavior [ RunTime:0.000077s ]
INFO: [ template_filter ] --END-- [ RunTime:0.000112s ]
INFO: Run Behavior\ParseTemplateBehavior [ RunTime:0.004387s ]
INFO: [ view_parse ] --END-- [ RunTime:0.004420s ]
INFO: [ view_filter ] --START--
INFO: Run Behavior\WriteHtmlCacheBehavior [ RunTime:0.000189s ]
INFO: [ view_filter ] --END-- [ RunTime:0.000212s ]
INFO: [ view_parse ] --START--
INFO: [ template_filter ] --START--
INFO: Run Behavior\ContentReplaceBehavior [ RunTime:0.000071s ]
INFO: [ template_filter ] --END-- [ RunTime:-0.003596s ]
INFO: Run Behavior\ParseTemplateBehavior [ RunTime:0.002555s ]
INFO: [ view_parse ] --END-- [ RunTime:-0.001603s ]
INFO: [ view_filter ] --START--
INFO: Run Behavior\WriteHtmlCacheBehavior [ RunTime:0.000009s ]
INFO: [ view_filter ] --END-- [ RunTime:-0.003985s ]
INFO: [ app_end ] --START--
INFO: Run Behavior\ShowPageTraceBehavior [ RunTime:0.000485s ]
INFO: [ app_end ] --END-- [ RunTime:0.000514s ]

[ 2019-12-18T09:32:18+08:00 ] 192.168.2.107 /xyhai.php?s=/Index/getParentCate&pid=0&rnd=27471
INFO: [ app_init ] --START--
INFO: Run Behavior\BuildLiteBehavior [ RunTime:0.000007s ]
INFO: [ app_init ] --END-- [ RunTime:0.000041s ]
INFO: [ app_begin ] --START--
INFO: Run Behavior\ReadHtmlCacheBehavior [ RunTime:0.000464s ]
INFO: [ app_begin ] --END-- [ RunTime:0.000498s ]
SQL: SHOW COLUMNS FROM `xyh_category` [ RunTime:0.0037s ]
SQL: SHOW COLUMNS FROM `xyh_model` [ RunTime:0.0588s ]
SQL: SELECT COUNT(*) AS tp_count FROM xyh_category category LEFT JOIN xyh_model model ON category.model_id = model.id WHERE category.pid = 0 AND category.type = 0 LIMIT 1   [ RunTime:0.0003s ]
SQL: SELECT category.id AS id,category.name AS name,category.ename AS ename,category.cat_pic AS cat_pic,category.pid AS pid,category.model_id AS model_id,category.type AS type,category.seo_title AS seo_title,category.keywords AS keywords,category.description AS description,category.template_category AS template_category,category.template_list AS template_list,category.template_show AS template_show,category.style AS style,category.status AS status,category.sort AS sort,model.name AS model_name,model.table_name AS table_name FROM xyh_category category LEFT JOIN xyh_model model ON category.model_id = model.id WHERE category.pid = 0 AND category.type = 0 ORDER BY category.sort ASC,category.id ASC  [ RunTime:0.0003s ]

[ 2019-12-18T09:32:18+08:00 ] 192.168.2.107 /xyhai.php?s=/Public/checkState
INFO: [ app_init ] --START--
INFO: Run Behavior\BuildLiteBehavior [ RunTime:0.000006s ]
INFO: [ app_init ] --END-- [ RunTime:0.000033s ]
INFO: [ app_begin ] --START--
INFO: Run Behavior\ReadHtmlCacheBehavior [ RunTime:0.000285s ]
INFO: [ app_begin ] --END-- [ RunTime:0.000306s ]
SQL: SHOW COLUMNS FROM `xyh_admin` [ RunTime:0.0025s ]
SQL: SELECT * FROM `xyh_admin` WHERE `id` = 1 LIMIT 1   [ RunTime:0.0003s ]

[ 2019-12-18T09:32:38+08:00 ] 192.168.2.107 /xyhai.php?s=/Category/index
INFO: [ app_init ] --START--
INFO: Run Behavior\BuildLiteBehavior [ RunTime:0.000008s ]
INFO: [ app_init ] --END-- [ RunTime:0.000045s ]
INFO: [ app_begin ] --START--
INFO: Run Behavior\ReadHtmlCacheBehavior [ RunTime:0.000312s ]
INFO: [ app_begin ] --END-- [ RunTime:0.000339s ]
SQL: SHOW COLUMNS FROM `xyh_category` [ RunTime:0.0029s ]
SQL: SHOW COLUMNS FROM `xyh_model` [ RunTime:0.0033s ]
SQL: SELECT category.id AS id,category.name AS name,category.ename AS ename,category.cat_pic AS cat_pic,category.pid AS pid,category.model_id AS model_id,category.type AS type,category.seo_title AS seo_title,category.keywords AS keywords,category.description AS description,category.template_category AS template_category,category.template_list AS template_list,category.template_show AS template_show,category.style AS style,category.status AS status,category.sort AS sort,model.name AS model_name,model.table_name AS table_name FROM xyh_category category LEFT JOIN xyh_model model ON category.model_id = model.id ORDER BY category.sort ASC,category.id ASC  [ RunTime:0.0005s ]
INFO: [ view_parse ] --START--
INFO: [ template_filter ] --START--
INFO: Run Behavior\ContentReplaceBehavior [ RunTime:0.000057s ]
INFO: [ template_filter ] --END-- [ RunTime:0.000082s ]
INFO: Run Behavior\ParseTemplateBehavior [ RunTime:0.029974s ]
INFO: [ view_parse ] --END-- [ RunTime:0.029993s ]
INFO: [ view_filter ] --START--
INFO: Run Behavior\WriteHtmlCacheBehavior [ RunTime:0.000134s ]
INFO: [ view_filter ] --END-- [ RunTime:0.000149s ]
INFO: [ app_end ] --START--
INFO: Run Behavior\ShowPageTraceBehavior [ RunTime:0.000311s ]
INFO: [ app_end ] --END-- [ RunTime:0.000331s ]

[ 2019-12-18T09:35:19+08:00 ] 192.168.2.107 /xyhai.php?s=/Public/checkState
INFO: [ app_init ] --START--
INFO: Run Behavior\BuildLiteBehavior [ RunTime:0.000012s ]
INFO: [ app_init ] --END-- [ RunTime:0.000062s ]
INFO: [ app_begin ] --START--
INFO: Run Behavior\ReadHtmlCacheBehavior [ RunTime:0.000490s ]
INFO: [ app_begin ] --END-- [ RunTime:0.000518s ]
SQL: SHOW COLUMNS FROM `xyh_admin` [ RunTime:0.0100s ]
SQL: SELECT * FROM `xyh_admin` WHERE `id` = 1 LIMIT 1   [ RunTime:0.0003s ]

[ 2019-12-18T09:38:20+08:00 ] 192.168.2.107 /xyhai.php?s=/Public/checkState
INFO: [ app_init ] --START--
INFO: Run Behavior\BuildLiteBehavior [ RunTime:0.000009s ]
INFO: [ app_init ] --END-- [ RunTime:0.000065s ]
INFO: [ app_begin ] --START--
INFO: Run Behavior\ReadHtmlCacheBehavior [ RunTime:0.000637s ]
INFO: [ app_begin ] --END-- [ RunTime:0.000678s ]
SQL: SHOW COLUMNS FROM `xyh_admin` [ RunTime:0.0031s ]
SQL: SELECT * FROM `xyh_admin` WHERE `id` = 1 LIMIT 1   [ RunTime:0.0003s ]

[ 2019-12-18T09:41:21+08:00 ] 192.168.2.107 /xyhai.php?s=/Public/checkState
INFO: [ app_init ] --START--
INFO: Run Behavior\BuildLiteBehavior [ RunTime:0.000009s ]
INFO: [ app_init ] --END-- [ RunTime:0.000056s ]
INFO: [ app_begin ] --START--
INFO: Run Behavior\ReadHtmlCacheBehavior [ RunTime:0.000632s ]
INFO: [ app_begin ] --END-- [ RunTime:0.000669s ]
SQL: SHOW COLUMNS FROM `xyh_admin` [ RunTime:0.0941s ]
SQL: SELECT * FROM `xyh_admin` WHERE `id` = 1 LIMIT 1   [ RunTime:0.0008s ]

[ 2019-12-18T09:44:09+08:00 ] 192.168.2.107 /xyhai.php?s=/Article/index/pid/1
INFO: [ app_init ] --START--
INFO: Run Behavior\BuildLiteBehavior [ RunTime:0.000006s ]
INFO: [ app_init ] --END-- [ RunTime:0.000032s ]
INFO: [ app_begin ] --START--
INFO: Run Behavior\ReadHtmlCacheBehavior [ RunTime:0.000351s ]
INFO: [ app_begin ] --END-- [ RunTime:0.000376s ]
SQL: SHOW COLUMNS FROM `xyh_article` [ RunTime:0.0541s ]
SQL: SHOW COLUMNS FROM `xyh_category` [ RunTime:0.0073s ]
SQL: SELECT COUNT(*) AS tp_count FROM xyh_article article LEFT JOIN xyh_category category ON article.cid = category.id WHERE article.delete_status = 0 AND article.cid IN (1,'2','3','4','5','6','7','8') LIMIT 1   [ RunTime:0.0009s ]
SQL: SELECT article.id AS id,article.title AS title,article.short_title AS short_title,article.color AS color,article.copyfrom AS copyfrom,article.author AS author,article.keywords AS keywords,article.litpic AS litpic,article.description AS description,article.publish_time AS publish_time,article.update_time AS update_time,article.click AS click,article.cid AS cid,article.point AS point,article.comment_flag AS comment_flag,article.flag AS flag,article.jump_url AS jump_url,article.delete_status AS delete_status,article.audit_status AS audit_status,article.user_id AS user_id,article.aid AS aid,category.name AS cate_name,category.ename AS ename,category.model_id AS model_id,category.status AS cate_status FROM xyh_article article LEFT JOIN xyh_category category ON article.cid = category.id WHERE article.delete_status = 0 AND article.cid IN (1,'2','3','4','5','6','7','8') ORDER BY article.point DESC,article.id DESC LIMIT 0,10   [ RunTime:0.0012s ]
INFO: [ view_parse ] --START--
INFO: [ template_filter ] --START--
INFO: Run Behavior\ContentReplaceBehavior [ RunTime:0.000275s ]
INFO: [ template_filter ] --END-- [ RunTime:0.000357s ]
INFO: Run Behavior\ParseTemplateBehavior [ RunTime:0.023228s ]
INFO: [ view_parse ] --END-- [ RunTime:0.023319s ]
INFO: [ view_filter ] --START--
INFO: Run Behavior\WriteHtmlCacheBehavior [ RunTime:0.000679s ]
INFO: [ view_filter ] --END-- [ RunTime:0.000749s ]
INFO: [ app_end ] --START--
INFO: Run Behavior\ShowPageTraceBehavior [ RunTime:0.001436s ]
INFO: [ app_end ] --END-- [ RunTime:0.001524s ]

[ 2019-12-18T09:44:21+08:00 ] 192.168.2.107 /xyhai.php?s=/Public/checkState
INFO: [ app_init ] --START--
INFO: Run Behavior\BuildLiteBehavior [ RunTime:0.000005s ]
INFO: [ app_init ] --END-- [ RunTime:0.000027s ]
INFO: [ app_begin ] --START--
INFO: Run Behavior\ReadHtmlCacheBehavior [ RunTime:0.000286s ]
INFO: [ app_begin ] --END-- [ RunTime:0.000307s ]
SQL: SHOW COLUMNS FROM `xyh_admin` [ RunTime:0.0116s ]
SQL: SELECT * FROM `xyh_admin` WHERE `id` = 1 LIMIT 1   [ RunTime:0.0003s ]

[ 2019-12-18T09:47:21+08:00 ] 192.168.2.107 /xyhai.php?s=/Public/checkState
INFO: [ app_init ] --START--
INFO: Run Behavior\BuildLiteBehavior [ RunTime:0.000014s ]
INFO: [ app_init ] --END-- [ RunTime:0.000092s ]
INFO: [ app_begin ] --START--
INFO: Run Behavior\ReadHtmlCacheBehavior [ RunTime:0.000840s ]
INFO: [ app_begin ] --END-- [ RunTime:0.000890s ]
SQL: SHOW COLUMNS FROM `xyh_admin` [ RunTime:0.0184s ]
SQL: SELECT * FROM `xyh_admin` WHERE `id` = 1 LIMIT 1   [ RunTime:0.0006s ]

[ 2019-12-18T09:50:22+08:00 ] 192.168.2.107 /xyhai.php?s=/Public/checkState
INFO: [ app_init ] --START--
INFO: Run Behavior\BuildLiteBehavior [ RunTime:0.000010s ]
INFO: [ app_init ] --END-- [ RunTime:0.000066s ]
INFO: [ app_begin ] --START--
INFO: Run Behavior\ReadHtmlCacheBehavior [ RunTime:0.000723s ]
INFO: [ app_begin ] --END-- [ RunTime:0.000773s ]
SQL: SHOW COLUMNS FROM `xyh_admin` [ RunTime:0.0447s ]
SQL: SELECT * FROM `xyh_admin` WHERE `id` = 1 LIMIT 1   [ RunTime:0.0008s ]

[ 2019-12-18T09:53:22+08:00 ] 192.168.2.107 /xyhai.php?s=/Public/checkState
INFO: [ app_init ] --START--
INFO: Run Behavior\BuildLiteBehavior [ RunTime:0.000004s ]
INFO: [ app_init ] --END-- [ RunTime:0.000027s ]
INFO: [ app_begin ] --START--
INFO: Run Behavior\ReadHtmlCacheBehavior [ RunTime:0.000301s ]
INFO: [ app_begin ] --END-- [ RunTime:0.000321s ]
SQL: SHOW COLUMNS FROM `xyh_admin` [ RunTime:0.0117s ]
SQL: SELECT * FROM `xyh_admin` WHERE `id` = 1 LIMIT 1   [ RunTime:0.0003s ]

[ 2019-12-18T09:56:22+08:00 ] 192.168.2.107 /xyhai.php?s=/Public/checkState
INFO: [ app_init ] --START--
INFO: Run Behavior\BuildLiteBehavior [ RunTime:0.000008s ]
INFO: [ app_init ] --END-- [ RunTime:0.000050s ]
INFO: [ app_begin ] --START--
INFO: Run Behavior\ReadHtmlCacheBehavior [ RunTime:0.000545s ]
INFO: [ app_begin ] --END-- [ RunTime:0.000577s ]
SQL: SHOW COLUMNS FROM `xyh_admin` [ RunTime:0.0065s ]
SQL: SELECT * FROM `xyh_admin` WHERE `id` = 1 LIMIT 1   [ RunTime:0.0004s ]

[ 2019-12-18T09:59:22+08:00 ] 192.168.2.107 /xyhai.php?s=/Public/checkState
INFO: [ app_init ] --START--
INFO: Run Behavior\BuildLiteBehavior [ RunTime:0.000011s ]
INFO: [ app_init ] --END-- [ RunTime:0.000064s ]
INFO: [ app_begin ] --START--
INFO: Run Behavior\ReadHtmlCacheBehavior [ RunTime:0.000740s ]
INFO: [ app_begin ] --END-- [ RunTime:0.000784s ]
SQL: SHOW COLUMNS FROM `xyh_admin` [ RunTime:0.0034s ]
SQL: SELECT * FROM `xyh_admin` WHERE `id` = 1 LIMIT 1   [ RunTime:0.0004s ]

[ 2019-12-18T10:02:22+08:00 ] 192.168.2.107 /xyhai.php?s=/Public/checkState
INFO: [ app_init ] --START--
INFO: Run Behavior\BuildLiteBehavior [ RunTime:0.000012s ]
INFO: [ app_init ] --END-- [ RunTime:0.000072s ]
INFO: [ app_begin ] --START--
INFO: Run Behavior\ReadHtmlCacheBehavior [ RunTime:0.000912s ]
INFO: [ app_begin ] --END-- [ RunTime:0.000974s ]
SQL: SHOW COLUMNS FROM `xyh_admin` [ RunTime:0.0067s ]
SQL: SELECT * FROM `xyh_admin` WHERE `id` = 1 LIMIT 1   [ RunTime:0.0005s ]

[ 2019-12-18T10:05:23+08:00 ] 192.168.2.107 /xyhai.php?s=/Public/checkState
INFO: [ app_init ] --START--
INFO: Run Behavior\BuildLiteBehavior [ RunTime:0.000013s ]
INFO: [ app_init ] --END-- [ RunTime:0.000082s ]
INFO: [ app_begin ] --START--
INFO: Run Behavior\ReadHtmlCacheBehavior [ RunTime:0.000901s ]
INFO: [ app_begin ] --END-- [ RunTime:0.000953s ]
SQL: SHOW COLUMNS FROM `xyh_admin` [ RunTime:0.0680s ]
SQL: SELECT * FROM `xyh_admin` WHERE `id` = 1 LIMIT 1   [ RunTime:0.0011s ]

[ 2019-12-18T10:08:23+08:00 ] 192.168.2.107 /xyhai.php?s=/Public/checkState
INFO: [ app_init ] --START--
INFO: Run Behavior\BuildLiteBehavior [ RunTime:0.000008s ]
INFO: [ app_init ] --END-- [ RunTime:0.000045s ]
INFO: [ app_begin ] --START--
INFO: Run Behavior\ReadHtmlCacheBehavior [ RunTime:0.000490s ]
INFO: [ app_begin ] --END-- [ RunTime:0.000518s ]
SQL: SHOW COLUMNS FROM `xyh_admin` [ RunTime:0.0207s ]
SQL: SELECT * FROM `xyh_admin` WHERE `id` = 1 LIMIT 1   [ RunTime:0.0004s ]

[ 2019-12-18T10:11:23+08:00 ] 192.168.2.107 /xyhai.php?s=/Public/checkState
INFO: [ app_init ] --START--
INFO: Run Behavior\BuildLiteBehavior [ RunTime:0.000004s ]
INFO: [ app_init ] --END-- [ RunTime:0.000027s ]
INFO: [ app_begin ] --START--
INFO: Run Behavior\ReadHtmlCacheBehavior [ RunTime:0.000318s ]
INFO: [ app_begin ] --END-- [ RunTime:0.000336s ]
SQL: SHOW COLUMNS FROM `xyh_admin` [ RunTime:0.1590s ]
SQL: SELECT * FROM `xyh_admin` WHERE `id` = 1 LIMIT 1   [ RunTime:0.0009s ]

[ 2019-12-18T10:14:23+08:00 ] 192.168.2.107 /xyhai.php?s=/Public/checkState
INFO: [ app_init ] --START--
INFO: Run Behavior\BuildLiteBehavior [ RunTime:0.000010s ]
INFO: [ app_init ] --END-- [ RunTime:0.000067s ]
INFO: [ app_begin ] --START--
INFO: Run Behavior\ReadHtmlCacheBehavior [ RunTime:0.000528s ]
INFO: [ app_begin ] --END-- [ RunTime:0.000564s ]
SQL: SHOW COLUMNS FROM `xyh_admin` [ RunTime:0.0161s ]
SQL: SELECT * FROM `xyh_admin` WHERE `id` = 1 LIMIT 1   [ RunTime:0.0003s ]

[ 2019-12-18T10:17:23+08:00 ] 192.168.2.107 /xyhai.php?s=/Public/checkState
INFO: [ app_init ] --START--
INFO: Run Behavior\BuildLiteBehavior [ RunTime:0.000007s ]
INFO: [ app_init ] --END-- [ RunTime:0.000044s ]
INFO: [ app_begin ] --START--
INFO: Run Behavior\ReadHtmlCacheBehavior [ RunTime:0.000481s ]
INFO: [ app_begin ] --END-- [ RunTime:0.000508s ]
SQL: SHOW COLUMNS FROM `xyh_admin` [ RunTime:0.0046s ]
SQL: SELECT * FROM `xyh_admin` WHERE `id` = 1 LIMIT 1   [ RunTime:0.0004s ]

[ 2019-12-18T10:20:23+08:00 ] 192.168.2.107 /xyhai.php?s=/Public/checkState
INFO: [ app_init ] --START--
INFO: Run Behavior\BuildLiteBehavior [ RunTime:0.000008s ]
INFO: [ app_init ] --END-- [ RunTime:0.000048s ]
INFO: [ app_begin ] --START--
INFO: Run Behavior\ReadHtmlCacheBehavior [ RunTime:0.000510s ]
INFO: [ app_begin ] --END-- [ RunTime:0.000541s ]
SQL: SHOW COLUMNS FROM `xyh_admin` [ RunTime:0.0145s ]
SQL: SELECT * FROM `xyh_admin` WHERE `id` = 1 LIMIT 1   [ RunTime:0.0004s ]

[ 2019-12-18T10:23:23+08:00 ] 192.168.2.107 /xyhai.php?s=/Public/checkState
INFO: [ app_init ] --START--
INFO: Run Behavior\BuildLiteBehavior [ RunTime:0.000007s ]
INFO: [ app_init ] --END-- [ RunTime:0.000043s ]
INFO: [ app_begin ] --START--
INFO: Run Behavior\ReadHtmlCacheBehavior [ RunTime:0.000511s ]
INFO: [ app_begin ] --END-- [ RunTime:0.000545s ]
SQL: SHOW COLUMNS FROM `xyh_admin` [ RunTime:0.0173s ]
SQL: SELECT * FROM `xyh_admin` WHERE `id` = 1 LIMIT 1   [ RunTime:0.0003s ]

