[ 2019-12-23T09:25:22+08:00 ] 192.168.2.119 /
INFO: [ app_init ] --START--
INFO: Run Behavior\BuildLiteBehavior [ RunTime:0.000016s ]
INFO: [ app_init ] --END-- [ RunTime:0.000696s ]
INFO: [ app_begin ] --START--
INFO: Run Behavior\ReadHtmlCacheBehavior [ RunTime:0.000412s ]
INFO: [ app_begin ] --END-- [ RunTime:0.000445s ]
INFO: [ view_parse ] --START--
INFO: [ template_filter ] --START--
INFO: Run Behavior\ContentReplaceBehavior [ RunTime:0.000244s ]
INFO: [ template_filter ] --END-- [ RunTime:0.000278s ]
SQL: SHOW COLUMNS FROM `xyh_abc` [ RunTime:0.0475s ]
SQL: SELECT * FROM `xyh_abc` WHERE `id` = 1 LIMIT 1   [ RunTime:0.0479s ]
SQL: SHOW COLUMNS FROM `xyh_abc_detail` [ RunTime:0.0489s ]
SQL: SELECT * FROM `xyh_abc_detail` WHERE `aid` = 1 AND `status` = 1 AND `start_time` < '2019-12-23 09:25:21' AND `end_time` > '2019-12-23 09:25:21' ORDER BY sort LIMIT 2   [ RunTime:0.0433s ]
SQL: SHOW COLUMNS FROM `xyh_model` [ RunTime:0.0511s ]
SQL: SELECT model.id,model.name FROM xyh_model model WHERE ( id != 2 ) ORDER BY id LIMIT 30   [ RunTime:0.0474s ]
SQL: SHOW COLUMNS FROM `xyh_announce` [ RunTime:0.0425s ]
SQL: SELECT * FROM `xyh_announce` WHERE `end_time` > '2019-12-23 09:25:21' ORDER BY start_time DESC LIMIT 1   [ RunTime:0.0517s ]
SQL: SHOW COLUMNS FROM `xyh_article` [ RunTime:0.0498s ]
SQL: SHOW COLUMNS FROM `xyh_category` [ RunTime:0.0487s ]
SQL: SELECT article.id AS id,article.title AS title,article.short_title AS short_title,article.color AS color,article.copyfrom AS copyfrom,article.author AS author,article.keywords AS keywords,article.litpic AS litpic,article.description AS description,article.publish_time AS publish_time,article.update_time AS update_time,article.click AS click,article.cid AS cid,article.point AS point,article.comment_flag AS comment_flag,article.flag AS flag,article.jump_url AS jump_url,article.delete_status AS delete_status,article.audit_status AS audit_status,article.user_id AS user_id,article.aid AS aid,category.name AS cate_name,category.ename AS ename,category.model_id AS model_id,category.status AS cate_status FROM xyh_article article LEFT JOIN xyh_category category ON article.cid = category.id WHERE article.delete_status = 0 AND article.cid IN (1,'2','3','4','5','6','7','27','28','8') AND article.audit_status = 1 AND category.status < 2 ORDER BY article.point DESC,article.id DESC LIMIT 10   [ RunTime:0.0461s ]
SQL: SELECT article.id AS id,article.title AS title,article.short_title AS short_title,article.color AS color,article.copyfrom AS copyfrom,article.author AS author,article.keywords AS keywords,article.litpic AS litpic,article.description AS description,article.publish_time AS publish_time,article.update_time AS update_time,article.click AS click,article.cid AS cid,article.point AS point,article.comment_flag AS comment_flag,article.flag AS flag,article.jump_url AS jump_url,article.delete_status AS delete_status,article.audit_status AS audit_status,article.user_id AS user_id,article.aid AS aid,category.name AS cate_name,category.ename AS ename,category.model_id AS model_id,category.status AS cate_status FROM xyh_article article LEFT JOIN xyh_category category ON article.cid = category.id WHERE article.delete_status = 0 AND article.cid IN (9,'14','15','16') AND article.audit_status = 1 AND category.status < 2 ORDER BY article.point DESC,article.id DESC LIMIT 10   [ RunTime:0.0469s ]
SQL: SELECT article.id AS id,article.title AS title,article.short_title AS short_title,article.color AS color,article.copyfrom AS copyfrom,article.author AS author,article.keywords AS keywords,article.litpic AS litpic,article.description AS description,article.publish_time AS publish_time,article.update_time AS update_time,article.click AS click,article.cid AS cid,article.point AS point,article.comment_flag AS comment_flag,article.flag AS flag,article.jump_url AS jump_url,article.delete_status AS delete_status,article.audit_status AS audit_status,article.user_id AS user_id,article.aid AS aid,category.name AS cate_name,category.ename AS ename,category.model_id AS model_id,category.status AS cate_status FROM xyh_article article LEFT JOIN xyh_category category ON article.cid = category.id WHERE article.delete_status = 0 AND article.cid IN (10,'17','22','23','24','25','26','18') AND article.audit_status = 1 AND category.status < 2 ORDER BY article.point DESC,article.id DESC LIMIT 10   [ RunTime:0.0450s ]
SQL: SELECT article.id AS id,article.title AS title,article.short_title AS short_title,article.color AS color,article.copyfrom AS copyfrom,article.author AS author,article.keywords AS keywords,article.litpic AS litpic,article.description AS description,article.publish_time AS publish_time,article.update_time AS update_time,article.click AS click,article.cid AS cid,article.point AS point,article.comment_flag AS comment_flag,article.flag AS flag,article.jump_url AS jump_url,article.delete_status AS delete_status,article.audit_status AS audit_status,article.user_id AS user_id,article.aid AS aid,category.name AS cate_name,category.ename AS ename,category.model_id AS model_id,category.status AS cate_status FROM xyh_article article LEFT JOIN xyh_category category ON article.cid = category.id WHERE article.delete_status = 0 AND article.cid IN (11) AND article.audit_status = 1 AND category.status < 2 ORDER BY article.point DESC,article.id DESC LIMIT 10   [ RunTime:0.0523s ]
SQL: SELECT article.id AS id,article.title AS title,article.short_title AS short_title,article.color AS color,article.copyfrom AS copyfrom,article.author AS author,article.keywords AS keywords,article.litpic AS litpic,article.description AS description,article.publish_time AS publish_time,article.update_time AS update_time,article.click AS click,article.cid AS cid,article.point AS point,article.comment_flag AS comment_flag,article.flag AS flag,article.jump_url AS jump_url,article.delete_status AS delete_status,article.audit_status AS audit_status,article.user_id AS user_id,article.aid AS aid,category.name AS cate_name,category.ename AS ename,category.model_id AS model_id,category.status AS cate_status FROM xyh_article article LEFT JOIN xyh_category category ON article.cid = category.id WHERE article.delete_status = 0 AND article.cid IN (12,'29','19') AND article.audit_status = 1 AND category.status < 2 ORDER BY article.point DESC,article.id DESC LIMIT 10   [ RunTime:0.0524s ]
SQL: SELECT article.id AS id,article.title AS title,article.short_title AS short_title,article.color AS color,article.copyfrom AS copyfrom,article.author AS author,article.keywords AS keywords,article.litpic AS litpic,article.description AS description,article.publish_time AS publish_time,article.update_time AS update_time,article.click AS click,article.cid AS cid,article.point AS point,article.comment_flag AS comment_flag,article.flag AS flag,article.jump_url AS jump_url,article.delete_status AS delete_status,article.audit_status AS audit_status,article.user_id AS user_id,article.aid AS aid,category.name AS cate_name,category.ename AS ename,category.model_id AS model_id,category.status AS cate_status FROM xyh_article article LEFT JOIN xyh_category category ON article.cid = category.id WHERE article.delete_status = 0 AND article.cid IN (13) AND article.audit_status = 1 AND category.status < 2 ORDER BY article.point DESC,article.id DESC LIMIT 10   [ RunTime:0.0511s ]
SQL: SELECT article.id AS id,article.title AS title,article.short_title AS short_title,article.color AS color,article.copyfrom AS copyfrom,article.author AS author,article.keywords AS keywords,article.litpic AS litpic,article.description AS description,article.publish_time AS publish_time,article.update_time AS update_time,article.click AS click,article.cid AS cid,article.point AS point,article.comment_flag AS comment_flag,article.flag AS flag,article.jump_url AS jump_url,article.delete_status AS delete_status,article.audit_status AS audit_status,article.user_id AS user_id,article.aid AS aid,category.name AS cate_name,category.ename AS ename,category.model_id AS model_id,category.status AS cate_status FROM xyh_article article LEFT JOIN xyh_category category ON article.cid = category.id WHERE article.delete_status = 0 AND article.cid IN (20,'30','31','32','33','34') AND article.audit_status = 1 AND category.status < 2 ORDER BY article.point DESC,article.id DESC LIMIT 10   [ RunTime:0.0503s ]
SQL: SELECT article.id AS id,article.title AS title,article.short_title AS short_title,article.color AS color,article.copyfrom AS copyfrom,article.author AS author,article.keywords AS keywords,article.litpic AS litpic,article.description AS description,article.publish_time AS publish_time,article.update_time AS update_time,article.click AS click,article.cid AS cid,article.point AS point,article.comment_flag AS comment_flag,article.flag AS flag,article.jump_url AS jump_url,article.delete_status AS delete_status,article.audit_status AS audit_status,article.user_id AS user_id,article.aid AS aid,category.name AS cate_name,category.ename AS ename,category.model_id AS model_id,category.status AS cate_status FROM xyh_article article LEFT JOIN xyh_category category ON article.cid = category.id WHERE article.delete_status = 0 AND article.cid IN (21,'35','36','39','40','41','42','37','43','44','45','46','38','47','48','49','50') AND article.audit_status = 1 AND category.status < 2 ORDER BY article.point DESC,article.id DESC LIMIT 10   [ RunTime:0.0476s ]
SQL: SHOW COLUMNS FROM `xyh_tag` [ RunTime:0.0522s ]
SQL: SELECT DISTINCT  t.tag_name,t.id,t.num,t.hit FROM xyh_tag t INNER JOIN xyh_tag_index ti ON ti.tag_id = t.id  ORDER BY sort ASC,id DESC LIMIT 10   [ RunTime:0.0500s ]
SQL: SHOW COLUMNS FROM `xyh_product` [ RunTime:0.0430s ]
SQL: SELECT product.id AS id,product.title AS title,product.color AS color,product.keywords AS keywords,product.litpic AS litpic,product.description AS description,product.publish_time AS publish_time,product.update_time AS update_time,product.price AS price,product.market_price AS market_price,product.brand AS brand,product.units AS units,product.specification AS specification,product.click AS click,product.cid AS cid,product.point AS point,product.comment_flag AS comment_flag,product.flag AS flag,product.jump_url AS jump_url,product.delete_status AS delete_status,product.audit_status AS audit_status,product.user_id AS user_id,product.aid AS aid,category.name AS cate_name,category.ename AS ename,category.model_id AS model_id,category.status AS cate_status FROM xyh_product product LEFT JOIN xyh_category category ON product.cid = category.id WHERE product.delete_status = 0 AND product.audit_status = 1 AND category.status < 2 ORDER BY product.point DESC,product.id DESC LIMIT 10   [ RunTime:0.0520s ]
SQL: SHOW COLUMNS FROM `xyh_link` [ RunTime:0.0538s ]
SQL: SELECT * FROM `xyh_link` WHERE `id` > 0 ORDER BY sort ASC LIMIT 20   [ RunTime:0.0464s ]
INFO: Run Behavior\ParseTemplateBehavior [ RunTime:1.388715s ]
INFO: [ view_parse ] --END-- [ RunTime:1.388777s ]
INFO: [ view_filter ] --START--
INFO: Run Behavior\WriteHtmlCacheBehavior [ RunTime:0.000827s ]
INFO: [ view_filter ] --END-- [ RunTime:0.000892s ]
INFO: [ app_end ] --START--
INFO: Run Behavior\ShowPageTraceBehavior [ RunTime:0.001506s ]
INFO: [ app_end ] --END-- [ RunTime:0.001626s ]

[ 2019-12-23T09:26:43+08:00 ] 192.168.2.119 /
INFO: [ app_init ] --START--
INFO: Run Behavior\BuildLiteBehavior [ RunTime:0.000010s ]
INFO: [ app_init ] --END-- [ RunTime:0.000320s ]
INFO: [ app_begin ] --START--
INFO: Run Behavior\ReadHtmlCacheBehavior [ RunTime:0.000394s ]
INFO: [ app_begin ] --END-- [ RunTime:0.000429s ]
INFO: [ view_parse ] --START--
INFO: [ template_filter ] --START--
INFO: Run Behavior\ContentReplaceBehavior [ RunTime:0.000185s ]
INFO: [ template_filter ] --END-- [ RunTime:0.000237s ]
SQL: SHOW COLUMNS FROM `xyh_abc` [ RunTime:0.0449s ]
SQL: SELECT * FROM `xyh_abc` WHERE `id` = 1 LIMIT 1   [ RunTime:0.0461s ]
SQL: SHOW COLUMNS FROM `xyh_abc_detail` [ RunTime:0.0470s ]
SQL: SELECT * FROM `xyh_abc_detail` WHERE `aid` = 1 AND `status` = 1 AND `start_time` < '2019-12-23 09:26:42' AND `end_time` > '2019-12-23 09:26:42' ORDER BY sort LIMIT 2   [ RunTime:0.0514s ]
SQL: SHOW COLUMNS FROM `xyh_model` [ RunTime:0.0483s ]
SQL: SELECT model.id,model.name FROM xyh_model model WHERE ( id != 2 ) ORDER BY id LIMIT 30   [ RunTime:0.0448s ]
SQL: SHOW COLUMNS FROM `xyh_announce` [ RunTime:0.0511s ]
SQL: SELECT * FROM `xyh_announce` WHERE `end_time` > '2019-12-23 09:26:42' ORDER BY start_time DESC LIMIT 1   [ RunTime:0.0489s ]
SQL: SHOW COLUMNS FROM `xyh_article` [ RunTime:0.0457s ]
SQL: SHOW COLUMNS FROM `xyh_category` [ RunTime:0.0433s ]
SQL: SELECT article.id AS id,article.title AS title,article.short_title AS short_title,article.color AS color,article.copyfrom AS copyfrom,article.author AS author,article.keywords AS keywords,article.litpic AS litpic,article.description AS description,article.publish_time AS publish_time,article.update_time AS update_time,article.click AS click,article.cid AS cid,article.point AS point,article.comment_flag AS comment_flag,article.flag AS flag,article.jump_url AS jump_url,article.delete_status AS delete_status,article.audit_status AS audit_status,article.user_id AS user_id,article.aid AS aid,category.name AS cate_name,category.ename AS ename,category.model_id AS model_id,category.status AS cate_status FROM xyh_article article LEFT JOIN xyh_category category ON article.cid = category.id WHERE article.delete_status = 0 AND article.cid IN (1,'2','3','4','5','6','7','27','28','8') AND article.audit_status = 1 AND category.status < 2 ORDER BY article.point DESC,article.id DESC LIMIT 10   [ RunTime:0.0496s ]
SQL: SELECT article.id AS id,article.title AS title,article.short_title AS short_title,article.color AS color,article.copyfrom AS copyfrom,article.author AS author,article.keywords AS keywords,article.litpic AS litpic,article.description AS description,article.publish_time AS publish_time,article.update_time AS update_time,article.click AS click,article.cid AS cid,article.point AS point,article.comment_flag AS comment_flag,article.flag AS flag,article.jump_url AS jump_url,article.delete_status AS delete_status,article.audit_status AS audit_status,article.user_id AS user_id,article.aid AS aid,category.name AS cate_name,category.ename AS ename,category.model_id AS model_id,category.status AS cate_status FROM xyh_article article LEFT JOIN xyh_category category ON article.cid = category.id WHERE article.delete_status = 0 AND article.cid IN (9,'14','15','16') AND article.audit_status = 1 AND category.status < 2 ORDER BY article.point DESC,article.id DESC LIMIT 10   [ RunTime:0.0526s ]
SQL: SELECT article.id AS id,article.title AS title,article.short_title AS short_title,article.color AS color,article.copyfrom AS copyfrom,article.author AS author,article.keywords AS keywords,article.litpic AS litpic,article.description AS description,article.publish_time AS publish_time,article.update_time AS update_time,article.click AS click,article.cid AS cid,article.point AS point,article.comment_flag AS comment_flag,article.flag AS flag,article.jump_url AS jump_url,article.delete_status AS delete_status,article.audit_status AS audit_status,article.user_id AS user_id,article.aid AS aid,category.name AS cate_name,category.ename AS ename,category.model_id AS model_id,category.status AS cate_status FROM xyh_article article LEFT JOIN xyh_category category ON article.cid = category.id WHERE article.delete_status = 0 AND article.cid IN (10,'17','22','23','24','25','26','18') AND article.audit_status = 1 AND category.status < 2 ORDER BY article.point DESC,article.id DESC LIMIT 10   [ RunTime:0.0517s ]
SQL: SELECT article.id AS id,article.title AS title,article.short_title AS short_title,article.color AS color,article.copyfrom AS copyfrom,article.author AS author,article.keywords AS keywords,article.litpic AS litpic,article.description AS description,article.publish_time AS publish_time,article.update_time AS update_time,article.click AS click,article.cid AS cid,article.point AS point,article.comment_flag AS comment_flag,article.flag AS flag,article.jump_url AS jump_url,article.delete_status AS delete_status,article.audit_status AS audit_status,article.user_id AS user_id,article.aid AS aid,category.name AS cate_name,category.ename AS ename,category.model_id AS model_id,category.status AS cate_status FROM xyh_article article LEFT JOIN xyh_category category ON article.cid = category.id WHERE article.delete_status = 0 AND article.cid IN (11) AND article.audit_status = 1 AND category.status < 2 ORDER BY article.point DESC,article.id DESC LIMIT 10   [ RunTime:0.0505s ]
SQL: SELECT article.id AS id,article.title AS title,article.short_title AS short_title,article.color AS color,article.copyfrom AS copyfrom,article.author AS author,article.keywords AS keywords,article.litpic AS litpic,article.description AS description,article.publish_time AS publish_time,article.update_time AS update_time,article.click AS click,article.cid AS cid,article.point AS point,article.comment_flag AS comment_flag,article.flag AS flag,article.jump_url AS jump_url,article.delete_status AS delete_status,article.audit_status AS audit_status,article.user_id AS user_id,article.aid AS aid,category.name AS cate_name,category.ename AS ename,category.model_id AS model_id,category.status AS cate_status FROM xyh_article article LEFT JOIN xyh_category category ON article.cid = category.id WHERE article.delete_status = 0 AND article.cid IN (12,'29','19') AND article.audit_status = 1 AND category.status < 2 ORDER BY article.point DESC,article.id DESC LIMIT 10   [ RunTime:0.0526s ]
SQL: SELECT article.id AS id,article.title AS title,article.short_title AS short_title,article.color AS color,article.copyfrom AS copyfrom,article.author AS author,article.keywords AS keywords,article.litpic AS litpic,article.description AS description,article.publish_time AS publish_time,article.update_time AS update_time,article.click AS click,article.cid AS cid,article.point AS point,article.comment_flag AS comment_flag,article.flag AS flag,article.jump_url AS jump_url,article.delete_status AS delete_status,article.audit_status AS audit_status,article.user_id AS user_id,article.aid AS aid,category.name AS cate_name,category.ename AS ename,category.model_id AS model_id,category.status AS cate_status FROM xyh_article article LEFT JOIN xyh_category category ON article.cid = category.id WHERE article.delete_status = 0 AND article.cid IN (13) AND article.audit_status = 1 AND category.status < 2 ORDER BY article.point DESC,article.id DESC LIMIT 10   [ RunTime:0.0476s ]
SQL: SELECT article.id AS id,article.title AS title,article.short_title AS short_title,article.color AS color,article.copyfrom AS copyfrom,article.author AS author,article.keywords AS keywords,article.litpic AS litpic,article.description AS description,article.publish_time AS publish_time,article.update_time AS update_time,article.click AS click,article.cid AS cid,article.point AS point,article.comment_flag AS comment_flag,article.flag AS flag,article.jump_url AS jump_url,article.delete_status AS delete_status,article.audit_status AS audit_status,article.user_id AS user_id,article.aid AS aid,category.name AS cate_name,category.ename AS ename,category.model_id AS model_id,category.status AS cate_status FROM xyh_article article LEFT JOIN xyh_category category ON article.cid = category.id WHERE article.delete_status = 0 AND article.cid IN (20,'30','31','32','33','34') AND article.audit_status = 1 AND category.status < 2 ORDER BY article.point DESC,article.id DESC LIMIT 10   [ RunTime:0.0517s ]
SQL: SELECT article.id AS id,article.title AS title,article.short_title AS short_title,article.color AS color,article.copyfrom AS copyfrom,article.author AS author,article.keywords AS keywords,article.litpic AS litpic,article.description AS description,article.publish_time AS publish_time,article.update_time AS update_time,article.click AS click,article.cid AS cid,article.point AS point,article.comment_flag AS comment_flag,article.flag AS flag,article.jump_url AS jump_url,article.delete_status AS delete_status,article.audit_status AS audit_status,article.user_id AS user_id,article.aid AS aid,category.name AS cate_name,category.ename AS ename,category.model_id AS model_id,category.status AS cate_status FROM xyh_article article LEFT JOIN xyh_category category ON article.cid = category.id WHERE article.delete_status = 0 AND article.cid IN (21,'35','36','39','40','41','42','37','43','44','45','46','38','47','48','49','50') AND article.audit_status = 1 AND category.status < 2 ORDER BY article.point DESC,article.id DESC LIMIT 10   [ RunTime:0.0492s ]
SQL: SHOW COLUMNS FROM `xyh_tag` [ RunTime:0.0515s ]
SQL: SELECT DISTINCT  t.tag_name,t.id,t.num,t.hit FROM xyh_tag t INNER JOIN xyh_tag_index ti ON ti.tag_id = t.id  ORDER BY sort ASC,id DESC LIMIT 10   [ RunTime:0.0528s ]
SQL: SHOW COLUMNS FROM `xyh_product` [ RunTime:0.0530s ]
SQL: SELECT product.id AS id,product.title AS title,product.color AS color,product.keywords AS keywords,product.litpic AS litpic,product.description AS description,product.publish_time AS publish_time,product.update_time AS update_time,product.price AS price,product.market_price AS market_price,product.brand AS brand,product.units AS units,product.specification AS specification,product.click AS click,product.cid AS cid,product.point AS point,product.comment_flag AS comment_flag,product.flag AS flag,product.jump_url AS jump_url,product.delete_status AS delete_status,product.audit_status AS audit_status,product.user_id AS user_id,product.aid AS aid,category.name AS cate_name,category.ename AS ename,category.model_id AS model_id,category.status AS cate_status FROM xyh_product product LEFT JOIN xyh_category category ON product.cid = category.id WHERE product.delete_status = 0 AND product.audit_status = 1 AND category.status < 2 ORDER BY product.point DESC,product.id DESC LIMIT 10   [ RunTime:0.0482s ]
SQL: SHOW COLUMNS FROM `xyh_link` [ RunTime:0.0503s ]
SQL: SELECT * FROM `xyh_link` WHERE `id` > 0 ORDER BY sort ASC LIMIT 20   [ RunTime:0.0462s ]
INFO: Run Behavior\ParseTemplateBehavior [ RunTime:1.397884s ]
INFO: [ view_parse ] --END-- [ RunTime:1.397963s ]
INFO: [ view_filter ] --START--
INFO: Run Behavior\WriteHtmlCacheBehavior [ RunTime:0.000976s ]
INFO: [ view_filter ] --END-- [ RunTime:0.001103s ]
INFO: [ app_end ] --START--
INFO: Run Behavior\ShowPageTraceBehavior [ RunTime:0.001998s ]
INFO: [ app_end ] --END-- [ RunTime:0.002124s ]

[ 2019-12-23T09:26:51+08:00 ] 192.168.2.119 /
INFO: [ app_init ] --START--
INFO: Run Behavior\BuildLiteBehavior [ RunTime:0.000012s ]
INFO: [ app_init ] --END-- [ RunTime:0.000521s ]
INFO: [ app_begin ] --START--
INFO: Run Behavior\ReadHtmlCacheBehavior [ RunTime:0.000564s ]
INFO: [ app_begin ] --END-- [ RunTime:0.000606s ]
INFO: [ view_parse ] --START--
INFO: [ template_filter ] --START--
INFO: Run Behavior\ContentReplaceBehavior [ RunTime:0.000194s ]
INFO: [ template_filter ] --END-- [ RunTime:0.000221s ]
SQL: SHOW COLUMNS FROM `xyh_abc` [ RunTime:0.0508s ]
SQL: SELECT * FROM `xyh_abc` WHERE `id` = 1 LIMIT 1   [ RunTime:0.0453s ]
SQL: SHOW COLUMNS FROM `xyh_abc_detail` [ RunTime:0.0515s ]
SQL: SELECT * FROM `xyh_abc_detail` WHERE `aid` = 1 AND `status` = 1 AND `start_time` < '2019-12-23 09:26:50' AND `end_time` > '2019-12-23 09:26:50' ORDER BY sort LIMIT 2   [ RunTime:0.0513s ]
SQL: SHOW COLUMNS FROM `xyh_model` [ RunTime:0.0542s ]
SQL: SELECT model.id,model.name FROM xyh_model model WHERE ( id != 2 ) ORDER BY id LIMIT 30   [ RunTime:0.0429s ]
SQL: SHOW COLUMNS FROM `xyh_announce` [ RunTime:0.0477s ]
SQL: SELECT * FROM `xyh_announce` WHERE `end_time` > '2019-12-23 09:26:50' ORDER BY start_time DESC LIMIT 1   [ RunTime:0.0478s ]
SQL: SHOW COLUMNS FROM `xyh_article` [ RunTime:0.0492s ]
SQL: SHOW COLUMNS FROM `xyh_category` [ RunTime:0.0466s ]
SQL: SELECT article.id AS id,article.title AS title,article.short_title AS short_title,article.color AS color,article.copyfrom AS copyfrom,article.author AS author,article.keywords AS keywords,article.litpic AS litpic,article.description AS description,article.publish_time AS publish_time,article.update_time AS update_time,article.click AS click,article.cid AS cid,article.point AS point,article.comment_flag AS comment_flag,article.flag AS flag,article.jump_url AS jump_url,article.delete_status AS delete_status,article.audit_status AS audit_status,article.user_id AS user_id,article.aid AS aid,category.name AS cate_name,category.ename AS ename,category.model_id AS model_id,category.status AS cate_status FROM xyh_article article LEFT JOIN xyh_category category ON article.cid = category.id WHERE article.delete_status = 0 AND article.cid IN (1,'2','3','4','5','6','7','27','28','8') AND article.audit_status = 1 AND category.status < 2 ORDER BY article.point DESC,article.id DESC LIMIT 10   [ RunTime:0.0537s ]
SQL: SELECT article.id AS id,article.title AS title,article.short_title AS short_title,article.color AS color,article.copyfrom AS copyfrom,article.author AS author,article.keywords AS keywords,article.litpic AS litpic,article.description AS description,article.publish_time AS publish_time,article.update_time AS update_time,article.click AS click,article.cid AS cid,article.point AS point,article.comment_flag AS comment_flag,article.flag AS flag,article.jump_url AS jump_url,article.delete_status AS delete_status,article.audit_status AS audit_status,article.user_id AS user_id,article.aid AS aid,category.name AS cate_name,category.ename AS ename,category.model_id AS model_id,category.status AS cate_status FROM xyh_article article LEFT JOIN xyh_category category ON article.cid = category.id WHERE article.delete_status = 0 AND article.cid IN (9,'14','15','16') AND article.audit_status = 1 AND category.status < 2 ORDER BY article.point DESC,article.id DESC LIMIT 10   [ RunTime:0.0483s ]
SQL: SELECT article.id AS id,article.title AS title,article.short_title AS short_title,article.color AS color,article.copyfrom AS copyfrom,article.author AS author,article.keywords AS keywords,article.litpic AS litpic,article.description AS description,article.publish_time AS publish_time,article.update_time AS update_time,article.click AS click,article.cid AS cid,article.point AS point,article.comment_flag AS comment_flag,article.flag AS flag,article.jump_url AS jump_url,article.delete_status AS delete_status,article.audit_status AS audit_status,article.user_id AS user_id,article.aid AS aid,category.name AS cate_name,category.ename AS ename,category.model_id AS model_id,category.status AS cate_status FROM xyh_article article LEFT JOIN xyh_category category ON article.cid = category.id WHERE article.delete_status = 0 AND article.cid IN (10,'17','22','23','24','25','26','18') AND article.audit_status = 1 AND category.status < 2 ORDER BY article.point DESC,article.id DESC LIMIT 10   [ RunTime:0.0438s ]
SQL: SELECT article.id AS id,article.title AS title,article.short_title AS short_title,article.color AS color,article.copyfrom AS copyfrom,article.author AS author,article.keywords AS keywords,article.litpic AS litpic,article.description AS description,article.publish_time AS publish_time,article.update_time AS update_time,article.click AS click,article.cid AS cid,article.point AS point,article.comment_flag AS comment_flag,article.flag AS flag,article.jump_url AS jump_url,article.delete_status AS delete_status,article.audit_status AS audit_status,article.user_id AS user_id,article.aid AS aid,category.name AS cate_name,category.ename AS ename,category.model_id AS model_id,category.status AS cate_status FROM xyh_article article LEFT JOIN xyh_category category ON article.cid = category.id WHERE article.delete_status = 0 AND article.cid IN (11) AND article.audit_status = 1 AND category.status < 2 ORDER BY article.point DESC,article.id DESC LIMIT 10   [ RunTime:0.0461s ]
SQL: SELECT article.id AS id,article.title AS title,article.short_title AS short_title,article.color AS color,article.copyfrom AS copyfrom,article.author AS author,article.keywords AS keywords,article.litpic AS litpic,article.description AS description,article.publish_time AS publish_time,article.update_time AS update_time,article.click AS click,article.cid AS cid,article.point AS point,article.comment_flag AS comment_flag,article.flag AS flag,article.jump_url AS jump_url,article.delete_status AS delete_status,article.audit_status AS audit_status,article.user_id AS user_id,article.aid AS aid,category.name AS cate_name,category.ename AS ename,category.model_id AS model_id,category.status AS cate_status FROM xyh_article article LEFT JOIN xyh_category category ON article.cid = category.id WHERE article.delete_status = 0 AND article.cid IN (12,'29','19') AND article.audit_status = 1 AND category.status < 2 ORDER BY article.point DESC,article.id DESC LIMIT 10   [ RunTime:0.0466s ]
SQL: SELECT article.id AS id,article.title AS title,article.short_title AS short_title,article.color AS color,article.copyfrom AS copyfrom,article.author AS author,article.keywords AS keywords,article.litpic AS litpic,article.description AS description,article.publish_time AS publish_time,article.update_time AS update_time,article.click AS click,article.cid AS cid,article.point AS point,article.comment_flag AS comment_flag,article.flag AS flag,article.jump_url AS jump_url,article.delete_status AS delete_status,article.audit_status AS audit_status,article.user_id AS user_id,article.aid AS aid,category.name AS cate_name,category.ename AS ename,category.model_id AS model_id,category.status AS cate_status FROM xyh_article article LEFT JOIN xyh_category category ON article.cid = category.id WHERE article.delete_status = 0 AND article.cid IN (13) AND article.audit_status = 1 AND category.status < 2 ORDER BY article.point DESC,article.id DESC LIMIT 10   [ RunTime:0.0428s ]
SQL: SELECT article.id AS id,article.title AS title,article.short_title AS short_title,article.color AS color,article.copyfrom AS copyfrom,article.author AS author,article.keywords AS keywords,article.litpic AS litpic,article.description AS description,article.publish_time AS publish_time,article.update_time AS update_time,article.click AS click,article.cid AS cid,article.point AS point,article.comment_flag AS comment_flag,article.flag AS flag,article.jump_url AS jump_url,article.delete_status AS delete_status,article.audit_status AS audit_status,article.user_id AS user_id,article.aid AS aid,category.name AS cate_name,category.ename AS ename,category.model_id AS model_id,category.status AS cate_status FROM xyh_article article LEFT JOIN xyh_category category ON article.cid = category.id WHERE article.delete_status = 0 AND article.cid IN (20,'30','31','32','33','34') AND article.audit_status = 1 AND category.status < 2 ORDER BY article.point DESC,article.id DESC LIMIT 10   [ RunTime:0.0515s ]
SQL: SELECT article.id AS id,article.title AS title,article.short_title AS short_title,article.color AS color,article.copyfrom AS copyfrom,article.author AS author,article.keywords AS keywords,article.litpic AS litpic,article.description AS description,article.publish_time AS publish_time,article.update_time AS update_time,article.click AS click,article.cid AS cid,article.point AS point,article.comment_flag AS comment_flag,article.flag AS flag,article.jump_url AS jump_url,article.delete_status AS delete_status,article.audit_status AS audit_status,article.user_id AS user_id,article.aid AS aid,category.name AS cate_name,category.ename AS ename,category.model_id AS model_id,category.status AS cate_status FROM xyh_article article LEFT JOIN xyh_category category ON article.cid = category.id WHERE article.delete_status = 0 AND article.cid IN (21,'35','36','39','40','41','42','37','43','44','45','46','38','47','48','49','50') AND article.audit_status = 1 AND category.status < 2 ORDER BY article.point DESC,article.id DESC LIMIT 10   [ RunTime:0.0439s ]
SQL: SHOW COLUMNS FROM `xyh_tag` [ RunTime:0.0480s ]
SQL: SELECT DISTINCT  t.tag_name,t.id,t.num,t.hit FROM xyh_tag t INNER JOIN xyh_tag_index ti ON ti.tag_id = t.id  ORDER BY sort ASC,id DESC LIMIT 10   [ RunTime:0.0535s ]
SQL: SHOW COLUMNS FROM `xyh_product` [ RunTime:0.0527s ]
SQL: SELECT product.id AS id,product.title AS title,product.color AS color,product.keywords AS keywords,product.litpic AS litpic,product.description AS description,product.publish_time AS publish_time,product.update_time AS update_time,product.price AS price,product.market_price AS market_price,product.brand AS brand,product.units AS units,product.specification AS specification,product.click AS click,product.cid AS cid,product.point AS point,product.comment_flag AS comment_flag,product.flag AS flag,product.jump_url AS jump_url,product.delete_status AS delete_status,product.audit_status AS audit_status,product.user_id AS user_id,product.aid AS aid,category.name AS cate_name,category.ename AS ename,category.model_id AS model_id,category.status AS cate_status FROM xyh_product product LEFT JOIN xyh_category category ON product.cid = category.id WHERE product.delete_status = 0 AND product.audit_status = 1 AND category.status < 2 ORDER BY product.point DESC,product.id DESC LIMIT 10   [ RunTime:0.0504s ]
SQL: SHOW COLUMNS FROM `xyh_link` [ RunTime:0.0551s ]
SQL: SELECT * FROM `xyh_link` WHERE `id` > 0 ORDER BY sort ASC LIMIT 20   [ RunTime:0.0549s ]
INFO: Run Behavior\ParseTemplateBehavior [ RunTime:1.366092s ]
INFO: [ view_parse ] --END-- [ RunTime:1.366148s ]
INFO: [ view_filter ] --START--
INFO: Run Behavior\WriteHtmlCacheBehavior [ RunTime:0.000268s ]
INFO: [ view_filter ] --END-- [ RunTime:0.000296s ]
INFO: [ app_end ] --START--
INFO: Run Behavior\ShowPageTraceBehavior [ RunTime:0.000444s ]
INFO: [ app_end ] --END-- [ RunTime:0.000472s ]

[ 2019-12-23T09:26:54+08:00 ] 192.168.2.119 /
INFO: [ app_init ] --START--
INFO: Run Behavior\BuildLiteBehavior [ RunTime:0.000009s ]
INFO: [ app_init ] --END-- [ RunTime:0.000366s ]
INFO: [ app_begin ] --START--
INFO: Run Behavior\ReadHtmlCacheBehavior [ RunTime:0.000503s ]
INFO: [ app_begin ] --END-- [ RunTime:0.000541s ]
INFO: [ view_parse ] --START--
INFO: [ template_filter ] --START--
INFO: Run Behavior\ContentReplaceBehavior [ RunTime:0.000163s ]
INFO: [ template_filter ] --END-- [ RunTime:0.000187s ]
SQL: SHOW COLUMNS FROM `xyh_abc` [ RunTime:0.0466s ]
SQL: SELECT * FROM `xyh_abc` WHERE `id` = 1 LIMIT 1   [ RunTime:0.0469s ]
SQL: SHOW COLUMNS FROM `xyh_abc_detail` [ RunTime:0.0486s ]
SQL: SELECT * FROM `xyh_abc_detail` WHERE `aid` = 1 AND `status` = 1 AND `start_time` < '2019-12-23 09:26:53' AND `end_time` > '2019-12-23 09:26:53' ORDER BY sort LIMIT 2   [ RunTime:0.0450s ]
SQL: SHOW COLUMNS FROM `xyh_model` [ RunTime:0.0471s ]
SQL: SELECT model.id,model.name FROM xyh_model model WHERE ( id != 2 ) ORDER BY id LIMIT 30   [ RunTime:0.0490s ]
SQL: SHOW COLUMNS FROM `xyh_announce` [ RunTime:0.0465s ]
SQL: SELECT * FROM `xyh_announce` WHERE `end_time` > '2019-12-23 09:26:53' ORDER BY start_time DESC LIMIT 1   [ RunTime:0.0498s ]
SQL: SHOW COLUMNS FROM `xyh_article` [ RunTime:0.0491s ]
SQL: SHOW COLUMNS FROM `xyh_category` [ RunTime:0.0503s ]
SQL: SELECT article.id AS id,article.title AS title,article.short_title AS short_title,article.color AS color,article.copyfrom AS copyfrom,article.author AS author,article.keywords AS keywords,article.litpic AS litpic,article.description AS description,article.publish_time AS publish_time,article.update_time AS update_time,article.click AS click,article.cid AS cid,article.point AS point,article.comment_flag AS comment_flag,article.flag AS flag,article.jump_url AS jump_url,article.delete_status AS delete_status,article.audit_status AS audit_status,article.user_id AS user_id,article.aid AS aid,category.name AS cate_name,category.ename AS ename,category.model_id AS model_id,category.status AS cate_status FROM xyh_article article LEFT JOIN xyh_category category ON article.cid = category.id WHERE article.delete_status = 0 AND article.cid IN (1,'2','3','4','5','6','7','27','28','8') AND article.audit_status = 1 AND category.status < 2 ORDER BY article.point DESC,article.id DESC LIMIT 10   [ RunTime:0.0507s ]
SQL: SELECT article.id AS id,article.title AS title,article.short_title AS short_title,article.color AS color,article.copyfrom AS copyfrom,article.author AS author,article.keywords AS keywords,article.litpic AS litpic,article.description AS description,article.publish_time AS publish_time,article.update_time AS update_time,article.click AS click,article.cid AS cid,article.point AS point,article.comment_flag AS comment_flag,article.flag AS flag,article.jump_url AS jump_url,article.delete_status AS delete_status,article.audit_status AS audit_status,article.user_id AS user_id,article.aid AS aid,category.name AS cate_name,category.ename AS ename,category.model_id AS model_id,category.status AS cate_status FROM xyh_article article LEFT JOIN xyh_category category ON article.cid = category.id WHERE article.delete_status = 0 AND article.cid IN (9,'14','15','16') AND article.audit_status = 1 AND category.status < 2 ORDER BY article.point DESC,article.id DESC LIMIT 10   [ RunTime:0.0495s ]
SQL: SELECT article.id AS id,article.title AS title,article.short_title AS short_title,article.color AS color,article.copyfrom AS copyfrom,article.author AS author,article.keywords AS keywords,article.litpic AS litpic,article.description AS description,article.publish_time AS publish_time,article.update_time AS update_time,article.click AS click,article.cid AS cid,article.point AS point,article.comment_flag AS comment_flag,article.flag AS flag,article.jump_url AS jump_url,article.delete_status AS delete_status,article.audit_status AS audit_status,article.user_id AS user_id,article.aid AS aid,category.name AS cate_name,category.ename AS ename,category.model_id AS model_id,category.status AS cate_status FROM xyh_article article LEFT JOIN xyh_category category ON article.cid = category.id WHERE article.delete_status = 0 AND article.cid IN (10,'17','22','23','24','25','26','18') AND article.audit_status = 1 AND category.status < 2 ORDER BY article.point DESC,article.id DESC LIMIT 10   [ RunTime:0.0515s ]
SQL: SELECT article.id AS id,article.title AS title,article.short_title AS short_title,article.color AS color,article.copyfrom AS copyfrom,article.author AS author,article.keywords AS keywords,article.litpic AS litpic,article.description AS description,article.publish_time AS publish_time,article.update_time AS update_time,article.click AS click,article.cid AS cid,article.point AS point,article.comment_flag AS comment_flag,article.flag AS flag,article.jump_url AS jump_url,article.delete_status AS delete_status,article.audit_status AS audit_status,article.user_id AS user_id,article.aid AS aid,category.name AS cate_name,category.ename AS ename,category.model_id AS model_id,category.status AS cate_status FROM xyh_article article LEFT JOIN xyh_category category ON article.cid = category.id WHERE article.delete_status = 0 AND article.cid IN (11) AND article.audit_status = 1 AND category.status < 2 ORDER BY article.point DESC,article.id DESC LIMIT 10   [ RunTime:0.0508s ]
SQL: SELECT article.id AS id,article.title AS title,article.short_title AS short_title,article.color AS color,article.copyfrom AS copyfrom,article.author AS author,article.keywords AS keywords,article.litpic AS litpic,article.description AS description,article.publish_time AS publish_time,article.update_time AS update_time,article.click AS click,article.cid AS cid,article.point AS point,article.comment_flag AS comment_flag,article.flag AS flag,article.jump_url AS jump_url,article.delete_status AS delete_status,article.audit_status AS audit_status,article.user_id AS user_id,article.aid AS aid,category.name AS cate_name,category.ename AS ename,category.model_id AS model_id,category.status AS cate_status FROM xyh_article article LEFT JOIN xyh_category category ON article.cid = category.id WHERE article.delete_status = 0 AND article.cid IN (12,'29','19') AND article.audit_status = 1 AND category.status < 2 ORDER BY article.point DESC,article.id DESC LIMIT 10   [ RunTime:0.0462s ]
SQL: SELECT article.id AS id,article.title AS title,article.short_title AS short_title,article.color AS color,article.copyfrom AS copyfrom,article.author AS author,article.keywords AS keywords,article.litpic AS litpic,article.description AS description,article.publish_time AS publish_time,article.update_time AS update_time,article.click AS click,article.cid AS cid,article.point AS point,article.comment_flag AS comment_flag,article.flag AS flag,article.jump_url AS jump_url,article.delete_status AS delete_status,article.audit_status AS audit_status,article.user_id AS user_id,article.aid AS aid,category.name AS cate_name,category.ename AS ename,category.model_id AS model_id,category.status AS cate_status FROM xyh_article article LEFT JOIN xyh_category category ON article.cid = category.id WHERE article.delete_status = 0 AND article.cid IN (13) AND article.audit_status = 1 AND category.status < 2 ORDER BY article.point DESC,article.id DESC LIMIT 10   [ RunTime:0.0472s ]
SQL: SELECT article.id AS id,article.title AS title,article.short_title AS short_title,article.color AS color,article.copyfrom AS copyfrom,article.author AS author,article.keywords AS keywords,article.litpic AS litpic,article.description AS description,article.publish_time AS publish_time,article.update_time AS update_time,article.click AS click,article.cid AS cid,article.point AS point,article.comment_flag AS comment_flag,article.flag AS flag,article.jump_url AS jump_url,article.delete_status AS delete_status,article.audit_status AS audit_status,article.user_id AS user_id,article.aid AS aid,category.name AS cate_name,category.ename AS ename,category.model_id AS model_id,category.status AS cate_status FROM xyh_article article LEFT JOIN xyh_category category ON article.cid = category.id WHERE article.delete_status = 0 AND article.cid IN (20,'30','31','32','33','34') AND article.audit_status = 1 AND category.status < 2 ORDER BY article.point DESC,article.id DESC LIMIT 10   [ RunTime:0.0475s ]
SQL: SELECT article.id AS id,article.title AS title,article.short_title AS short_title,article.color AS color,article.copyfrom AS copyfrom,article.author AS author,article.keywords AS keywords,article.litpic AS litpic,article.description AS description,article.publish_time AS publish_time,article.update_time AS update_time,article.click AS click,article.cid AS cid,article.point AS point,article.comment_flag AS comment_flag,article.flag AS flag,article.jump_url AS jump_url,article.delete_status AS delete_status,article.audit_status AS audit_status,article.user_id AS user_id,article.aid AS aid,category.name AS cate_name,category.ename AS ename,category.model_id AS model_id,category.status AS cate_status FROM xyh_article article LEFT JOIN xyh_category category ON article.cid = category.id WHERE article.delete_status = 0 AND article.cid IN (21,'35','36','39','40','41','42','37','43','44','45','46','38','47','48','49','50') AND article.audit_status = 1 AND category.status < 2 ORDER BY article.point DESC,article.id DESC LIMIT 10   [ RunTime:0.0527s ]
SQL: SHOW COLUMNS FROM `xyh_tag` [ RunTime:0.0475s ]
SQL: SELECT DISTINCT  t.tag_name,t.id,t.num,t.hit FROM xyh_tag t INNER JOIN xyh_tag_index ti ON ti.tag_id = t.id  ORDER BY sort ASC,id DESC LIMIT 10   [ RunTime:0.0535s ]
SQL: SHOW COLUMNS FROM `xyh_product` [ RunTime:0.0431s ]
SQL: SELECT product.id AS id,product.title AS title,product.color AS color,product.keywords AS keywords,product.litpic AS litpic,product.description AS description,product.publish_time AS publish_time,product.update_time AS update_time,product.price AS price,product.market_price AS market_price,product.brand AS brand,product.units AS units,product.specification AS specification,product.click AS click,product.cid AS cid,product.point AS point,product.comment_flag AS comment_flag,product.flag AS flag,product.jump_url AS jump_url,product.delete_status AS delete_status,product.audit_status AS audit_status,product.user_id AS user_id,product.aid AS aid,category.name AS cate_name,category.ename AS ename,category.model_id AS model_id,category.status AS cate_status FROM xyh_product product LEFT JOIN xyh_category category ON product.cid = category.id WHERE product.delete_status = 0 AND product.audit_status = 1 AND category.status < 2 ORDER BY product.point DESC,product.id DESC LIMIT 10   [ RunTime:0.0501s ]
SQL: SHOW COLUMNS FROM `xyh_link` [ RunTime:0.0508s ]
SQL: SELECT * FROM `xyh_link` WHERE `id` > 0 ORDER BY sort ASC LIMIT 20   [ RunTime:0.0504s ]
INFO: Run Behavior\ParseTemplateBehavior [ RunTime:1.374162s ]
INFO: [ view_parse ] --END-- [ RunTime:1.374200s ]
INFO: [ view_filter ] --START--
INFO: Run Behavior\WriteHtmlCacheBehavior [ RunTime:0.000372s ]
INFO: [ view_filter ] --END-- [ RunTime:0.000404s ]
INFO: [ app_end ] --START--
INFO: Run Behavior\ShowPageTraceBehavior [ RunTime:0.000642s ]
INFO: [ app_end ] --END-- [ RunTime:0.000684s ]

[ 2019-12-23T09:28:02+08:00 ] 192.168.2.119 /
INFO: [ app_init ] --START--
INFO: Run Behavior\BuildLiteBehavior [ RunTime:0.000010s ]
INFO: [ app_init ] --END-- [ RunTime:0.000379s ]
INFO: [ app_begin ] --START--
INFO: Run Behavior\ReadHtmlCacheBehavior [ RunTime:0.000534s ]
INFO: [ app_begin ] --END-- [ RunTime:0.000575s ]
INFO: [ view_parse ] --START--
INFO: [ template_filter ] --START--
INFO: Run Behavior\ContentReplaceBehavior [ RunTime:0.000323s ]
INFO: [ template_filter ] --END-- [ RunTime:0.000365s ]
SQL: SHOW COLUMNS FROM `xyh_abc` [ RunTime:0.0508s ]
SQL: SELECT * FROM `xyh_abc` WHERE `id` = 1 LIMIT 1   [ RunTime:0.0493s ]
SQL: SHOW COLUMNS FROM `xyh_abc_detail` [ RunTime:0.0500s ]
SQL: SELECT * FROM `xyh_abc_detail` WHERE `aid` = 1 AND `status` = 1 AND `start_time` < '2019-12-23 09:28:01' AND `end_time` > '2019-12-23 09:28:01' ORDER BY sort LIMIT 2   [ RunTime:0.0487s ]
SQL: SHOW COLUMNS FROM `xyh_model` [ RunTime:0.0521s ]
SQL: SELECT model.id,model.name FROM xyh_model model WHERE ( id != 2 ) ORDER BY id LIMIT 30   [ RunTime:0.0459s ]
SQL: SHOW COLUMNS FROM `xyh_announce` [ RunTime:0.0449s ]
SQL: SELECT * FROM `xyh_announce` WHERE `end_time` > '2019-12-23 09:28:01' ORDER BY start_time DESC LIMIT 1   [ RunTime:0.0508s ]
SQL: SHOW COLUMNS FROM `xyh_article` [ RunTime:0.0475s ]
SQL: SHOW COLUMNS FROM `xyh_category` [ RunTime:0.0484s ]
SQL: SELECT article.id AS id,article.title AS title,article.short_title AS short_title,article.color AS color,article.copyfrom AS copyfrom,article.author AS author,article.keywords AS keywords,article.litpic AS litpic,article.description AS description,article.publish_time AS publish_time,article.update_time AS update_time,article.click AS click,article.cid AS cid,article.point AS point,article.comment_flag AS comment_flag,article.flag AS flag,article.jump_url AS jump_url,article.delete_status AS delete_status,article.audit_status AS audit_status,article.user_id AS user_id,article.aid AS aid,category.name AS cate_name,category.ename AS ename,category.model_id AS model_id,category.status AS cate_status FROM xyh_article article LEFT JOIN xyh_category category ON article.cid = category.id WHERE article.delete_status = 0 AND article.cid IN (1,'2','3','4','5','6','7','27','28','8') AND article.audit_status = 1 AND category.status < 2 ORDER BY article.point DESC,article.id DESC LIMIT 10   [ RunTime:0.0513s ]
SQL: SELECT article.id AS id,article.title AS title,article.short_title AS short_title,article.color AS color,article.copyfrom AS copyfrom,article.author AS author,article.keywords AS keywords,article.litpic AS litpic,article.description AS description,article.publish_time AS publish_time,article.update_time AS update_time,article.click AS click,article.cid AS cid,article.point AS point,article.comment_flag AS comment_flag,article.flag AS flag,article.jump_url AS jump_url,article.delete_status AS delete_status,article.audit_status AS audit_status,article.user_id AS user_id,article.aid AS aid,category.name AS cate_name,category.ename AS ename,category.model_id AS model_id,category.status AS cate_status FROM xyh_article article LEFT JOIN xyh_category category ON article.cid = category.id WHERE article.delete_status = 0 AND article.cid IN (9,'14','15','16') AND article.audit_status = 1 AND category.status < 2 ORDER BY article.point DESC,article.id DESC LIMIT 10   [ RunTime:0.0449s ]
SQL: SELECT article.id AS id,article.title AS title,article.short_title AS short_title,article.color AS color,article.copyfrom AS copyfrom,article.author AS author,article.keywords AS keywords,article.litpic AS litpic,article.description AS description,article.publish_time AS publish_time,article.update_time AS update_time,article.click AS click,article.cid AS cid,article.point AS point,article.comment_flag AS comment_flag,article.flag AS flag,article.jump_url AS jump_url,article.delete_status AS delete_status,article.audit_status AS audit_status,article.user_id AS user_id,article.aid AS aid,category.name AS cate_name,category.ename AS ename,category.model_id AS model_id,category.status AS cate_status FROM xyh_article article LEFT JOIN xyh_category category ON article.cid = category.id WHERE article.delete_status = 0 AND article.cid IN (10,'17','22','23','24','25','26','18') AND article.audit_status = 1 AND category.status < 2 ORDER BY article.point DESC,article.id DESC LIMIT 10   [ RunTime:0.0436s ]
SQL: SELECT article.id AS id,article.title AS title,article.short_title AS short_title,article.color AS color,article.copyfrom AS copyfrom,article.author AS author,article.keywords AS keywords,article.litpic AS litpic,article.description AS description,article.publish_time AS publish_time,article.update_time AS update_time,article.click AS click,article.cid AS cid,article.point AS point,article.comment_flag AS comment_flag,article.flag AS flag,article.jump_url AS jump_url,article.delete_status AS delete_status,article.audit_status AS audit_status,article.user_id AS user_id,article.aid AS aid,category.name AS cate_name,category.ename AS ename,category.model_id AS model_id,category.status AS cate_status FROM xyh_article article LEFT JOIN xyh_category category ON article.cid = category.id WHERE article.delete_status = 0 AND article.cid IN (11) AND article.audit_status = 1 AND category.status < 2 ORDER BY article.point DESC,article.id DESC LIMIT 10   [ RunTime:0.0532s ]
SQL: SELECT article.id AS id,article.title AS title,article.short_title AS short_title,article.color AS color,article.copyfrom AS copyfrom,article.author AS author,article.keywords AS keywords,article.litpic AS litpic,article.description AS description,article.publish_time AS publish_time,article.update_time AS update_time,article.click AS click,article.cid AS cid,article.point AS point,article.comment_flag AS comment_flag,article.flag AS flag,article.jump_url AS jump_url,article.delete_status AS delete_status,article.audit_status AS audit_status,article.user_id AS user_id,article.aid AS aid,category.name AS cate_name,category.ename AS ename,category.model_id AS model_id,category.status AS cate_status FROM xyh_article article LEFT JOIN xyh_category category ON article.cid = category.id WHERE article.delete_status = 0 AND article.cid IN (12,'29','19') AND article.audit_status = 1 AND category.status < 2 ORDER BY article.point DESC,article.id DESC LIMIT 10   [ RunTime:0.0504s ]
SQL: SELECT article.id AS id,article.title AS title,article.short_title AS short_title,article.color AS color,article.copyfrom AS copyfrom,article.author AS author,article.keywords AS keywords,article.litpic AS litpic,article.description AS description,article.publish_time AS publish_time,article.update_time AS update_time,article.click AS click,article.cid AS cid,article.point AS point,article.comment_flag AS comment_flag,article.flag AS flag,article.jump_url AS jump_url,article.delete_status AS delete_status,article.audit_status AS audit_status,article.user_id AS user_id,article.aid AS aid,category.name AS cate_name,category.ename AS ename,category.model_id AS model_id,category.status AS cate_status FROM xyh_article article LEFT JOIN xyh_category category ON article.cid = category.id WHERE article.delete_status = 0 AND article.cid IN (13) AND article.audit_status = 1 AND category.status < 2 ORDER BY article.point DESC,article.id DESC LIMIT 10   [ RunTime:0.0428s ]
SQL: SELECT article.id AS id,article.title AS title,article.short_title AS short_title,article.color AS color,article.copyfrom AS copyfrom,article.author AS author,article.keywords AS keywords,article.litpic AS litpic,article.description AS description,article.publish_time AS publish_time,article.update_time AS update_time,article.click AS click,article.cid AS cid,article.point AS point,article.comment_flag AS comment_flag,article.flag AS flag,article.jump_url AS jump_url,article.delete_status AS delete_status,article.audit_status AS audit_status,article.user_id AS user_id,article.aid AS aid,category.name AS cate_name,category.ename AS ename,category.model_id AS model_id,category.status AS cate_status FROM xyh_article article LEFT JOIN xyh_category category ON article.cid = category.id WHERE article.delete_status = 0 AND article.cid IN (20,'30','31','32','33','34') AND article.audit_status = 1 AND category.status < 2 ORDER BY article.point DESC,article.id DESC LIMIT 10   [ RunTime:0.0491s ]
SQL: SELECT article.id AS id,article.title AS title,article.short_title AS short_title,article.color AS color,article.copyfrom AS copyfrom,article.author AS author,article.keywords AS keywords,article.litpic AS litpic,article.description AS description,article.publish_time AS publish_time,article.update_time AS update_time,article.click AS click,article.cid AS cid,article.point AS point,article.comment_flag AS comment_flag,article.flag AS flag,article.jump_url AS jump_url,article.delete_status AS delete_status,article.audit_status AS audit_status,article.user_id AS user_id,article.aid AS aid,category.name AS cate_name,category.ename AS ename,category.model_id AS model_id,category.status AS cate_status FROM xyh_article article LEFT JOIN xyh_category category ON article.cid = category.id WHERE article.delete_status = 0 AND article.cid IN (21,'35','36','39','40','41','42','37','43','44','45','46','38','47','48','49','50') AND article.audit_status = 1 AND category.status < 2 ORDER BY article.point DESC,article.id DESC LIMIT 10   [ RunTime:0.0465s ]
SQL: SHOW COLUMNS FROM `xyh_tag` [ RunTime:0.0553s ]
SQL: SELECT DISTINCT  t.tag_name,t.id,t.num,t.hit FROM xyh_tag t INNER JOIN xyh_tag_index ti ON ti.tag_id = t.id  ORDER BY sort ASC,id DESC LIMIT 10   [ RunTime:0.0510s ]
SQL: SHOW COLUMNS FROM `xyh_product` [ RunTime:0.0439s ]
SQL: SELECT product.id AS id,product.title AS title,product.color AS color,product.keywords AS keywords,product.litpic AS litpic,product.description AS description,product.publish_time AS publish_time,product.update_time AS update_time,product.price AS price,product.market_price AS market_price,product.brand AS brand,product.units AS units,product.specification AS specification,product.click AS click,product.cid AS cid,product.point AS point,product.comment_flag AS comment_flag,product.flag AS flag,product.jump_url AS jump_url,product.delete_status AS delete_status,product.audit_status AS audit_status,product.user_id AS user_id,product.aid AS aid,category.name AS cate_name,category.ename AS ename,category.model_id AS model_id,category.status AS cate_status FROM xyh_product product LEFT JOIN xyh_category category ON product.cid = category.id WHERE product.delete_status = 0 AND product.audit_status = 1 AND category.status < 2 ORDER BY product.point DESC,product.id DESC LIMIT 10   [ RunTime:0.0488s ]
SQL: SHOW COLUMNS FROM `xyh_link` [ RunTime:0.0478s ]
SQL: SELECT * FROM `xyh_link` WHERE `id` > 0 ORDER BY sort ASC LIMIT 20   [ RunTime:0.0550s ]
INFO: Run Behavior\ParseTemplateBehavior [ RunTime:1.388805s ]
INFO: [ view_parse ] --END-- [ RunTime:1.388880s ]
INFO: [ view_filter ] --START--
INFO: Run Behavior\WriteHtmlCacheBehavior [ RunTime:0.000745s ]
INFO: [ view_filter ] --END-- [ RunTime:0.000834s ]
INFO: [ app_end ] --START--
INFO: Run Behavior\ShowPageTraceBehavior [ RunTime:0.001779s ]
INFO: [ app_end ] --END-- [ RunTime:0.001921s ]

[ 2019-12-23T09:28:10+08:00 ] 192.168.2.119 /
INFO: [ app_init ] --START--
INFO: Run Behavior\BuildLiteBehavior [ RunTime:0.000010s ]
INFO: [ app_init ] --END-- [ RunTime:0.000464s ]
INFO: [ app_begin ] --START--
INFO: Run Behavior\ReadHtmlCacheBehavior [ RunTime:0.000650s ]
INFO: [ app_begin ] --END-- [ RunTime:0.000698s ]
INFO: [ view_parse ] --START--
INFO: [ template_filter ] --START--
INFO: Run Behavior\ContentReplaceBehavior [ RunTime:0.000219s ]
INFO: [ template_filter ] --END-- [ RunTime:0.000255s ]
SQL: SHOW COLUMNS FROM `xyh_abc` [ RunTime:0.0536s ]
SQL: SELECT * FROM `xyh_abc` WHERE `id` = 1 LIMIT 1   [ RunTime:0.0496s ]
SQL: SHOW COLUMNS FROM `xyh_abc_detail` [ RunTime:0.0506s ]
SQL: SELECT * FROM `xyh_abc_detail` WHERE `aid` = 1 AND `status` = 1 AND `start_time` < '2019-12-23 09:28:08' AND `end_time` > '2019-12-23 09:28:08' ORDER BY sort LIMIT 2   [ RunTime:0.0691s ]
SQL: SHOW COLUMNS FROM `xyh_model` [ RunTime:0.0869s ]
SQL: SELECT model.id,model.name FROM xyh_model model WHERE ( id != 2 ) ORDER BY id LIMIT 30   [ RunTime:0.0660s ]
SQL: SHOW COLUMNS FROM `xyh_announce` [ RunTime:0.0556s ]
SQL: SELECT * FROM `xyh_announce` WHERE `end_time` > '2019-12-23 09:28:09' ORDER BY start_time DESC LIMIT 1   [ RunTime:0.0529s ]
SQL: SHOW COLUMNS FROM `xyh_article` [ RunTime:0.0448s ]
SQL: SHOW COLUMNS FROM `xyh_category` [ RunTime:0.0693s ]
SQL: SELECT article.id AS id,article.title AS title,article.short_title AS short_title,article.color AS color,article.copyfrom AS copyfrom,article.author AS author,article.keywords AS keywords,article.litpic AS litpic,article.description AS description,article.publish_time AS publish_time,article.update_time AS update_time,article.click AS click,article.cid AS cid,article.point AS point,article.comment_flag AS comment_flag,article.flag AS flag,article.jump_url AS jump_url,article.delete_status AS delete_status,article.audit_status AS audit_status,article.user_id AS user_id,article.aid AS aid,category.name AS cate_name,category.ename AS ename,category.model_id AS model_id,category.status AS cate_status FROM xyh_article article LEFT JOIN xyh_category category ON article.cid = category.id WHERE article.delete_status = 0 AND article.cid IN (1,'2','3','4','5','6','7','27','28','8') AND article.audit_status = 1 AND category.status < 2 ORDER BY article.point DESC,article.id DESC LIMIT 10   [ RunTime:0.0577s ]
SQL: SELECT article.id AS id,article.title AS title,article.short_title AS short_title,article.color AS color,article.copyfrom AS copyfrom,article.author AS author,article.keywords AS keywords,article.litpic AS litpic,article.description AS description,article.publish_time AS publish_time,article.update_time AS update_time,article.click AS click,article.cid AS cid,article.point AS point,article.comment_flag AS comment_flag,article.flag AS flag,article.jump_url AS jump_url,article.delete_status AS delete_status,article.audit_status AS audit_status,article.user_id AS user_id,article.aid AS aid,category.name AS cate_name,category.ename AS ename,category.model_id AS model_id,category.status AS cate_status FROM xyh_article article LEFT JOIN xyh_category category ON article.cid = category.id WHERE article.delete_status = 0 AND article.cid IN (9,'14','15','16') AND article.audit_status = 1 AND category.status < 2 ORDER BY article.point DESC,article.id DESC LIMIT 10   [ RunTime:0.0533s ]
SQL: SELECT article.id AS id,article.title AS title,article.short_title AS short_title,article.color AS color,article.copyfrom AS copyfrom,article.author AS author,article.keywords AS keywords,article.litpic AS litpic,article.description AS description,article.publish_time AS publish_time,article.update_time AS update_time,article.click AS click,article.cid AS cid,article.point AS point,article.comment_flag AS comment_flag,article.flag AS flag,article.jump_url AS jump_url,article.delete_status AS delete_status,article.audit_status AS audit_status,article.user_id AS user_id,article.aid AS aid,category.name AS cate_name,category.ename AS ename,category.model_id AS model_id,category.status AS cate_status FROM xyh_article article LEFT JOIN xyh_category category ON article.cid = category.id WHERE article.delete_status = 0 AND article.cid IN (10,'17','22','23','24','25','26','18') AND article.audit_status = 1 AND category.status < 2 ORDER BY article.point DESC,article.id DESC LIMIT 10   [ RunTime:0.0500s ]
SQL: SELECT article.id AS id,article.title AS title,article.short_title AS short_title,article.color AS color,article.copyfrom AS copyfrom,article.author AS author,article.keywords AS keywords,article.litpic AS litpic,article.description AS description,article.publish_time AS publish_time,article.update_time AS update_time,article.click AS click,article.cid AS cid,article.point AS point,article.comment_flag AS comment_flag,article.flag AS flag,article.jump_url AS jump_url,article.delete_status AS delete_status,article.audit_status AS audit_status,article.user_id AS user_id,article.aid AS aid,category.name AS cate_name,category.ename AS ename,category.model_id AS model_id,category.status AS cate_status FROM xyh_article article LEFT JOIN xyh_category category ON article.cid = category.id WHERE article.delete_status = 0 AND article.cid IN (11) AND article.audit_status = 1 AND category.status < 2 ORDER BY article.point DESC,article.id DESC LIMIT 10   [ RunTime:0.0589s ]
SQL: SELECT article.id AS id,article.title AS title,article.short_title AS short_title,article.color AS color,article.copyfrom AS copyfrom,article.author AS author,article.keywords AS keywords,article.litpic AS litpic,article.description AS description,article.publish_time AS publish_time,article.update_time AS update_time,article.click AS click,article.cid AS cid,article.point AS point,article.comment_flag AS comment_flag,article.flag AS flag,article.jump_url AS jump_url,article.delete_status AS delete_status,article.audit_status AS audit_status,article.user_id AS user_id,article.aid AS aid,category.name AS cate_name,category.ename AS ename,category.model_id AS model_id,category.status AS cate_status FROM xyh_article article LEFT JOIN xyh_category category ON article.cid = category.id WHERE article.delete_status = 0 AND article.cid IN (12,'29','19') AND article.audit_status = 1 AND category.status < 2 ORDER BY article.point DESC,article.id DESC LIMIT 10   [ RunTime:0.0435s ]
SQL: SELECT article.id AS id,article.title AS title,article.short_title AS short_title,article.color AS color,article.copyfrom AS copyfrom,article.author AS author,article.keywords AS keywords,article.litpic AS litpic,article.description AS description,article.publish_time AS publish_time,article.update_time AS update_time,article.click AS click,article.cid AS cid,article.point AS point,article.comment_flag AS comment_flag,article.flag AS flag,article.jump_url AS jump_url,article.delete_status AS delete_status,article.audit_status AS audit_status,article.user_id AS user_id,article.aid AS aid,category.name AS cate_name,category.ename AS ename,category.model_id AS model_id,category.status AS cate_status FROM xyh_article article LEFT JOIN xyh_category category ON article.cid = category.id WHERE article.delete_status = 0 AND article.cid IN (13) AND article.audit_status = 1 AND category.status < 2 ORDER BY article.point DESC,article.id DESC LIMIT 10   [ RunTime:0.0534s ]
SQL: SELECT article.id AS id,article.title AS title,article.short_title AS short_title,article.color AS color,article.copyfrom AS copyfrom,article.author AS author,article.keywords AS keywords,article.litpic AS litpic,article.description AS description,article.publish_time AS publish_time,article.update_time AS update_time,article.click AS click,article.cid AS cid,article.point AS point,article.comment_flag AS comment_flag,article.flag AS flag,article.jump_url AS jump_url,article.delete_status AS delete_status,article.audit_status AS audit_status,article.user_id AS user_id,article.aid AS aid,category.name AS cate_name,category.ename AS ename,category.model_id AS model_id,category.status AS cate_status FROM xyh_article article LEFT JOIN xyh_category category ON article.cid = category.id WHERE article.delete_status = 0 AND article.cid IN (20,'30','31','32','33','34') AND article.audit_status = 1 AND category.status < 2 ORDER BY article.point DESC,article.id DESC LIMIT 10   [ RunTime:0.0569s ]
SQL: SELECT article.id AS id,article.title AS title,article.short_title AS short_title,article.color AS color,article.copyfrom AS copyfrom,article.author AS author,article.keywords AS keywords,article.litpic AS litpic,article.description AS description,article.publish_time AS publish_time,article.update_time AS update_time,article.click AS click,article.cid AS cid,article.point AS point,article.comment_flag AS comment_flag,article.flag AS flag,article.jump_url AS jump_url,article.delete_status AS delete_status,article.audit_status AS audit_status,article.user_id AS user_id,article.aid AS aid,category.name AS cate_name,category.ename AS ename,category.model_id AS model_id,category.status AS cate_status FROM xyh_article article LEFT JOIN xyh_category category ON article.cid = category.id WHERE article.delete_status = 0 AND article.cid IN (21,'35','36','39','40','41','42','37','43','44','45','46','38','47','48','49','50') AND article.audit_status = 1 AND category.status < 2 ORDER BY article.point DESC,article.id DESC LIMIT 10   [ RunTime:0.0568s ]
SQL: SHOW COLUMNS FROM `xyh_tag` [ RunTime:0.0534s ]
SQL: SELECT DISTINCT  t.tag_name,t.id,t.num,t.hit FROM xyh_tag t INNER JOIN xyh_tag_index ti ON ti.tag_id = t.id  ORDER BY sort ASC,id DESC LIMIT 10   [ RunTime:0.0534s ]
SQL: SHOW COLUMNS FROM `xyh_product` [ RunTime:0.0436s ]
SQL: SELECT product.id AS id,product.title AS title,product.color AS color,product.keywords AS keywords,product.litpic AS litpic,product.description AS description,product.publish_time AS publish_time,product.update_time AS update_time,product.price AS price,product.market_price AS market_price,product.brand AS brand,product.units AS units,product.specification AS specification,product.click AS click,product.cid AS cid,product.point AS point,product.comment_flag AS comment_flag,product.flag AS flag,product.jump_url AS jump_url,product.delete_status AS delete_status,product.audit_status AS audit_status,product.user_id AS user_id,product.aid AS aid,category.name AS cate_name,category.ename AS ename,category.model_id AS model_id,category.status AS cate_status FROM xyh_product product LEFT JOIN xyh_category category ON product.cid = category.id WHERE product.delete_status = 0 AND product.audit_status = 1 AND category.status < 2 ORDER BY product.point DESC,product.id DESC LIMIT 10   [ RunTime:0.0558s ]
SQL: SHOW COLUMNS FROM `xyh_link` [ RunTime:0.0623s ]
SQL: SELECT * FROM `xyh_link` WHERE `id` > 0 ORDER BY sort ASC LIMIT 20   [ RunTime:0.0507s ]
INFO: Run Behavior\ParseTemplateBehavior [ RunTime:1.533961s ]
INFO: [ view_parse ] --END-- [ RunTime:1.533998s ]
INFO: [ view_filter ] --START--
INFO: Run Behavior\WriteHtmlCacheBehavior [ RunTime:0.000310s ]
INFO: [ view_filter ] --END-- [ RunTime:0.000346s ]
INFO: [ app_end ] --START--
INFO: Run Behavior\ShowPageTraceBehavior [ RunTime:0.000447s ]
INFO: [ app_end ] --END-- [ RunTime:0.000485s ]

[ 2019-12-23T09:28:17+08:00 ] 192.168.2.119 /
INFO: [ app_init ] --START--
INFO: Run Behavior\BuildLiteBehavior [ RunTime:0.000017s ]
INFO: [ app_init ] --END-- [ RunTime:0.000852s ]
INFO: [ app_begin ] --START--
INFO: Run Behavior\ReadHtmlCacheBehavior [ RunTime:0.000954s ]
INFO: [ app_begin ] --END-- [ RunTime:0.001026s ]
INFO: [ view_parse ] --START--
INFO: [ template_filter ] --START--
INFO: Run Behavior\ContentReplaceBehavior [ RunTime:0.000260s ]
INFO: [ template_filter ] --END-- [ RunTime:0.000296s ]
SQL: SHOW COLUMNS FROM `xyh_abc` [ RunTime:0.0467s ]
SQL: SELECT * FROM `xyh_abc` WHERE `id` = 1 LIMIT 1   [ RunTime:0.0447s ]
SQL: SHOW COLUMNS FROM `xyh_abc_detail` [ RunTime:0.0484s ]
SQL: SELECT * FROM `xyh_abc_detail` WHERE `aid` = 1 AND `status` = 1 AND `start_time` < '2019-12-23 09:28:16' AND `end_time` > '2019-12-23 09:28:16' ORDER BY sort LIMIT 2   [ RunTime:0.0484s ]
SQL: SHOW COLUMNS FROM `xyh_model` [ RunTime:0.0456s ]
SQL: SELECT model.id,model.name FROM xyh_model model WHERE ( id != 2 ) ORDER BY id LIMIT 30   [ RunTime:0.0438s ]
SQL: SHOW COLUMNS FROM `xyh_announce` [ RunTime:0.0525s ]
SQL: SELECT * FROM `xyh_announce` WHERE `end_time` > '2019-12-23 09:28:16' ORDER BY start_time DESC LIMIT 1   [ RunTime:0.0475s ]
SQL: SHOW COLUMNS FROM `xyh_article` [ RunTime:0.0444s ]
SQL: SHOW COLUMNS FROM `xyh_category` [ RunTime:0.0501s ]
SQL: SELECT article.id AS id,article.title AS title,article.short_title AS short_title,article.color AS color,article.copyfrom AS copyfrom,article.author AS author,article.keywords AS keywords,article.litpic AS litpic,article.description AS description,article.publish_time AS publish_time,article.update_time AS update_time,article.click AS click,article.cid AS cid,article.point AS point,article.comment_flag AS comment_flag,article.flag AS flag,article.jump_url AS jump_url,article.delete_status AS delete_status,article.audit_status AS audit_status,article.user_id AS user_id,article.aid AS aid,category.name AS cate_name,category.ename AS ename,category.model_id AS model_id,category.status AS cate_status FROM xyh_article article LEFT JOIN xyh_category category ON article.cid = category.id WHERE article.delete_status = 0 AND article.cid IN (1,'2','3','4','5','6','7','27','28','8') AND article.audit_status = 1 AND category.status < 2 ORDER BY article.point DESC,article.id DESC LIMIT 10   [ RunTime:0.0477s ]
SQL: SELECT article.id AS id,article.title AS title,article.short_title AS short_title,article.color AS color,article.copyfrom AS copyfrom,article.author AS author,article.keywords AS keywords,article.litpic AS litpic,article.description AS description,article.publish_time AS publish_time,article.update_time AS update_time,article.click AS click,article.cid AS cid,article.point AS point,article.comment_flag AS comment_flag,article.flag AS flag,article.jump_url AS jump_url,article.delete_status AS delete_status,article.audit_status AS audit_status,article.user_id AS user_id,article.aid AS aid,category.name AS cate_name,category.ename AS ename,category.model_id AS model_id,category.status AS cate_status FROM xyh_article article LEFT JOIN xyh_category category ON article.cid = category.id WHERE article.delete_status = 0 AND article.cid IN (9,'14','15','16') AND article.audit_status = 1 AND category.status < 2 ORDER BY article.point DESC,article.id DESC LIMIT 10   [ RunTime:0.0439s ]
SQL: SELECT article.id AS id,article.title AS title,article.short_title AS short_title,article.color AS color,article.copyfrom AS copyfrom,article.author AS author,article.keywords AS keywords,article.litpic AS litpic,article.description AS description,article.publish_time AS publish_time,article.update_time AS update_time,article.click AS click,article.cid AS cid,article.point AS point,article.comment_flag AS comment_flag,article.flag AS flag,article.jump_url AS jump_url,article.delete_status AS delete_status,article.audit_status AS audit_status,article.user_id AS user_id,article.aid AS aid,category.name AS cate_name,category.ename AS ename,category.model_id AS model_id,category.status AS cate_status FROM xyh_article article LEFT JOIN xyh_category category ON article.cid = category.id WHERE article.delete_status = 0 AND article.cid IN (10,'17','22','23','24','25','26','18') AND article.audit_status = 1 AND category.status < 2 ORDER BY article.point DESC,article.id DESC LIMIT 10   [ RunTime:0.0488s ]
SQL: SELECT article.id AS id,article.title AS title,article.short_title AS short_title,article.color AS color,article.copyfrom AS copyfrom,article.author AS author,article.keywords AS keywords,article.litpic AS litpic,article.description AS description,article.publish_time AS publish_time,article.update_time AS update_time,article.click AS click,article.cid AS cid,article.point AS point,article.comment_flag AS comment_flag,article.flag AS flag,article.jump_url AS jump_url,article.delete_status AS delete_status,article.audit_status AS audit_status,article.user_id AS user_id,article.aid AS aid,category.name AS cate_name,category.ename AS ename,category.model_id AS model_id,category.status AS cate_status FROM xyh_article article LEFT JOIN xyh_category category ON article.cid = category.id WHERE article.delete_status = 0 AND article.cid IN (11) AND article.audit_status = 1 AND category.status < 2 ORDER BY article.point DESC,article.id DESC LIMIT 10   [ RunTime:0.0501s ]
SQL: SELECT article.id AS id,article.title AS title,article.short_title AS short_title,article.color AS color,article.copyfrom AS copyfrom,article.author AS author,article.keywords AS keywords,article.litpic AS litpic,article.description AS description,article.publish_time AS publish_time,article.update_time AS update_time,article.click AS click,article.cid AS cid,article.point AS point,article.comment_flag AS comment_flag,article.flag AS flag,article.jump_url AS jump_url,article.delete_status AS delete_status,article.audit_status AS audit_status,article.user_id AS user_id,article.aid AS aid,category.name AS cate_name,category.ename AS ename,category.model_id AS model_id,category.status AS cate_status FROM xyh_article article LEFT JOIN xyh_category category ON article.cid = category.id WHERE article.delete_status = 0 AND article.cid IN (12,'29','19') AND article.audit_status = 1 AND category.status < 2 ORDER BY article.point DESC,article.id DESC LIMIT 10   [ RunTime:0.0485s ]
SQL: SELECT article.id AS id,article.title AS title,article.short_title AS short_title,article.color AS color,article.copyfrom AS copyfrom,article.author AS author,article.keywords AS keywords,article.litpic AS litpic,article.description AS description,article.publish_time AS publish_time,article.update_time AS update_time,article.click AS click,article.cid AS cid,article.point AS point,article.comment_flag AS comment_flag,article.flag AS flag,article.jump_url AS jump_url,article.delete_status AS delete_status,article.audit_status AS audit_status,article.user_id AS user_id,article.aid AS aid,category.name AS cate_name,category.ename AS ename,category.model_id AS model_id,category.status AS cate_status FROM xyh_article article LEFT JOIN xyh_category category ON article.cid = category.id WHERE article.delete_status = 0 AND article.cid IN (13) AND article.audit_status = 1 AND category.status < 2 ORDER BY article.point DESC,article.id DESC LIMIT 10   [ RunTime:0.0506s ]
SQL: SELECT article.id AS id,article.title AS title,article.short_title AS short_title,article.color AS color,article.copyfrom AS copyfrom,article.author AS author,article.keywords AS keywords,article.litpic AS litpic,article.description AS description,article.publish_time AS publish_time,article.update_time AS update_time,article.click AS click,article.cid AS cid,article.point AS point,article.comment_flag AS comment_flag,article.flag AS flag,article.jump_url AS jump_url,article.delete_status AS delete_status,article.audit_status AS audit_status,article.user_id AS user_id,article.aid AS aid,category.name AS cate_name,category.ename AS ename,category.model_id AS model_id,category.status AS cate_status FROM xyh_article article LEFT JOIN xyh_category category ON article.cid = category.id WHERE article.delete_status = 0 AND article.cid IN (20,'30','31','32','33','34') AND article.audit_status = 1 AND category.status < 2 ORDER BY article.point DESC,article.id DESC LIMIT 10   [ RunTime:0.0576s ]
SQL: SELECT article.id AS id,article.title AS title,article.short_title AS short_title,article.color AS color,article.copyfrom AS copyfrom,article.author AS author,article.keywords AS keywords,article.litpic AS litpic,article.description AS description,article.publish_time AS publish_time,article.update_time AS update_time,article.click AS click,article.cid AS cid,article.point AS point,article.comment_flag AS comment_flag,article.flag AS flag,article.jump_url AS jump_url,article.delete_status AS delete_status,article.audit_status AS audit_status,article.user_id AS user_id,article.aid AS aid,category.name AS cate_name,category.ename AS ename,category.model_id AS model_id,category.status AS cate_status FROM xyh_article article LEFT JOIN xyh_category category ON article.cid = category.id WHERE article.delete_status = 0 AND article.cid IN (21,'35','36','39','40','41','42','37','43','44','45','46','38','47','48','49','50') AND article.audit_status = 1 AND category.status < 2 ORDER BY article.point DESC,article.id DESC LIMIT 10   [ RunTime:0.0532s ]
SQL: SHOW COLUMNS FROM `xyh_tag` [ RunTime:0.0553s ]
SQL: SELECT DISTINCT  t.tag_name,t.id,t.num,t.hit FROM xyh_tag t INNER JOIN xyh_tag_index ti ON ti.tag_id = t.id  ORDER BY sort ASC,id DESC LIMIT 10   [ RunTime:0.0498s ]
SQL: SHOW COLUMNS FROM `xyh_product` [ RunTime:0.0456s ]
SQL: SELECT product.id AS id,product.title AS title,product.color AS color,product.keywords AS keywords,product.litpic AS litpic,product.description AS description,product.publish_time AS publish_time,product.update_time AS update_time,product.price AS price,product.market_price AS market_price,product.brand AS brand,product.units AS units,product.specification AS specification,product.click AS click,product.cid AS cid,product.point AS point,product.comment_flag AS comment_flag,product.flag AS flag,product.jump_url AS jump_url,product.delete_status AS delete_status,product.audit_status AS audit_status,product.user_id AS user_id,product.aid AS aid,category.name AS cate_name,category.ename AS ename,category.model_id AS model_id,category.status AS cate_status FROM xyh_product product LEFT JOIN xyh_category category ON product.cid = category.id WHERE product.delete_status = 0 AND product.audit_status = 1 AND category.status < 2 ORDER BY product.point DESC,product.id DESC LIMIT 10   [ RunTime:0.0439s ]
SQL: SHOW COLUMNS FROM `xyh_link` [ RunTime:0.0507s ]
SQL: SELECT * FROM `xyh_link` WHERE `id` > 0 ORDER BY sort ASC LIMIT 20   [ RunTime:0.0519s ]
INFO: Run Behavior\ParseTemplateBehavior [ RunTime:1.374649s ]
INFO: [ view_parse ] --END-- [ RunTime:1.374689s ]
INFO: [ view_filter ] --START--
INFO: Run Behavior\WriteHtmlCacheBehavior [ RunTime:0.000236s ]
INFO: [ view_filter ] --END-- [ RunTime:0.000255s ]
INFO: [ app_end ] --START--
INFO: Run Behavior\ShowPageTraceBehavior [ RunTime:0.000363s ]
INFO: [ app_end ] --END-- [ RunTime:0.000387s ]

[ 2019-12-23T10:01:06+08:00 ] 192.168.2.119 /
INFO: [ app_init ] --START--
INFO: Run Behavior\BuildLiteBehavior [ RunTime:0.000017s ]
INFO: [ app_init ] --END-- [ RunTime:0.000694s ]
INFO: [ app_begin ] --START--
INFO: Run Behavior\ReadHtmlCacheBehavior [ RunTime:0.000988s ]
INFO: [ app_begin ] --END-- [ RunTime:0.001062s ]
INFO: [ view_parse ] --START--
INFO: [ template_filter ] --START--
INFO: Run Behavior\ContentReplaceBehavior [ RunTime:0.000289s ]
INFO: [ template_filter ] --END-- [ RunTime:0.000327s ]
SQL: SHOW COLUMNS FROM `xyh_abc` [ RunTime:0.0436s ]
SQL: SELECT * FROM `xyh_abc` WHERE `id` = 1 LIMIT 1   [ RunTime:0.0477s ]
SQL: SHOW COLUMNS FROM `xyh_abc_detail` [ RunTime:0.0464s ]
SQL: SELECT * FROM `xyh_abc_detail` WHERE `aid` = 1 AND `status` = 1 AND `start_time` < '2019-12-23 10:01:05' AND `end_time` > '2019-12-23 10:01:05' ORDER BY sort LIMIT 2   [ RunTime:0.0582s ]
SQL: SHOW COLUMNS FROM `xyh_model` [ RunTime:0.0427s ]
SQL: SELECT model.id,model.name FROM xyh_model model WHERE ( id != 2 ) ORDER BY id LIMIT 30   [ RunTime:0.0431s ]
SQL: SHOW COLUMNS FROM `xyh_announce` [ RunTime:0.0530s ]
SQL: SELECT * FROM `xyh_announce` WHERE `end_time` > '2019-12-23 10:01:05' ORDER BY start_time DESC LIMIT 1   [ RunTime:0.0496s ]
SQL: SHOW COLUMNS FROM `xyh_article` [ RunTime:0.0462s ]
SQL: SHOW COLUMNS FROM `xyh_category` [ RunTime:0.0505s ]
SQL: SELECT article.id AS id,article.title AS title,article.short_title AS short_title,article.color AS color,article.copyfrom AS copyfrom,article.author AS author,article.keywords AS keywords,article.litpic AS litpic,article.description AS description,article.publish_time AS publish_time,article.update_time AS update_time,article.click AS click,article.cid AS cid,article.point AS point,article.comment_flag AS comment_flag,article.flag AS flag,article.jump_url AS jump_url,article.delete_status AS delete_status,article.audit_status AS audit_status,article.user_id AS user_id,article.aid AS aid,category.name AS cate_name,category.ename AS ename,category.model_id AS model_id,category.status AS cate_status FROM xyh_article article LEFT JOIN xyh_category category ON article.cid = category.id WHERE article.delete_status = 0 AND article.cid IN (1,'2','3','4','5','6','7','27','28','8') AND article.audit_status = 1 AND category.status < 2 ORDER BY article.point DESC,article.id DESC LIMIT 10   [ RunTime:0.0446s ]
SQL: SELECT article.id AS id,article.title AS title,article.short_title AS short_title,article.color AS color,article.copyfrom AS copyfrom,article.author AS author,article.keywords AS keywords,article.litpic AS litpic,article.description AS description,article.publish_time AS publish_time,article.update_time AS update_time,article.click AS click,article.cid AS cid,article.point AS point,article.comment_flag AS comment_flag,article.flag AS flag,article.jump_url AS jump_url,article.delete_status AS delete_status,article.audit_status AS audit_status,article.user_id AS user_id,article.aid AS aid,category.name AS cate_name,category.ename AS ename,category.model_id AS model_id,category.status AS cate_status FROM xyh_article article LEFT JOIN xyh_category category ON article.cid = category.id WHERE article.delete_status = 0 AND article.cid IN (9,'14','15','16') AND article.audit_status = 1 AND category.status < 2 ORDER BY article.point DESC,article.id DESC LIMIT 10   [ RunTime:0.0436s ]
SQL: SELECT article.id AS id,article.title AS title,article.short_title AS short_title,article.color AS color,article.copyfrom AS copyfrom,article.author AS author,article.keywords AS keywords,article.litpic AS litpic,article.description AS description,article.publish_time AS publish_time,article.update_time AS update_time,article.click AS click,article.cid AS cid,article.point AS point,article.comment_flag AS comment_flag,article.flag AS flag,article.jump_url AS jump_url,article.delete_status AS delete_status,article.audit_status AS audit_status,article.user_id AS user_id,article.aid AS aid,category.name AS cate_name,category.ename AS ename,category.model_id AS model_id,category.status AS cate_status FROM xyh_article article LEFT JOIN xyh_category category ON article.cid = category.id WHERE article.delete_status = 0 AND article.cid IN (10,'17','22','23','24','25','26','18') AND article.audit_status = 1 AND category.status < 2 ORDER BY article.point DESC,article.id DESC LIMIT 10   [ RunTime:0.0479s ]
SQL: SELECT article.id AS id,article.title AS title,article.short_title AS short_title,article.color AS color,article.copyfrom AS copyfrom,article.author AS author,article.keywords AS keywords,article.litpic AS litpic,article.description AS description,article.publish_time AS publish_time,article.update_time AS update_time,article.click AS click,article.cid AS cid,article.point AS point,article.comment_flag AS comment_flag,article.flag AS flag,article.jump_url AS jump_url,article.delete_status AS delete_status,article.audit_status AS audit_status,article.user_id AS user_id,article.aid AS aid,category.name AS cate_name,category.ename AS ename,category.model_id AS model_id,category.status AS cate_status FROM xyh_article article LEFT JOIN xyh_category category ON article.cid = category.id WHERE article.delete_status = 0 AND article.cid IN (11) AND article.audit_status = 1 AND category.status < 2 ORDER BY article.point DESC,article.id DESC LIMIT 10   [ RunTime:0.0503s ]
SQL: SELECT article.id AS id,article.title AS title,article.short_title AS short_title,article.color AS color,article.copyfrom AS copyfrom,article.author AS author,article.keywords AS keywords,article.litpic AS litpic,article.description AS description,article.publish_time AS publish_time,article.update_time AS update_time,article.click AS click,article.cid AS cid,article.point AS point,article.comment_flag AS comment_flag,article.flag AS flag,article.jump_url AS jump_url,article.delete_status AS delete_status,article.audit_status AS audit_status,article.user_id AS user_id,article.aid AS aid,category.name AS cate_name,category.ename AS ename,category.model_id AS model_id,category.status AS cate_status FROM xyh_article article LEFT JOIN xyh_category category ON article.cid = category.id WHERE article.delete_status = 0 AND article.cid IN (12,'29','19') AND article.audit_status = 1 AND category.status < 2 ORDER BY article.point DESC,article.id DESC LIMIT 10   [ RunTime:0.0524s ]
SQL: SELECT article.id AS id,article.title AS title,article.short_title AS short_title,article.color AS color,article.copyfrom AS copyfrom,article.author AS author,article.keywords AS keywords,article.litpic AS litpic,article.description AS description,article.publish_time AS publish_time,article.update_time AS update_time,article.click AS click,article.cid AS cid,article.point AS point,article.comment_flag AS comment_flag,article.flag AS flag,article.jump_url AS jump_url,article.delete_status AS delete_status,article.audit_status AS audit_status,article.user_id AS user_id,article.aid AS aid,category.name AS cate_name,category.ename AS ename,category.model_id AS model_id,category.status AS cate_status FROM xyh_article article LEFT JOIN xyh_category category ON article.cid = category.id WHERE article.delete_status = 0 AND article.cid IN (13) AND article.audit_status = 1 AND category.status < 2 ORDER BY article.point DESC,article.id DESC LIMIT 10   [ RunTime:0.0543s ]
SQL: SELECT article.id AS id,article.title AS title,article.short_title AS short_title,article.color AS color,article.copyfrom AS copyfrom,article.author AS author,article.keywords AS keywords,article.litpic AS litpic,article.description AS description,article.publish_time AS publish_time,article.update_time AS update_time,article.click AS click,article.cid AS cid,article.point AS point,article.comment_flag AS comment_flag,article.flag AS flag,article.jump_url AS jump_url,article.delete_status AS delete_status,article.audit_status AS audit_status,article.user_id AS user_id,article.aid AS aid,category.name AS cate_name,category.ename AS ename,category.model_id AS model_id,category.status AS cate_status FROM xyh_article article LEFT JOIN xyh_category category ON article.cid = category.id WHERE article.delete_status = 0 AND article.cid IN (20,'30','31','32','33','34') AND article.audit_status = 1 AND category.status < 2 ORDER BY article.point DESC,article.id DESC LIMIT 10   [ RunTime:0.0552s ]
SQL: SELECT article.id AS id,article.title AS title,article.short_title AS short_title,article.color AS color,article.copyfrom AS copyfrom,article.author AS author,article.keywords AS keywords,article.litpic AS litpic,article.description AS description,article.publish_time AS publish_time,article.update_time AS update_time,article.click AS click,article.cid AS cid,article.point AS point,article.comment_flag AS comment_flag,article.flag AS flag,article.jump_url AS jump_url,article.delete_status AS delete_status,article.audit_status AS audit_status,article.user_id AS user_id,article.aid AS aid,category.name AS cate_name,category.ename AS ename,category.model_id AS model_id,category.status AS cate_status FROM xyh_article article LEFT JOIN xyh_category category ON article.cid = category.id WHERE article.delete_status = 0 AND article.cid IN (21,'35','36','39','40','41','42','37','43','44','45','46','38','47','48','49','50') AND article.audit_status = 1 AND category.status < 2 ORDER BY article.point DESC,article.id DESC LIMIT 10   [ RunTime:0.0543s ]
SQL: SHOW COLUMNS FROM `xyh_tag` [ RunTime:0.0505s ]
SQL: SELECT DISTINCT  t.tag_name,t.id,t.num,t.hit FROM xyh_tag t INNER JOIN xyh_tag_index ti ON ti.tag_id = t.id  ORDER BY sort ASC,id DESC LIMIT 10   [ RunTime:0.0528s ]
SQL: SHOW COLUMNS FROM `xyh_product` [ RunTime:0.0499s ]
SQL: SELECT product.id AS id,product.title AS title,product.color AS color,product.keywords AS keywords,product.litpic AS litpic,product.description AS description,product.publish_time AS publish_time,product.update_time AS update_time,product.price AS price,product.market_price AS market_price,product.brand AS brand,product.units AS units,product.specification AS specification,product.click AS click,product.cid AS cid,product.point AS point,product.comment_flag AS comment_flag,product.flag AS flag,product.jump_url AS jump_url,product.delete_status AS delete_status,product.audit_status AS audit_status,product.user_id AS user_id,product.aid AS aid,category.name AS cate_name,category.ename AS ename,category.model_id AS model_id,category.status AS cate_status FROM xyh_product product LEFT JOIN xyh_category category ON product.cid = category.id WHERE product.delete_status = 0 AND product.audit_status = 1 AND category.status < 2 ORDER BY product.point DESC,product.id DESC LIMIT 10   [ RunTime:0.0483s ]
SQL: SHOW COLUMNS FROM `xyh_link` [ RunTime:0.0480s ]
SQL: SELECT * FROM `xyh_link` WHERE `id` > 0 ORDER BY sort ASC LIMIT 20   [ RunTime:0.0459s ]
INFO: Run Behavior\ParseTemplateBehavior [ RunTime:1.379302s ]
INFO: [ view_parse ] --END-- [ RunTime:1.379369s ]
INFO: [ view_filter ] --START--
INFO: Run Behavior\WriteHtmlCacheBehavior [ RunTime:0.000828s ]
INFO: [ view_filter ] --END-- [ RunTime:0.000907s ]
INFO: [ app_end ] --START--
INFO: Run Behavior\ShowPageTraceBehavior [ RunTime:0.001394s ]
INFO: [ app_end ] --END-- [ RunTime:0.001494s ]

