[ 2019-12-23T09:28:05+08:00 ] 192.168.2.119 /index.php?s=/Mobile/Index/index.html
INFO: [ app_init ] --START--
INFO: Run Behavior\BuildLiteBehavior [ RunTime:0.000006s ]
INFO: [ app_init ] --END-- [ RunTime:0.000182s ]
INFO: [ app_begin ] --START--
INFO: Run Behavior\ReadHtmlCacheBehavior [ RunTime:0.000428s ]
INFO: [ app_begin ] --END-- [ RunTime:0.000460s ]
INFO: [ view_parse ] --START--
INFO: [ template_filter ] --START--
INFO: Run Behavior\ContentReplaceBehavior [ RunTime:0.000082s ]
INFO: [ template_filter ] --END-- [ RunTime:0.000107s ]
SQL: SHOW COLUMNS FROM `xyh_product` [ RunTime:0.0464s ]
SQL: SHOW COLUMNS FROM `xyh_category` [ RunTime:0.0468s ]
SQL: SELECT product.id AS id,product.title AS title,product.color AS color,product.keywords AS keywords,product.litpic AS litpic,product.description AS description,product.publish_time AS publish_time,product.update_time AS update_time,product.price AS price,product.market_price AS market_price,product.brand AS brand,product.units AS units,product.specification AS specification,product.click AS click,product.cid AS cid,product.point AS point,product.comment_flag AS comment_flag,product.flag AS flag,product.jump_url AS jump_url,product.delete_status AS delete_status,product.audit_status AS audit_status,product.user_id AS user_id,product.aid AS aid,category.name AS cate_name,category.ename AS ename,category.model_id AS model_id,category.status AS cate_status FROM xyh_product product LEFT JOIN xyh_category category ON product.cid = category.id WHERE product.delete_status = 0 AND product.audit_status = 1 AND category.status < 2 ORDER BY product.id ASC LIMIT 3   [ RunTime:0.0463s ]
SQL: SHOW COLUMNS FROM `xyh_article` [ RunTime:0.0548s ]
SQL: SELECT article.id AS id,article.title AS title,article.short_title AS short_title,article.color AS color,article.copyfrom AS copyfrom,article.author AS author,article.keywords AS keywords,article.litpic AS litpic,article.description AS description,article.publish_time AS publish_time,article.update_time AS update_time,article.click AS click,article.cid AS cid,article.point AS point,article.comment_flag AS comment_flag,article.flag AS flag,article.jump_url AS jump_url,article.delete_status AS delete_status,article.audit_status AS audit_status,article.user_id AS user_id,article.aid AS aid,category.name AS cate_name,category.ename AS ename,category.model_id AS model_id,category.status AS cate_status FROM xyh_article article LEFT JOIN xyh_category category ON article.cid = category.id WHERE article.delete_status = 0 AND article.audit_status = 1 AND category.status < 2 ORDER BY article.point DESC,article.id DESC LIMIT 6   [ RunTime:0.0501s ]
SQL: SHOW COLUMNS FROM `xyh_tag` [ RunTime:0.0445s ]
SQL: SELECT DISTINCT  t.tag_name,t.id,t.num,t.hit FROM xyh_tag t INNER JOIN xyh_tag_index ti ON ti.tag_id = t.id  ORDER BY sort ASC,id DESC LIMIT 10   [ RunTime:0.0518s ]
SQL: SHOW COLUMNS FROM `xyh_link` [ RunTime:0.0537s ]
SQL: SELECT * FROM `xyh_link` WHERE `id` > 0 ORDER BY sort ASC LIMIT 20   [ RunTime:0.0433s ]
INFO: Run Behavior\ParseTemplateBehavior [ RunTime:0.612452s ]
INFO: [ view_parse ] --END-- [ RunTime:0.612493s ]
INFO: [ view_filter ] --START--
INFO: Run Behavior\WriteHtmlCacheBehavior [ RunTime:0.000450s ]
INFO: [ view_filter ] --END-- [ RunTime:0.000493s ]
INFO: [ app_end ] --START--
INFO: Run Behavior\ShowPageTraceBehavior [ RunTime:0.000909s ]
INFO: [ app_end ] --END-- [ RunTime:0.000996s ]

[ 2019-12-23T09:28:13+08:00 ] 192.168.2.119 /index.php?s=/Mobile/Index/index.html
INFO: [ app_init ] --START--
INFO: Run Behavior\BuildLiteBehavior [ RunTime:0.000005s ]
INFO: [ app_init ] --END-- [ RunTime:0.000196s ]
INFO: [ app_begin ] --START--
INFO: Run Behavior\ReadHtmlCacheBehavior [ RunTime:0.000269s ]
INFO: [ app_begin ] --END-- [ RunTime:0.000289s ]
INFO: [ view_parse ] --START--
INFO: [ template_filter ] --START--
INFO: Run Behavior\ContentReplaceBehavior [ RunTime:0.000082s ]
INFO: [ template_filter ] --END-- [ RunTime:0.000106s ]
SQL: SHOW COLUMNS FROM `xyh_product` [ RunTime:0.0618s ]
SQL: SHOW COLUMNS FROM `xyh_category` [ RunTime:0.0461s ]
SQL: SELECT product.id AS id,product.title AS title,product.color AS color,product.keywords AS keywords,product.litpic AS litpic,product.description AS description,product.publish_time AS publish_time,product.update_time AS update_time,product.price AS price,product.market_price AS market_price,product.brand AS brand,product.units AS units,product.specification AS specification,product.click AS click,product.cid AS cid,product.point AS point,product.comment_flag AS comment_flag,product.flag AS flag,product.jump_url AS jump_url,product.delete_status AS delete_status,product.audit_status AS audit_status,product.user_id AS user_id,product.aid AS aid,category.name AS cate_name,category.ename AS ename,category.model_id AS model_id,category.status AS cate_status FROM xyh_product product LEFT JOIN xyh_category category ON product.cid = category.id WHERE product.delete_status = 0 AND product.audit_status = 1 AND category.status < 2 ORDER BY product.id ASC LIMIT 3   [ RunTime:0.0599s ]
SQL: SHOW COLUMNS FROM `xyh_article` [ RunTime:0.0571s ]
SQL: SELECT article.id AS id,article.title AS title,article.short_title AS short_title,article.color AS color,article.copyfrom AS copyfrom,article.author AS author,article.keywords AS keywords,article.litpic AS litpic,article.description AS description,article.publish_time AS publish_time,article.update_time AS update_time,article.click AS click,article.cid AS cid,article.point AS point,article.comment_flag AS comment_flag,article.flag AS flag,article.jump_url AS jump_url,article.delete_status AS delete_status,article.audit_status AS audit_status,article.user_id AS user_id,article.aid AS aid,category.name AS cate_name,category.ename AS ename,category.model_id AS model_id,category.status AS cate_status FROM xyh_article article LEFT JOIN xyh_category category ON article.cid = category.id WHERE article.delete_status = 0 AND article.audit_status = 1 AND category.status < 2 ORDER BY article.point DESC,article.id DESC LIMIT 6   [ RunTime:0.0836s ]
SQL: SHOW COLUMNS FROM `xyh_tag` [ RunTime:0.0611s ]
SQL: SELECT DISTINCT  t.tag_name,t.id,t.num,t.hit FROM xyh_tag t INNER JOIN xyh_tag_index ti ON ti.tag_id = t.id  ORDER BY sort ASC,id DESC LIMIT 10   [ RunTime:0.3071s ]
SQL: SHOW COLUMNS FROM `xyh_link` [ RunTime:0.0716s ]
SQL: SELECT * FROM `xyh_link` WHERE `id` > 0 ORDER BY sort ASC LIMIT 20   [ RunTime:0.0705s ]
INFO: Run Behavior\ParseTemplateBehavior [ RunTime:1.000825s ]
INFO: [ view_parse ] --END-- [ RunTime:1.000886s ]
INFO: [ view_filter ] --START--
INFO: Run Behavior\WriteHtmlCacheBehavior [ RunTime:0.000891s ]
INFO: [ view_filter ] --END-- [ RunTime:0.000970s ]
INFO: [ app_end ] --START--
INFO: Run Behavior\ShowPageTraceBehavior [ RunTime:0.001507s ]
INFO: [ app_end ] --END-- [ RunTime:0.001597s ]

[ 2019-12-23T09:28:19+08:00 ] 192.168.2.119 /index.php?s=/Mobile/Index/index.html
INFO: [ app_init ] --START--
INFO: Run Behavior\BuildLiteBehavior [ RunTime:0.000008s ]
INFO: [ app_init ] --END-- [ RunTime:0.000331s ]
INFO: [ app_begin ] --START--
INFO: Run Behavior\ReadHtmlCacheBehavior [ RunTime:0.000421s ]
INFO: [ app_begin ] --END-- [ RunTime:0.000458s ]
INFO: [ view_parse ] --START--
INFO: [ template_filter ] --START--
INFO: Run Behavior\ContentReplaceBehavior [ RunTime:0.000081s ]
INFO: [ template_filter ] --END-- [ RunTime:0.000106s ]
SQL: SHOW COLUMNS FROM `xyh_product` [ RunTime:0.0427s ]
SQL: SHOW COLUMNS FROM `xyh_category` [ RunTime:0.0468s ]
SQL: SELECT product.id AS id,product.title AS title,product.color AS color,product.keywords AS keywords,product.litpic AS litpic,product.description AS description,product.publish_time AS publish_time,product.update_time AS update_time,product.price AS price,product.market_price AS market_price,product.brand AS brand,product.units AS units,product.specification AS specification,product.click AS click,product.cid AS cid,product.point AS point,product.comment_flag AS comment_flag,product.flag AS flag,product.jump_url AS jump_url,product.delete_status AS delete_status,product.audit_status AS audit_status,product.user_id AS user_id,product.aid AS aid,category.name AS cate_name,category.ename AS ename,category.model_id AS model_id,category.status AS cate_status FROM xyh_product product LEFT JOIN xyh_category category ON product.cid = category.id WHERE product.delete_status = 0 AND product.audit_status = 1 AND category.status < 2 ORDER BY product.id ASC LIMIT 3   [ RunTime:0.0525s ]
SQL: SHOW COLUMNS FROM `xyh_article` [ RunTime:0.0472s ]
SQL: SELECT article.id AS id,article.title AS title,article.short_title AS short_title,article.color AS color,article.copyfrom AS copyfrom,article.author AS author,article.keywords AS keywords,article.litpic AS litpic,article.description AS description,article.publish_time AS publish_time,article.update_time AS update_time,article.click AS click,article.cid AS cid,article.point AS point,article.comment_flag AS comment_flag,article.flag AS flag,article.jump_url AS jump_url,article.delete_status AS delete_status,article.audit_status AS audit_status,article.user_id AS user_id,article.aid AS aid,category.name AS cate_name,category.ename AS ename,category.model_id AS model_id,category.status AS cate_status FROM xyh_article article LEFT JOIN xyh_category category ON article.cid = category.id WHERE article.delete_status = 0 AND article.audit_status = 1 AND category.status < 2 ORDER BY article.point DESC,article.id DESC LIMIT 6   [ RunTime:0.0517s ]
SQL: SHOW COLUMNS FROM `xyh_tag` [ RunTime:0.0443s ]
SQL: SELECT DISTINCT  t.tag_name,t.id,t.num,t.hit FROM xyh_tag t INNER JOIN xyh_tag_index ti ON ti.tag_id = t.id  ORDER BY sort ASC,id DESC LIMIT 10   [ RunTime:0.0494s ]
SQL: SHOW COLUMNS FROM `xyh_link` [ RunTime:0.0459s ]
SQL: SELECT * FROM `xyh_link` WHERE `id` > 0 ORDER BY sort ASC LIMIT 20   [ RunTime:0.0420s ]
INFO: Run Behavior\ParseTemplateBehavior [ RunTime:0.569920s ]
INFO: [ view_parse ] --END-- [ RunTime:0.569945s ]
INFO: [ view_filter ] --START--
INFO: Run Behavior\WriteHtmlCacheBehavior [ RunTime:0.000222s ]
INFO: [ view_filter ] --END-- [ RunTime:0.000240s ]
INFO: [ app_end ] --START--
INFO: Run Behavior\ShowPageTraceBehavior [ RunTime:0.000453s ]
INFO: [ app_end ] --END-- [ RunTime:0.000477s ]

[ 2019-12-23T10:01:07+08:00 ] 192.168.2.119 /index.php?s=/Mobile/Index/index.html
INFO: [ app_init ] --START--
INFO: Run Behavior\BuildLiteBehavior [ RunTime:0.000016s ]
INFO: [ app_init ] --END-- [ RunTime:0.000685s ]
INFO: [ app_begin ] --START--
INFO: Run Behavior\ReadHtmlCacheBehavior [ RunTime:0.000945s ]
INFO: [ app_begin ] --END-- [ RunTime:0.001017s ]
INFO: [ view_parse ] --START--
INFO: [ template_filter ] --START--
INFO: Run Behavior\ContentReplaceBehavior [ RunTime:0.000158s ]
INFO: [ template_filter ] --END-- [ RunTime:0.000198s ]
SQL: SHOW COLUMNS FROM `xyh_product` [ RunTime:0.0488s ]
SQL: SHOW COLUMNS FROM `xyh_category` [ RunTime:0.0483s ]
SQL: SELECT product.id AS id,product.title AS title,product.color AS color,product.keywords AS keywords,product.litpic AS litpic,product.description AS description,product.publish_time AS publish_time,product.update_time AS update_time,product.price AS price,product.market_price AS market_price,product.brand AS brand,product.units AS units,product.specification AS specification,product.click AS click,product.cid AS cid,product.point AS point,product.comment_flag AS comment_flag,product.flag AS flag,product.jump_url AS jump_url,product.delete_status AS delete_status,product.audit_status AS audit_status,product.user_id AS user_id,product.aid AS aid,category.name AS cate_name,category.ename AS ename,category.model_id AS model_id,category.status AS cate_status FROM xyh_product product LEFT JOIN xyh_category category ON product.cid = category.id WHERE product.delete_status = 0 AND product.audit_status = 1 AND category.status < 2 ORDER BY product.id ASC LIMIT 3   [ RunTime:0.0441s ]
SQL: SHOW COLUMNS FROM `xyh_article` [ RunTime:0.0446s ]
SQL: SELECT article.id AS id,article.title AS title,article.short_title AS short_title,article.color AS color,article.copyfrom AS copyfrom,article.author AS author,article.keywords AS keywords,article.litpic AS litpic,article.description AS description,article.publish_time AS publish_time,article.update_time AS update_time,article.click AS click,article.cid AS cid,article.point AS point,article.comment_flag AS comment_flag,article.flag AS flag,article.jump_url AS jump_url,article.delete_status AS delete_status,article.audit_status AS audit_status,article.user_id AS user_id,article.aid AS aid,category.name AS cate_name,category.ename AS ename,category.model_id AS model_id,category.status AS cate_status FROM xyh_article article LEFT JOIN xyh_category category ON article.cid = category.id WHERE article.delete_status = 0 AND article.audit_status = 1 AND category.status < 2 ORDER BY article.point DESC,article.id DESC LIMIT 6   [ RunTime:0.0525s ]
SQL: SHOW COLUMNS FROM `xyh_tag` [ RunTime:0.0474s ]
SQL: SELECT DISTINCT  t.tag_name,t.id,t.num,t.hit FROM xyh_tag t INNER JOIN xyh_tag_index ti ON ti.tag_id = t.id  ORDER BY sort ASC,id DESC LIMIT 10   [ RunTime:0.0534s ]
SQL: SHOW COLUMNS FROM `xyh_link` [ RunTime:0.0911s ]
SQL: SELECT * FROM `xyh_link` WHERE `id` > 0 ORDER BY sort ASC LIMIT 20   [ RunTime:0.0581s ]
INFO: Run Behavior\ParseTemplateBehavior [ RunTime:0.661197s ]
INFO: [ view_parse ] --END-- [ RunTime:0.661300s ]
INFO: [ view_filter ] --START--
INFO: Run Behavior\WriteHtmlCacheBehavior [ RunTime:0.000636s ]
INFO: [ view_filter ] --END-- [ RunTime:0.000702s ]
INFO: [ app_end ] --START--
INFO: Run Behavior\ShowPageTraceBehavior [ RunTime:0.001250s ]
INFO: [ app_end ] --END-- [ RunTime:0.001343s ]

