[ 2019-12-25T10:21:32+08:00 ] 192.168.2.121 /index.php/api/show/index?id=4
INFO: [ app_init ] --START--
INFO: Run Behavior\BuildLiteBehavior [ RunTime:0.000015s ]
INFO: [ app_init ] --END-- [ RunTime:0.000392s ]
INFO: [ app_begin ] --START--
INFO: Run Behavior\ReadHtmlCacheBehavior [ RunTime:0.001116s ]
INFO: [ app_begin ] --END-- [ RunTime:0.001205s ]
SQL: SHOW COLUMNS FROM `xyh_search_all` [ RunTime:0.0505s ]
SQL: SELECT a.arc_id,c.name as cate_name,c.seo_title,a.title,b.description,b.content,a.litpic,b.publish_time,a.cid FROM xyh_search_all a INNER JOIN xyh_category c ON c.id = a.cid INNER JOIN xyh_article b ON b.id = a.arc_id  WHERE c.id = 4 AND b.delete_status = 0 ORDER BY b.pubLish_time DESC  [ RunTime:0.0527s ]
ERR: Call to undefined function Api\Controller\rData()

[ 2019-12-25T10:23:32+08:00 ] 192.168.2.121 /index.php/api/show/index?id=2
INFO: [ app_init ] --START--
INFO: Run Behavior\BuildLiteBehavior [ RunTime:0.000006s ]
INFO: [ app_init ] --END-- [ RunTime:0.000217s ]
INFO: [ app_begin ] --START--
INFO: Run Behavior\ReadHtmlCacheBehavior [ RunTime:0.000318s ]
INFO: [ app_begin ] --END-- [ RunTime:0.000343s ]
SQL: SHOW COLUMNS FROM `xyh_search_all` [ RunTime:0.0419s ]
SQL: SELECT a.arc_id,c.name as cate_name,c.seo_title,a.title,b.description,b.content,a.litpic,b.publish_time,a.cid FROM xyh_search_all a INNER JOIN xyh_category c ON c.id = a.cid INNER JOIN xyh_article b ON b.id = a.arc_id  WHERE c.id = 2 AND b.delete_status = 0 ORDER BY b.pubLish_time DESC  [ RunTime:0.0515s ]
ERR: Call to undefined function Api\Controller\rData()

[ 2019-12-25T10:24:00+08:00 ] 192.168.2.121 /index.php/api/show/index?id=2
INFO: [ app_init ] --START--
INFO: Run Behavior\BuildLiteBehavior [ RunTime:0.000006s ]
INFO: [ app_init ] --END-- [ RunTime:0.000260s ]
INFO: [ app_begin ] --START--
INFO: Run Behavior\ReadHtmlCacheBehavior [ RunTime:0.000316s ]
INFO: [ app_begin ] --END-- [ RunTime:0.000340s ]
SQL: SHOW COLUMNS FROM `xyh_search_all` [ RunTime:0.0544s ]
SQL: SELECT a.arc_id,c.name as cate_name,c.seo_title,a.title,b.description,b.content,a.litpic,b.publish_time,a.cid FROM xyh_search_all a INNER JOIN xyh_category c ON c.id = a.cid INNER JOIN xyh_article b ON b.id = a.arc_id  WHERE c.id = 2 AND b.delete_status = 0 ORDER BY b.pubLish_time DESC  [ RunTime:0.0458s ]
INFO: [ app_end ] --START--
INFO: Run Behavior\ShowPageTraceBehavior [ RunTime:0.001474s ]
INFO: [ app_end ] --END-- [ RunTime:0.001589s ]

[ 2019-12-25T10:48:50+08:00 ] 192.168.2.121 /index.php/api/show/index?id=2
INFO: [ app_init ] --START--
INFO: Run Behavior\BuildLiteBehavior [ RunTime:0.000006s ]
INFO: [ app_init ] --END-- [ RunTime:0.000252s ]
INFO: [ app_begin ] --START--
INFO: Run Behavior\ReadHtmlCacheBehavior [ RunTime:0.000297s ]
INFO: [ app_begin ] --END-- [ RunTime:0.000319s ]
SQL: SHOW COLUMNS FROM `xyh_search_all` [ RunTime:0.0513s ]
SQL: SELECT a.arc_id,c.name as cate_name,c.seo_title,a.title,b.description,b.content,a.litpic,b.publish_time,a.cid FROM xyh_search_all a INNER JOIN xyh_category c ON c.id = a.cid INNER JOIN xyh_article b ON b.id = a.arc_id  WHERE c.id = 2 AND b.delete_status = 0 ORDER BY b.pubLish_time DESC  [ RunTime:0.0459s ]
ERR: Call to undefined function Api\Controller\rData()

[ 2019-12-25T10:50:29+08:00 ] 192.168.2.121 /index.php/api/show/index?id=2
INFO: [ app_init ] --START--
INFO: Run Behavior\BuildLiteBehavior [ RunTime:0.000007s ]
INFO: [ app_init ] --END-- [ RunTime:0.000248s ]
INFO: [ app_begin ] --START--
INFO: Run Behavior\ReadHtmlCacheBehavior [ RunTime:0.000437s ]
INFO: [ app_begin ] --END-- [ RunTime:0.000470s ]
SQL: SHOW COLUMNS FROM `xyh_search_all` [ RunTime:0.0530s ]
SQL: SELECT a.arc_id,c.name as cate_name,c.seo_title,a.title,b.description,b.content,a.litpic,b.publish_time,a.cid FROM xyh_search_all a INNER JOIN xyh_category c ON c.id = a.cid INNER JOIN xyh_article b ON b.id = a.arc_id  WHERE c.id = 2 AND b.delete_status = 0 ORDER BY b.pubLish_time DESC  [ RunTime:0.0472s ]
ERR: Call to undefined function Api\Controller\rData()

[ 2019-12-25T10:50:35+08:00 ] 192.168.2.121 /index.php/api/show/index?id=2
INFO: [ app_init ] --START--
INFO: Run Behavior\BuildLiteBehavior [ RunTime:0.000005s ]
INFO: [ app_init ] --END-- [ RunTime:0.000205s ]
INFO: [ app_begin ] --START--
INFO: Run Behavior\ReadHtmlCacheBehavior [ RunTime:0.000275s ]
INFO: [ app_begin ] --END-- [ RunTime:0.000296s ]
SQL: SHOW COLUMNS FROM `xyh_search_all` [ RunTime:0.0431s ]
SQL: SELECT a.arc_id,c.name as cate_name,c.seo_title,a.title,b.description,b.content,a.litpic,b.publish_time,a.cid FROM xyh_search_all a INNER JOIN xyh_category c ON c.id = a.cid INNER JOIN xyh_article b ON b.id = a.arc_id  WHERE c.id = 2 AND b.delete_status = 0 ORDER BY b.pubLish_time DESC  [ RunTime:0.0450s ]
ERR: Call to undefined function Api\Controller\rData()

[ 2019-12-25T10:55:54+08:00 ] 192.168.2.121 /index.php/api/show/index?id=2
INFO: [ app_init ] --START--
INFO: Run Behavior\BuildLiteBehavior [ RunTime:0.000007s ]
INFO: [ app_init ] --END-- [ RunTime:0.000351s ]
INFO: [ app_begin ] --START--
INFO: Run Behavior\ReadHtmlCacheBehavior [ RunTime:0.000414s ]
INFO: [ app_begin ] --END-- [ RunTime:0.000446s ]
SQL: SHOW COLUMNS FROM `xyh_search_all` [ RunTime:0.0476s ]
SQL: SELECT a.arc_id,c.name as cate_name,c.seo_title,a.title,b.description,b.content,a.litpic,b.publish_time,a.cid FROM xyh_search_all a INNER JOIN xyh_category c ON c.id = a.cid INNER JOIN xyh_article b ON b.id = a.arc_id  WHERE c.id = 2 AND b.delete_status = 0 ORDER BY b.pubLish_time DESC  [ RunTime:0.0507s ]
ERR: Call to undefined function Api\Controller\rData()

[ 2019-12-25T10:56:02+08:00 ] 192.168.2.121 /index.php/api/show/index?id=2
INFO: [ app_init ] --START--
INFO: Run Behavior\BuildLiteBehavior [ RunTime:0.000007s ]
INFO: [ app_init ] --END-- [ RunTime:0.000266s ]
INFO: [ app_begin ] --START--
INFO: Run Behavior\ReadHtmlCacheBehavior [ RunTime:0.000395s ]
INFO: [ app_begin ] --END-- [ RunTime:0.000426s ]
SQL: SHOW COLUMNS FROM `xyh_search_all` [ RunTime:0.0496s ]
SQL: SELECT a.arc_id,c.name as cate_name,c.seo_title,a.title,b.description,b.content,a.litpic,b.publish_time,a.cid FROM xyh_search_all a INNER JOIN xyh_category c ON c.id = a.cid INNER JOIN xyh_article b ON b.id = a.arc_id  WHERE c.id = 2 AND b.delete_status = 0 ORDER BY b.pubLish_time DESC  [ RunTime:0.0448s ]
ERR: Call to undefined function Api\Controller\rData()

[ 2019-12-25T10:56:03+08:00 ] 192.168.2.121 /index.php/api/show/index?id=2
INFO: [ app_init ] --START--
INFO: Run Behavior\BuildLiteBehavior [ RunTime:0.000007s ]
INFO: [ app_init ] --END-- [ RunTime:0.000275s ]
INFO: [ app_begin ] --START--
INFO: Run Behavior\ReadHtmlCacheBehavior [ RunTime:0.000380s ]
INFO: [ app_begin ] --END-- [ RunTime:0.000414s ]
SQL: SHOW COLUMNS FROM `xyh_search_all` [ RunTime:0.0503s ]
SQL: SELECT a.arc_id,c.name as cate_name,c.seo_title,a.title,b.description,b.content,a.litpic,b.publish_time,a.cid FROM xyh_search_all a INNER JOIN xyh_category c ON c.id = a.cid INNER JOIN xyh_article b ON b.id = a.arc_id  WHERE c.id = 2 AND b.delete_status = 0 ORDER BY b.pubLish_time DESC  [ RunTime:0.0437s ]
ERR: Call to undefined function Api\Controller\rData()

[ 2019-12-25T10:56:27+08:00 ] 192.168.2.121 /index.php/api/show/index?id=2
INFO: [ app_init ] --START--
INFO: Run Behavior\BuildLiteBehavior [ RunTime:0.000008s ]
INFO: [ app_init ] --END-- [ RunTime:0.000286s ]
INFO: [ app_begin ] --START--
INFO: Run Behavior\ReadHtmlCacheBehavior [ RunTime:0.000342s ]
INFO: [ app_begin ] --END-- [ RunTime:0.000372s ]
SQL: SHOW COLUMNS FROM `xyh_search_all` [ RunTime:0.0528s ]
SQL: SELECT a.arc_id,c.name as cate_name,c.seo_title,a.title,b.description,b.content,a.litpic,b.publish_time,a.cid FROM xyh_search_all a INNER JOIN xyh_category c ON c.id = a.cid INNER JOIN xyh_article b ON b.id = a.arc_id  WHERE c.id = 2 AND b.delete_status = 0 ORDER BY b.pubLish_time DESC  [ RunTime:0.0457s ]
ERR: Call to undefined function Api\Controller\rData()

[ 2019-12-25T10:56:46+08:00 ] 192.168.2.121 /index.php/api/show/index?id=2
INFO: [ app_init ] --START--
INFO: Run Behavior\BuildLiteBehavior [ RunTime:0.000006s ]
INFO: [ app_init ] --END-- [ RunTime:0.000204s ]
INFO: [ app_begin ] --START--
INFO: Run Behavior\ReadHtmlCacheBehavior [ RunTime:0.000269s ]
INFO: [ app_begin ] --END-- [ RunTime:0.000288s ]
SQL: SHOW COLUMNS FROM `xyh_search_all` [ RunTime:0.0476s ]
SQL: SELECT a.arc_id,c.name as cate_name,c.seo_title,a.title,b.description,b.content,a.litpic,b.publish_time,a.cid FROM xyh_search_all a INNER JOIN xyh_category c ON c.id = a.cid INNER JOIN xyh_article b ON b.id = a.arc_id  WHERE c.id = 2 AND b.delete_status = 0 ORDER BY b.pubLish_time DESC  [ RunTime:0.0450s ]
ERR: Call to undefined function Api\Controller\rData()

[ 2019-12-25T10:56:49+08:00 ] 192.168.2.121 /index.php/api/show/index?id=2
INFO: [ app_init ] --START--
INFO: Run Behavior\BuildLiteBehavior [ RunTime:0.000006s ]
INFO: [ app_init ] --END-- [ RunTime:0.000200s ]
INFO: [ app_begin ] --START--
INFO: Run Behavior\ReadHtmlCacheBehavior [ RunTime:0.000672s ]
INFO: [ app_begin ] --END-- [ RunTime:0.000727s ]
SQL: SHOW COLUMNS FROM `xyh_search_all` [ RunTime:0.0460s ]
SQL: SELECT a.arc_id,c.name as cate_name,c.seo_title,a.title,b.description,b.content,a.litpic,b.publish_time,a.cid FROM xyh_search_all a INNER JOIN xyh_category c ON c.id = a.cid INNER JOIN xyh_article b ON b.id = a.arc_id  WHERE c.id = 2 AND b.delete_status = 0 ORDER BY b.pubLish_time DESC  [ RunTime:0.0485s ]
ERR: Call to undefined function Api\Controller\rData()

[ 2019-12-25T10:56:49+08:00 ] 192.168.2.121 /index.php/api/show/index?id=2
INFO: [ app_init ] --START--
INFO: Run Behavior\BuildLiteBehavior [ RunTime:0.000007s ]
INFO: [ app_init ] --END-- [ RunTime:0.000274s ]
INFO: [ app_begin ] --START--
INFO: Run Behavior\ReadHtmlCacheBehavior [ RunTime:0.000452s ]
INFO: [ app_begin ] --END-- [ RunTime:0.000488s ]
SQL: SHOW COLUMNS FROM `xyh_search_all` [ RunTime:0.0459s ]
SQL: SELECT a.arc_id,c.name as cate_name,c.seo_title,a.title,b.description,b.content,a.litpic,b.publish_time,a.cid FROM xyh_search_all a INNER JOIN xyh_category c ON c.id = a.cid INNER JOIN xyh_article b ON b.id = a.arc_id  WHERE c.id = 2 AND b.delete_status = 0 ORDER BY b.pubLish_time DESC  [ RunTime:0.0420s ]
ERR: Call to undefined function Api\Controller\rData()

[ 2019-12-25T10:56:55+08:00 ] 192.168.2.121 /index.php/api/show/index?id=2
INFO: [ app_init ] --START--
INFO: Run Behavior\BuildLiteBehavior [ RunTime:0.000008s ]
INFO: [ app_init ] --END-- [ RunTime:0.000316s ]
INFO: [ app_begin ] --START--
INFO: Run Behavior\ReadHtmlCacheBehavior [ RunTime:0.000381s ]
INFO: [ app_begin ] --END-- [ RunTime:0.000416s ]
SQL: SHOW COLUMNS FROM `xyh_search_all` [ RunTime:0.0486s ]
SQL: SELECT a.arc_id,c.name as cate_name,c.seo_title,a.title,b.description,b.content,a.litpic,b.publish_time,a.cid FROM xyh_search_all a INNER JOIN xyh_category c ON c.id = a.cid INNER JOIN xyh_article b ON b.id = a.arc_id  WHERE c.id = 2 AND b.delete_status = 0 ORDER BY b.pubLish_time DESC  [ RunTime:0.0526s ]
ERR: Call to undefined function Api\Controller\rData()

[ 2019-12-25T10:56:56+08:00 ] 192.168.2.121 /index.php/api/show/index?id=2
INFO: [ app_init ] --START--
INFO: Run Behavior\BuildLiteBehavior [ RunTime:0.000006s ]
INFO: [ app_init ] --END-- [ RunTime:0.000284s ]
INFO: [ app_begin ] --START--
INFO: Run Behavior\ReadHtmlCacheBehavior [ RunTime:0.000483s ]
INFO: [ app_begin ] --END-- [ RunTime:0.000522s ]
SQL: SHOW COLUMNS FROM `xyh_search_all` [ RunTime:0.0425s ]
SQL: SELECT a.arc_id,c.name as cate_name,c.seo_title,a.title,b.description,b.content,a.litpic,b.publish_time,a.cid FROM xyh_search_all a INNER JOIN xyh_category c ON c.id = a.cid INNER JOIN xyh_article b ON b.id = a.arc_id  WHERE c.id = 2 AND b.delete_status = 0 ORDER BY b.pubLish_time DESC  [ RunTime:0.0430s ]
ERR: Call to undefined function Api\Controller\rData()

[ 2019-12-25T10:56:58+08:00 ] 192.168.2.121 /index.php/api/show/index?id=2
INFO: [ app_init ] --START--
INFO: Run Behavior\BuildLiteBehavior [ RunTime:0.000006s ]
INFO: [ app_init ] --END-- [ RunTime:0.000202s ]
INFO: [ app_begin ] --START--
INFO: Run Behavior\ReadHtmlCacheBehavior [ RunTime:0.000269s ]
INFO: [ app_begin ] --END-- [ RunTime:0.000290s ]
SQL: SHOW COLUMNS FROM `xyh_search_all` [ RunTime:0.0431s ]
SQL: SELECT a.arc_id,c.name as cate_name,c.seo_title,a.title,b.description,b.content,a.litpic,b.publish_time,a.cid FROM xyh_search_all a INNER JOIN xyh_category c ON c.id = a.cid INNER JOIN xyh_article b ON b.id = a.arc_id  WHERE c.id = 2 AND b.delete_status = 0 ORDER BY b.pubLish_time DESC  [ RunTime:0.0518s ]
ERR: Call to undefined function Api\Controller\rData()

[ 2019-12-25T10:56:59+08:00 ] 192.168.2.121 /index.php/api/show/index?id=2
INFO: [ app_init ] --START--
INFO: Run Behavior\BuildLiteBehavior [ RunTime:0.000008s ]
INFO: [ app_init ] --END-- [ RunTime:0.000287s ]
INFO: [ app_begin ] --START--
INFO: Run Behavior\ReadHtmlCacheBehavior [ RunTime:0.000373s ]
INFO: [ app_begin ] --END-- [ RunTime:0.000403s ]
SQL: SHOW COLUMNS FROM `xyh_search_all` [ RunTime:0.0490s ]
SQL: SELECT a.arc_id,c.name as cate_name,c.seo_title,a.title,b.description,b.content,a.litpic,b.publish_time,a.cid FROM xyh_search_all a INNER JOIN xyh_category c ON c.id = a.cid INNER JOIN xyh_article b ON b.id = a.arc_id  WHERE c.id = 2 AND b.delete_status = 0 ORDER BY b.pubLish_time DESC  [ RunTime:0.0529s ]
ERR: Call to undefined function Api\Controller\rData()

[ 2019-12-25T10:57:00+08:00 ] 192.168.2.121 /index.php/api/show/index?id=2
INFO: [ app_init ] --START--
INFO: Run Behavior\BuildLiteBehavior [ RunTime:0.000009s ]
INFO: [ app_init ] --END-- [ RunTime:0.000378s ]
INFO: [ app_begin ] --START--
INFO: Run Behavior\ReadHtmlCacheBehavior [ RunTime:0.000441s ]
INFO: [ app_begin ] --END-- [ RunTime:0.000478s ]
SQL: SHOW COLUMNS FROM `xyh_search_all` [ RunTime:0.0494s ]
SQL: SELECT a.arc_id,c.name as cate_name,c.seo_title,a.title,b.description,b.content,a.litpic,b.publish_time,a.cid FROM xyh_search_all a INNER JOIN xyh_category c ON c.id = a.cid INNER JOIN xyh_article b ON b.id = a.arc_id  WHERE c.id = 2 AND b.delete_status = 0 ORDER BY b.pubLish_time DESC  [ RunTime:0.0481s ]
ERR: Call to undefined function Api\Controller\rData()

[ 2019-12-25T10:57:01+08:00 ] 192.168.2.121 /index.php/api/show/index?id=2
INFO: [ app_init ] --START--
INFO: Run Behavior\BuildLiteBehavior [ RunTime:0.000007s ]
INFO: [ app_init ] --END-- [ RunTime:0.000254s ]
INFO: [ app_begin ] --START--
INFO: Run Behavior\ReadHtmlCacheBehavior [ RunTime:0.000290s ]
INFO: [ app_begin ] --END-- [ RunTime:0.000315s ]
SQL: SHOW COLUMNS FROM `xyh_search_all` [ RunTime:0.0478s ]
SQL: SELECT a.arc_id,c.name as cate_name,c.seo_title,a.title,b.description,b.content,a.litpic,b.publish_time,a.cid FROM xyh_search_all a INNER JOIN xyh_category c ON c.id = a.cid INNER JOIN xyh_article b ON b.id = a.arc_id  WHERE c.id = 2 AND b.delete_status = 0 ORDER BY b.pubLish_time DESC  [ RunTime:0.0431s ]
ERR: Call to undefined function Api\Controller\rData()

[ 2019-12-25T11:06:47+08:00 ] 192.168.2.121 /index.php/api/show/index?id=2
INFO: [ app_init ] --START--
INFO: Run Behavior\BuildLiteBehavior [ RunTime:0.000008s ]
INFO: [ app_init ] --END-- [ RunTime:0.000362s ]
INFO: [ app_begin ] --START--
INFO: Run Behavior\ReadHtmlCacheBehavior [ RunTime:0.000363s ]
INFO: [ app_begin ] --END-- [ RunTime:0.000394s ]
SQL: SHOW COLUMNS FROM `xyh_search_all` [ RunTime:0.0445s ]
SQL: SELECT a.arc_id,c.name as cate_name,c.seo_title,a.title,b.description,b.content,a.litpic,b.publish_time,a.cid FROM xyh_search_all a INNER JOIN xyh_category c ON c.id = a.cid INNER JOIN xyh_article b ON b.id = a.arc_id  WHERE c.id = 2 AND b.delete_status = 0 ORDER BY b.pubLish_time DESC  [ RunTime:0.0489s ]
ERR: Call to undefined function Api\Controller\rData()

[ 2019-12-25T11:06:48+08:00 ] 192.168.2.121 /index.php/api/show/index?id=2
INFO: [ app_init ] --START--
INFO: Run Behavior\BuildLiteBehavior [ RunTime:0.000007s ]
INFO: [ app_init ] --END-- [ RunTime:0.000295s ]
INFO: [ app_begin ] --START--
INFO: Run Behavior\ReadHtmlCacheBehavior [ RunTime:0.000404s ]
INFO: [ app_begin ] --END-- [ RunTime:0.000436s ]
SQL: SHOW COLUMNS FROM `xyh_search_all` [ RunTime:0.0433s ]
SQL: SELECT a.arc_id,c.name as cate_name,c.seo_title,a.title,b.description,b.content,a.litpic,b.publish_time,a.cid FROM xyh_search_all a INNER JOIN xyh_category c ON c.id = a.cid INNER JOIN xyh_article b ON b.id = a.arc_id  WHERE c.id = 2 AND b.delete_status = 0 ORDER BY b.pubLish_time DESC  [ RunTime:0.0508s ]
ERR: Call to undefined function Api\Controller\rData()

[ 2019-12-25T11:21:12+08:00 ] 192.168.2.121 /index.php/api/show/index?id=2
INFO: [ app_init ] --START--
INFO: Run Behavior\BuildLiteBehavior [ RunTime:0.000008s ]
INFO: [ app_init ] --END-- [ RunTime:0.000359s ]
INFO: [ app_begin ] --START--
INFO: Run Behavior\ReadHtmlCacheBehavior [ RunTime:0.000471s ]
INFO: [ app_begin ] --END-- [ RunTime:0.000508s ]
SQL: SHOW COLUMNS FROM `xyh_search_all` [ RunTime:0.0463s ]
SQL: SELECT a.arc_id,c.name as cate_name,c.seo_title,a.title,b.description,b.content,a.litpic,b.publish_time,a.cid FROM xyh_search_all a INNER JOIN xyh_category c ON c.id = a.cid INNER JOIN xyh_article b ON b.id = a.arc_id  WHERE c.id = 2 AND b.delete_status = 0 ORDER BY b.pubLish_time DESC  [ RunTime:0.0520s ]
ERR: Call to undefined function Api\Controller\rData()

[ 2019-12-25T11:21:12+08:00 ] 192.168.2.121 /index.php/api/show/index?id=2
INFO: [ app_init ] --START--
INFO: Run Behavior\BuildLiteBehavior [ RunTime:0.000007s ]
INFO: [ app_init ] --END-- [ RunTime:0.000302s ]
INFO: [ app_begin ] --START--
INFO: Run Behavior\ReadHtmlCacheBehavior [ RunTime:0.000382s ]
INFO: [ app_begin ] --END-- [ RunTime:0.000416s ]
SQL: SHOW COLUMNS FROM `xyh_search_all` [ RunTime:0.0524s ]
SQL: SELECT a.arc_id,c.name as cate_name,c.seo_title,a.title,b.description,b.content,a.litpic,b.publish_time,a.cid FROM xyh_search_all a INNER JOIN xyh_category c ON c.id = a.cid INNER JOIN xyh_article b ON b.id = a.arc_id  WHERE c.id = 2 AND b.delete_status = 0 ORDER BY b.pubLish_time DESC  [ RunTime:0.0517s ]
ERR: Call to undefined function Api\Controller\rData()

[ 2019-12-25T11:27:49+08:00 ] 192.168.2.121 /index.php/api/show/index?id=2
INFO: [ app_init ] --START--
INFO: Run Behavior\BuildLiteBehavior [ RunTime:0.000006s ]
INFO: [ app_init ] --END-- [ RunTime:0.000237s ]
INFO: [ app_begin ] --START--
INFO: Run Behavior\ReadHtmlCacheBehavior [ RunTime:0.000337s ]
INFO: [ app_begin ] --END-- [ RunTime:0.000364s ]
SQL: SHOW COLUMNS FROM `xyh_search_all` [ RunTime:0.0511s ]
SQL: SELECT a.arc_id,c.name as cate_name,c.seo_title,a.title,b.description,b.content,a.litpic,b.publish_time,a.cid FROM xyh_search_all a INNER JOIN xyh_category c ON c.id = a.cid INNER JOIN xyh_article b ON b.id = a.arc_id  WHERE c.id = 2 AND b.delete_status = 0 ORDER BY b.pubLish_time DESC  [ RunTime:0.0466s ]

[ 2019-12-25T11:28:01+08:00 ] 192.168.2.121 /index.php/api/show/index?id=2
INFO: [ app_init ] --START--
INFO: Run Behavior\BuildLiteBehavior [ RunTime:0.000008s ]
INFO: [ app_init ] --END-- [ RunTime:0.000341s ]
INFO: [ app_begin ] --START--
INFO: Run Behavior\ReadHtmlCacheBehavior [ RunTime:0.000417s ]
INFO: [ app_begin ] --END-- [ RunTime:0.000452s ]
SQL: SHOW COLUMNS FROM `xyh_search_all` [ RunTime:0.0482s ]
SQL: SELECT a.arc_id,c.name as cate_name,c.seo_title,a.title,b.description,b.content,a.litpic,b.publish_time,a.cid FROM xyh_search_all a INNER JOIN xyh_category c ON c.id = a.cid INNER JOIN xyh_article b ON b.id = a.arc_id  WHERE c.id = 2 AND b.delete_status = 0 ORDER BY b.pubLish_time DESC  [ RunTime:0.0506s ]

[ 2019-12-25T11:28:51+08:00 ] 192.168.2.121 /index.php/api/show/index?id=2
INFO: [ app_init ] --START--
INFO: Run Behavior\BuildLiteBehavior [ RunTime:0.000008s ]
INFO: [ app_init ] --END-- [ RunTime:0.000288s ]
INFO: [ app_begin ] --START--
INFO: Run Behavior\ReadHtmlCacheBehavior [ RunTime:0.000472s ]
INFO: [ app_begin ] --END-- [ RunTime:0.000511s ]
SQL: SHOW COLUMNS FROM `xyh_search_all` [ RunTime:0.0534s ]
SQL: SELECT a.arc_id,c.name as cate_name,c.seo_title,a.title,b.description,b.content,a.litpic,b.publish_time,a.cid FROM xyh_search_all a INNER JOIN xyh_category c ON c.id = a.cid INNER JOIN xyh_article b ON b.id = a.arc_id  WHERE c.id = 2 AND b.delete_status = 0 ORDER BY b.pubLish_time DESC  [ RunTime:0.0424s ]
ERR: Call to undefined function Api\Controller\rData()

[ 2019-12-25T11:29:03+08:00 ] 192.168.2.121 /index.php/api/show/index?id=2
INFO: [ app_init ] --START--
INFO: Run Behavior\BuildLiteBehavior [ RunTime:0.000006s ]
INFO: [ app_init ] --END-- [ RunTime:0.000198s ]
INFO: [ app_begin ] --START--
INFO: Run Behavior\ReadHtmlCacheBehavior [ RunTime:0.000286s ]
INFO: [ app_begin ] --END-- [ RunTime:0.000308s ]
SQL: SHOW COLUMNS FROM `xyh_search_all` [ RunTime:0.0467s ]
SQL: SELECT a.arc_id,c.name as cate_name,c.seo_title,a.title,b.description,b.content,a.litpic,b.publish_time,a.cid FROM xyh_search_all a INNER JOIN xyh_category c ON c.id = a.cid INNER JOIN xyh_article b ON b.id = a.arc_id  WHERE c.id = 2 AND b.delete_status = 0 ORDER BY b.pubLish_time DESC  [ RunTime:0.0477s ]
ERR: Call to undefined function Api\Controller\rData()

[ 2019-12-25T11:29:05+08:00 ] 192.168.2.121 /index.php/api/show/index?id=2
INFO: [ app_init ] --START--
INFO: Run Behavior\BuildLiteBehavior [ RunTime:0.000007s ]
INFO: [ app_init ] --END-- [ RunTime:0.000292s ]
INFO: [ app_begin ] --START--
INFO: Run Behavior\ReadHtmlCacheBehavior [ RunTime:0.000281s ]
INFO: [ app_begin ] --END-- [ RunTime:0.000302s ]
SQL: SHOW COLUMNS FROM `xyh_search_all` [ RunTime:0.0506s ]
SQL: SELECT a.arc_id,c.name as cate_name,c.seo_title,a.title,b.description,b.content,a.litpic,b.publish_time,a.cid FROM xyh_search_all a INNER JOIN xyh_category c ON c.id = a.cid INNER JOIN xyh_article b ON b.id = a.arc_id  WHERE c.id = 2 AND b.delete_status = 0 ORDER BY b.pubLish_time DESC  [ RunTime:0.0436s ]
ERR: Call to undefined function Api\Controller\rData()

[ 2019-12-25T11:30:37+08:00 ] 192.168.2.121 /index.php/api/show/index?id=2
INFO: [ app_init ] --START--
INFO: Run Behavior\BuildLiteBehavior [ RunTime:0.000006s ]
INFO: [ app_init ] --END-- [ RunTime:0.000246s ]
INFO: [ app_begin ] --START--
INFO: Run Behavior\ReadHtmlCacheBehavior [ RunTime:0.000437s ]
INFO: [ app_begin ] --END-- [ RunTime:0.000473s ]
SQL: SHOW COLUMNS FROM `xyh_search_all` [ RunTime:0.0487s ]
SQL: SELECT a.arc_id,c.name as cate_name,c.seo_title,a.title,b.description,b.content,a.litpic,b.publish_time,a.cid FROM xyh_search_all a INNER JOIN xyh_category c ON c.id = a.cid INNER JOIN xyh_article b ON b.id = a.arc_id  WHERE c.id = 2 AND b.delete_status = 0 ORDER BY b.pubLish_time DESC  [ RunTime:0.0559s ]

[ 2019-12-25T11:31:10+08:00 ] 192.168.2.121 /index.php/api/show/nav?id=2
INFO: [ app_init ] --START--
INFO: Run Behavior\BuildLiteBehavior [ RunTime:0.000006s ]
INFO: [ app_init ] --END-- [ RunTime:0.000215s ]
INFO: [ app_begin ] --START--
INFO: Run Behavior\ReadHtmlCacheBehavior [ RunTime:0.000276s ]
INFO: [ app_begin ] --END-- [ RunTime:0.000299s ]
SQL: SHOW COLUMNS FROM `xyh_category` [ RunTime:0.0517s ]
SQL: SHOW COLUMNS FROM `xyh_model` [ RunTime:0.0438s ]
SQL: SELECT category.id AS id,category.name AS name,category.seo_title AS seo_title,category.cat_pic AS cat_pic,category.content AS content FROM xyh_category category LEFT JOIN xyh_model model ON category.model_id = model.id WHERE ( pid = 2 ) ORDER BY category.sort ASC,category.id ASC  [ RunTime:0.0532s ]

[ 2019-12-25T11:31:23+08:00 ] 192.168.2.121 /index.php/api/show/nav?id=1
INFO: [ app_init ] --START--
INFO: Run Behavior\BuildLiteBehavior [ RunTime:0.000008s ]
INFO: [ app_init ] --END-- [ RunTime:0.000305s ]
INFO: [ app_begin ] --START--
INFO: Run Behavior\ReadHtmlCacheBehavior [ RunTime:0.000458s ]
INFO: [ app_begin ] --END-- [ RunTime:0.000493s ]
SQL: SHOW COLUMNS FROM `xyh_category` [ RunTime:0.0536s ]
SQL: SHOW COLUMNS FROM `xyh_model` [ RunTime:0.0546s ]
SQL: SELECT category.id AS id,category.name AS name,category.seo_title AS seo_title,category.cat_pic AS cat_pic,category.content AS content FROM xyh_category category LEFT JOIN xyh_model model ON category.model_id = model.id WHERE ( pid = 1 ) ORDER BY category.sort ASC,category.id ASC  [ RunTime:0.0436s ]

[ 2019-12-25T11:32:21+08:00 ] 192.168.2.121 /index.php/api/show/banner
INFO: [ app_init ] --START--
INFO: Run Behavior\BuildLiteBehavior [ RunTime:0.000007s ]
INFO: [ app_init ] --END-- [ RunTime:0.000297s ]
INFO: [ app_begin ] --START--
INFO: Run Behavior\ReadHtmlCacheBehavior [ RunTime:0.000416s ]
INFO: [ app_begin ] --END-- [ RunTime:0.000452s ]
SQL: SHOW COLUMNS FROM `xyh_abc_detail` [ RunTime:0.0422s ]
SQL: SELECT `id`,`content`,`url` FROM `xyh_abc_detail` WHERE ( status = 1 )  [ RunTime:0.0486s ]

[ 2019-12-25T11:35:09+08:00 ] 192.168.2.121 /index.php/api/show/detail?cid=1&arc_id=8
INFO: [ app_init ] --START--
INFO: Run Behavior\BuildLiteBehavior [ RunTime:0.000015s ]
INFO: [ app_init ] --END-- [ RunTime:0.000721s ]
INFO: [ app_begin ] --START--
INFO: Run Behavior\ReadHtmlCacheBehavior [ RunTime:0.001272s ]
INFO: [ app_begin ] --END-- [ RunTime:0.001447s ]
SQL: SHOW COLUMNS FROM `xyh_article` [ RunTime:0.0457s ]
SQL: SELECT `id`,`title`,`publish_time`,`litpic`,`content` FROM `xyh_article` WHERE ( id = 8 ) LIMIT 1   [ RunTime:0.0429s ]
SQL: SELECT `id`,`title`,`cid` FROM `xyh_article` WHERE `id` < 8 AND `cid` = 1 ORDER BY id desc LIMIT 1   [ RunTime:0.0438s ]
SQL: SELECT `id`,`title`,`cid` FROM `xyh_article` WHERE `id` > 8 AND `cid` = 1 ORDER BY id asc LIMIT 1   [ RunTime:0.0476s ]

[ 2019-12-25T11:38:16+08:00 ] 192.168.2.121 /index.php/api/show/detail?cid=11&arc_id=2
INFO: [ app_init ] --START--
INFO: Run Behavior\BuildLiteBehavior [ RunTime:0.000014s ]
INFO: [ app_init ] --END-- [ RunTime:0.000488s ]
INFO: [ app_begin ] --START--
INFO: Run Behavior\ReadHtmlCacheBehavior [ RunTime:0.000482s ]
INFO: [ app_begin ] --END-- [ RunTime:0.000519s ]
SQL: SHOW COLUMNS FROM `xyh_article` [ RunTime:0.0486s ]
SQL: SELECT `id`,`title`,`publish_time`,`litpic`,`content` FROM `xyh_article` WHERE ( id = 2 ) LIMIT 1   [ RunTime:0.0430s ]
SQL: SELECT `id`,`title`,`cid` FROM `xyh_article` WHERE `id` < 2 AND `cid` = 11 ORDER BY id desc LIMIT 1   [ RunTime:0.0437s ]
SQL: SELECT `id`,`title`,`cid` FROM `xyh_article` WHERE `id` > 2 AND `cid` = 11 ORDER BY id asc LIMIT 1   [ RunTime:0.0435s ]

[ 2019-12-25T11:38:38+08:00 ] 192.168.2.121 /index.php/api/show/detail?cid=11&arc_id=3
INFO: [ app_init ] --START--
INFO: Run Behavior\BuildLiteBehavior [ RunTime:0.000008s ]
INFO: [ app_init ] --END-- [ RunTime:0.000322s ]
INFO: [ app_begin ] --START--
INFO: Run Behavior\ReadHtmlCacheBehavior [ RunTime:0.000355s ]
INFO: [ app_begin ] --END-- [ RunTime:0.000391s ]
SQL: SHOW COLUMNS FROM `xyh_article` [ RunTime:0.0473s ]
SQL: SELECT `id`,`title`,`publish_time`,`litpic`,`content` FROM `xyh_article` WHERE ( id = 3 ) LIMIT 1   [ RunTime:0.0604s ]
SQL: SELECT `id`,`title`,`cid` FROM `xyh_article` WHERE `id` < 3 AND `cid` = 11 ORDER BY id desc LIMIT 1   [ RunTime:0.0430s ]
SQL: SELECT `id`,`title`,`cid` FROM `xyh_article` WHERE `id` > 3 AND `cid` = 11 ORDER BY id asc LIMIT 1   [ RunTime:0.0424s ]

[ 2019-12-25T11:44:36+08:00 ] 192.168.2.121 /index.php/api/show/NewList?id=1
INFO: [ app_init ] --START--
INFO: Run Behavior\BuildLiteBehavior [ RunTime:0.000009s ]
INFO: [ app_init ] --END-- [ RunTime:0.000367s ]
INFO: [ app_begin ] --START--
INFO: Run Behavior\ReadHtmlCacheBehavior [ RunTime:0.000466s ]
INFO: [ app_begin ] --END-- [ RunTime:0.000502s ]
SQL: SHOW COLUMNS FROM `xyh_article` [ RunTime:0.0487s ]
SQL: SELECT COUNT(*) AS tp_count FROM `xyh_article` WHERE `cid` = 1 AND `delete_status` = 0 LIMIT 1   [ RunTime:0.0464s ]
SQL: SHOW COLUMNS FROM `xyh_search_all` [ RunTime:0.0458s ]
SQL: SELECT a.arc_id,c.name as cate_name,c.seo_title,a.title,b.description,b.content,a.litpic,b.publish_time,a.cid FROM xyh_search_all a INNER JOIN xyh_category c ON c.id = a.cid INNER JOIN xyh_article b ON b.id = a.arc_id  WHERE c.id = 1 AND b.delete_status = 0 LIMIT 0,5   [ RunTime:0.0509s ]

[ 2019-12-25T11:48:05+08:00 ] 192.168.2.121 /index.php/api/show/detail?cid=11&arc_id=3
INFO: [ app_init ] --START--
INFO: Run Behavior\BuildLiteBehavior [ RunTime:0.000009s ]
INFO: [ app_init ] --END-- [ RunTime:0.000358s ]
INFO: [ app_begin ] --START--
INFO: Run Behavior\ReadHtmlCacheBehavior [ RunTime:0.000311s ]
INFO: [ app_begin ] --END-- [ RunTime:0.000337s ]
SQL: SHOW COLUMNS FROM `xyh_article` [ RunTime:0.0453s ]
SQL: SELECT `id`,`title`,`publish_time`,`litpic`,`content` FROM `xyh_article` WHERE ( id = 3 ) LIMIT 1   [ RunTime:0.0521s ]
SQL: SELECT `id`,`title`,`cid` FROM `xyh_article` WHERE `id` < 3 AND `cid` = 11 ORDER BY id desc LIMIT 1   [ RunTime:0.0450s ]
SQL: SELECT `id`,`title`,`cid` FROM `xyh_article` WHERE `id` > 3 AND `cid` = 11 ORDER BY id asc LIMIT 1   [ RunTime:0.0471s ]

