[ 2019-12-18T14:10:43+08:00 ] 192.168.2.107 /index.php/api/show/pic
INFO: [ app_init ] --START--
INFO: Run Behavior\BuildLiteBehavior [ RunTime:0.000029s ]
INFO: [ app_init ] --END-- [ RunTime:0.000289s ]
INFO: [ app_begin ] --START--
INFO: Run Behavior\ReadHtmlCacheBehavior [ RunTime:0.000325s ]
INFO: [ app_begin ] --END-- [ RunTime:0.000351s ]
SQL: SHOW COLUMNS FROM `xyh_category` [ RunTime:0.0027s ]
SQL: SELECT `id`,`cat_pic` FROM `xyh_category` WHERE ( id = 0 ) LIMIT 1   [ RunTime:0.0002s ]
INFO: [ app_end ] --START--
INFO: Run Behavior\ShowPageTraceBehavior [ RunTime:0.000572s ]
INFO: [ app_end ] --END-- [ RunTime:0.000601s ]

[ 2019-12-18T14:33:29+08:00 ] 192.168.2.107 /index.php/api/show/pic
INFO: [ app_init ] --START--
INFO: Run Behavior\BuildLiteBehavior [ RunTime:0.000007s ]
INFO: [ app_init ] --END-- [ RunTime:0.000319s ]
INFO: [ app_begin ] --START--
INFO: Run Behavior\ReadHtmlCacheBehavior [ RunTime:0.000393s ]
INFO: [ app_begin ] --END-- [ RunTime:0.000424s ]
SQL: SHOW COLUMNS FROM `xyh_category` [ RunTime:0.0738s ]
SQL: SELECT `id`,`cat_pic` FROM `xyh_category` WHERE ( id = 0 ) LIMIT 1   [ RunTime:0.0002s ]
INFO: [ app_end ] --START--
INFO: Run Behavior\ShowPageTraceBehavior [ RunTime:0.000585s ]
INFO: [ app_end ] --END-- [ RunTime:0.000621s ]

[ 2019-12-18T14:33:31+08:00 ] 192.168.2.107 /index.php/api/show/pic
INFO: [ app_init ] --START--
INFO: Run Behavior\BuildLiteBehavior [ RunTime:0.000005s ]
INFO: [ app_init ] --END-- [ RunTime:0.000195s ]
INFO: [ app_begin ] --START--
INFO: Run Behavior\ReadHtmlCacheBehavior [ RunTime:0.000301s ]
INFO: [ app_begin ] --END-- [ RunTime:0.000330s ]
SQL: SHOW COLUMNS FROM `xyh_category` [ RunTime:0.0392s ]
SQL: SELECT `id`,`cat_pic` FROM `xyh_category` WHERE ( id = 0 ) LIMIT 1   [ RunTime:0.0001s ]
INFO: [ app_end ] --START--
INFO: Run Behavior\ShowPageTraceBehavior [ RunTime:0.000384s ]
INFO: [ app_end ] --END-- [ RunTime:0.000403s ]

[ 2019-12-18T14:43:50+08:00 ] 192.168.2.107 /index.php/api/show/pic
INFO: [ app_init ] --START--
INFO: Run Behavior\BuildLiteBehavior [ RunTime:0.000007s ]
INFO: [ app_init ] --END-- [ RunTime:0.000282s ]
INFO: [ app_begin ] --START--
INFO: Run Behavior\ReadHtmlCacheBehavior [ RunTime:0.000413s ]
INFO: [ app_begin ] --END-- [ RunTime:0.000449s ]
SQL: SHOW COLUMNS FROM `xyh_category` [ RunTime:0.0253s ]
SQL: SELECT `id`,`cat_pic` FROM `xyh_category` WHERE ( id = 0 ) LIMIT 1   [ RunTime:0.0002s ]
INFO: [ app_end ] --START--
INFO: Run Behavior\ShowPageTraceBehavior [ RunTime:0.000649s ]
INFO: [ app_end ] --END-- [ RunTime:0.000678s ]

[ 2019-12-18T14:45:43+08:00 ] 192.168.2.107 /index.php/api/show/pic?id=9
INFO: [ app_init ] --START--
INFO: Run Behavior\BuildLiteBehavior [ RunTime:0.000007s ]
INFO: [ app_init ] --END-- [ RunTime:0.000279s ]
INFO: [ app_begin ] --START--
INFO: Run Behavior\ReadHtmlCacheBehavior [ RunTime:0.000440s ]
INFO: [ app_begin ] --END-- [ RunTime:0.000473s ]
SQL: SHOW COLUMNS FROM `xyh_category` [ RunTime:0.0199s ]
SQL: SELECT `id`,`cat_pic` FROM `xyh_category` WHERE ( id = 9 ) LIMIT 1   [ RunTime:0.0002s ]
INFO: [ app_end ] --START--
INFO: Run Behavior\ShowPageTraceBehavior [ RunTime:0.000572s ]
INFO: [ app_end ] --END-- [ RunTime:0.000597s ]

[ 2019-12-18T14:48:04+08:00 ] 192.168.2.107 /index.php/api/show/pic?id=2
INFO: [ app_init ] --START--
INFO: Run Behavior\BuildLiteBehavior [ RunTime:0.000006s ]
INFO: [ app_init ] --END-- [ RunTime:0.000201s ]
INFO: [ app_begin ] --START--
INFO: Run Behavior\ReadHtmlCacheBehavior [ RunTime:0.000276s ]
INFO: [ app_begin ] --END-- [ RunTime:0.000299s ]
SQL: SHOW COLUMNS FROM `xyh_category` [ RunTime:0.0028s ]
SQL: SELECT `id`,`cat_pic` FROM `xyh_category` WHERE ( id = 2 ) LIMIT 1   [ RunTime:0.0002s ]
INFO: [ app_end ] --START--
INFO: Run Behavior\ShowPageTraceBehavior [ RunTime:0.000448s ]
INFO: [ app_end ] --END-- [ RunTime:0.000471s ]

[ 2019-12-18T14:48:28+08:00 ] 192.168.2.107 /index.php/api/show/pic
INFO: [ app_init ] --START--
INFO: Run Behavior\BuildLiteBehavior [ RunTime:0.000005s ]
INFO: [ app_init ] --END-- [ RunTime:0.000199s ]
INFO: [ app_begin ] --START--
INFO: Run Behavior\ReadHtmlCacheBehavior [ RunTime:0.000385s ]
INFO: [ app_begin ] --END-- [ RunTime:0.000414s ]
SQL: SHOW COLUMNS FROM `xyh_category` [ RunTime:0.0149s ]
SQL: SELECT `id`,`cat_pic` FROM `xyh_category` WHERE ( id = 0 ) LIMIT 1   [ RunTime:0.0002s ]
INFO: [ app_end ] --START--
INFO: Run Behavior\ShowPageTraceBehavior [ RunTime:0.000519s ]
INFO: [ app_end ] --END-- [ RunTime:0.000548s ]

[ 2019-12-18T14:49:09+08:00 ] 192.168.2.107 /index.php/api/show/pic?id=9
INFO: [ app_init ] --START--
INFO: Run Behavior\BuildLiteBehavior [ RunTime:0.000008s ]
INFO: [ app_init ] --END-- [ RunTime:0.000307s ]
INFO: [ app_begin ] --START--
INFO: Run Behavior\ReadHtmlCacheBehavior [ RunTime:0.000276s ]
INFO: [ app_begin ] --END-- [ RunTime:0.000298s ]
SQL: SHOW COLUMNS FROM `xyh_category` [ RunTime:0.0027s ]
SQL: SELECT `id`,`cat_pic` FROM `xyh_category` WHERE ( id = 0 ) LIMIT 1   [ RunTime:0.0002s ]
INFO: [ app_end ] --START--
INFO: Run Behavior\ShowPageTraceBehavior [ RunTime:0.000538s ]
INFO: [ app_end ] --END-- [ RunTime:0.000569s ]

[ 2019-12-18T14:49:19+08:00 ] 192.168.2.107 /index.php/api/show/pic?id=9
INFO: [ app_init ] --START--
INFO: Run Behavior\BuildLiteBehavior [ RunTime:0.000007s ]
INFO: [ app_init ] --END-- [ RunTime:0.001062s ]
INFO: [ app_begin ] --START--
INFO: Run Behavior\ReadHtmlCacheBehavior [ RunTime:0.000295s ]
INFO: [ app_begin ] --END-- [ RunTime:0.000317s ]
SQL: SHOW COLUMNS FROM `xyh_category` [ RunTime:0.0027s ]
SQL: SELECT `id`,`cat_pic` FROM `xyh_category` WHERE ( id = 9 ) LIMIT 1   [ RunTime:0.0002s ]
INFO: [ app_end ] --START--
INFO: Run Behavior\ShowPageTraceBehavior [ RunTime:0.000556s ]
INFO: [ app_end ] --END-- [ RunTime:0.000585s ]

[ 2019-12-18T15:38:20+08:00 ] 192.168.2.107 /index.php/api/show/banner
INFO: [ app_init ] --START--
INFO: Run Behavior\BuildLiteBehavior [ RunTime:0.000008s ]
INFO: [ app_init ] --END-- [ RunTime:0.000355s ]
INFO: [ app_begin ] --START--
INFO: Run Behavior\ReadHtmlCacheBehavior [ RunTime:0.000460s ]
INFO: [ app_begin ] --END-- [ RunTime:0.000496s ]
SQL: SHOW COLUMNS FROM `xyh_abc_detail` [ RunTime:0.0051s ]
SQL: SELECT `id`,`content`,`url` FROM `xyh_abc_detail` WHERE ( status = 1 )  [ RunTime:0.0002s ]
INFO: [ app_end ] --START--
INFO: Run Behavior\ShowPageTraceBehavior [ RunTime:0.000481s ]
INFO: [ app_end ] --END-- [ RunTime:0.000507s ]

[ 2019-12-18T15:39:04+08:00 ] 192.168.2.107 /index.php/api/show/banner
INFO: [ app_init ] --START--
INFO: Run Behavior\BuildLiteBehavior [ RunTime:0.000005s ]
INFO: [ app_init ] --END-- [ RunTime:0.000210s ]
INFO: [ app_begin ] --START--
INFO: Run Behavior\ReadHtmlCacheBehavior [ RunTime:0.000304s ]
INFO: [ app_begin ] --END-- [ RunTime:0.000328s ]
SQL: SHOW COLUMNS FROM `xyh_abc_detail` [ RunTime:0.0024s ]
SQL: SELECT `id`,`content`,`url` FROM `xyh_abc_detail` WHERE ( status = 1 )  [ RunTime:0.0002s ]
INFO: [ app_end ] --START--
INFO: Run Behavior\ShowPageTraceBehavior [ RunTime:0.000484s ]
INFO: [ app_end ] --END-- [ RunTime:0.000513s ]

[ 2019-12-18T15:39:36+08:00 ] 192.168.2.107 /index.php/api/show/banner?id=1
INFO: [ app_init ] --START--
INFO: Run Behavior\BuildLiteBehavior [ RunTime:0.000008s ]
INFO: [ app_init ] --END-- [ RunTime:0.000335s ]
INFO: [ app_begin ] --START--
INFO: Run Behavior\ReadHtmlCacheBehavior [ RunTime:0.000399s ]
INFO: [ app_begin ] --END-- [ RunTime:0.000433s ]
SQL: SHOW COLUMNS FROM `xyh_abc_detail` [ RunTime:0.0027s ]
SQL: SELECT `id`,`content`,`url` FROM `xyh_abc_detail` WHERE ( status = 1 )  [ RunTime:0.0003s ]
INFO: [ app_end ] --START--
INFO: Run Behavior\ShowPageTraceBehavior [ RunTime:0.000626s ]
INFO: [ app_end ] --END-- [ RunTime:0.000662s ]

[ 2019-12-18T15:39:55+08:00 ] 192.168.2.107 /index.php/api/show/banner
INFO: [ app_init ] --START--
INFO: Run Behavior\BuildLiteBehavior [ RunTime:0.000008s ]
INFO: [ app_init ] --END-- [ RunTime:0.000294s ]
INFO: [ app_begin ] --START--
INFO: Run Behavior\ReadHtmlCacheBehavior [ RunTime:0.000424s ]
INFO: [ app_begin ] --END-- [ RunTime:0.000459s ]
SQL: SHOW COLUMNS FROM `xyh_abc_detail` [ RunTime:0.0026s ]
SQL: SELECT `id`,`content`,`url` FROM `xyh_abc_detail` WHERE ( status = 1 )  [ RunTime:0.0002s ]
INFO: [ app_end ] --START--
INFO: Run Behavior\ShowPageTraceBehavior [ RunTime:0.000516s ]
INFO: [ app_end ] --END-- [ RunTime:0.000548s ]

[ 2019-12-18T15:40:11+08:00 ] 192.168.2.107 /index.php/api/show/banner
INFO: [ app_init ] --START--
INFO: Run Behavior\BuildLiteBehavior [ RunTime:0.000006s ]
INFO: [ app_init ] --END-- [ RunTime:0.000199s ]
INFO: [ app_begin ] --START--
INFO: Run Behavior\ReadHtmlCacheBehavior [ RunTime:0.000342s ]
INFO: [ app_begin ] --END-- [ RunTime:0.000372s ]
SQL: SHOW COLUMNS FROM `xyh_abc_detail` [ RunTime:0.0121s ]
SQL: SELECT `id`,`content`,`url` FROM `xyh_abc_detail` WHERE ( status = 1 )  [ RunTime:0.0002s ]
INFO: [ app_end ] --START--
INFO: Run Behavior\ShowPageTraceBehavior [ RunTime:0.000421s ]
INFO: [ app_end ] --END-- [ RunTime:0.000443s ]

[ 2019-12-18T15:41:32+08:00 ] 192.168.2.107 /index.php/api/show/nav?id=1
INFO: [ app_init ] --START--
INFO: Run Behavior\BuildLiteBehavior [ RunTime:0.000007s ]
INFO: [ app_init ] --END-- [ RunTime:0.000249s ]
INFO: [ app_begin ] --START--
INFO: Run Behavior\ReadHtmlCacheBehavior [ RunTime:0.000324s ]
INFO: [ app_begin ] --END-- [ RunTime:0.000348s ]
SQL: SHOW COLUMNS FROM `xyh_category` [ RunTime:0.0645s ]
SQL: SHOW COLUMNS FROM `xyh_model` [ RunTime:0.0031s ]
SQL: SELECT category.id AS id,category.name AS name,category.ename AS ename,category.cat_pic AS cat_pic,category.pid AS pid,category.model_id AS model_id,category.type AS type,category.seo_title AS seo_title,category.keywords AS keywords,category.description AS description,category.template_category AS template_category,category.template_list AS template_list,category.template_show AS template_show,category.style AS style,category.status AS status,category.sort AS sort,model.name AS model_name,model.table_name AS table_name FROM xyh_category category LEFT JOIN xyh_model model ON category.model_id = model.id WHERE ( pid = 1 ) ORDER BY category.sort ASC,category.id ASC  [ RunTime:0.0006s ]
INFO: [ app_end ] --START--
INFO: Run Behavior\ShowPageTraceBehavior [ RunTime:0.000524s ]
INFO: [ app_end ] --END-- [ RunTime:0.000555s ]

[ 2019-12-18T15:42:22+08:00 ] 192.168.2.107 /index.php/api/show/nav?id=0
INFO: [ app_init ] --START--
INFO: Run Behavior\BuildLiteBehavior [ RunTime:0.000006s ]
INFO: [ app_init ] --END-- [ RunTime:0.000201s ]
INFO: [ app_begin ] --START--
INFO: Run Behavior\ReadHtmlCacheBehavior [ RunTime:0.000440s ]
INFO: [ app_begin ] --END-- [ RunTime:0.000466s ]
SQL: SHOW COLUMNS FROM `xyh_category` [ RunTime:0.0149s ]
SQL: SHOW COLUMNS FROM `xyh_model` [ RunTime:0.0025s ]
SQL: SELECT category.id AS id,category.name AS name,category.ename AS ename,category.cat_pic AS cat_pic,category.pid AS pid,category.model_id AS model_id,category.type AS type,category.seo_title AS seo_title,category.keywords AS keywords,category.description AS description,category.template_category AS template_category,category.template_list AS template_list,category.template_show AS template_show,category.style AS style,category.status AS status,category.sort AS sort,model.name AS model_name,model.table_name AS table_name FROM xyh_category category LEFT JOIN xyh_model model ON category.model_id = model.id WHERE ( pid = 0 ) ORDER BY category.sort ASC,category.id ASC  [ RunTime:0.0006s ]
INFO: [ app_end ] --START--
INFO: Run Behavior\ShowPageTraceBehavior [ RunTime:0.000505s ]
INFO: [ app_end ] --END-- [ RunTime:0.000537s ]

[ 2019-12-18T15:43:30+08:00 ] 192.168.2.107 /index.php/api/show/nav?id=1
INFO: [ app_init ] --START--
INFO: Run Behavior\BuildLiteBehavior [ RunTime:0.000007s ]
INFO: [ app_init ] --END-- [ RunTime:0.000319s ]
INFO: [ app_begin ] --START--
INFO: Run Behavior\ReadHtmlCacheBehavior [ RunTime:0.000414s ]
INFO: [ app_begin ] --END-- [ RunTime:0.000445s ]
SQL: SHOW COLUMNS FROM `xyh_category` [ RunTime:0.0042s ]
SQL: SHOW COLUMNS FROM `xyh_model` [ RunTime:0.0024s ]
SQL: SELECT category.id AS id,category.name AS name,category.ename AS ename,category.cat_pic AS cat_pic,category.pid AS pid,category.model_id AS model_id,category.type AS type,category.seo_title AS seo_title,category.keywords AS keywords,category.description AS description,category.template_category AS template_category,category.template_list AS template_list,category.template_show AS template_show,category.style AS style,category.status AS status,category.sort AS sort,model.name AS model_name,model.table_name AS table_name FROM xyh_category category LEFT JOIN xyh_model model ON category.model_id = model.id WHERE ( pid = 1 ) ORDER BY category.sort ASC,category.id ASC  [ RunTime:0.0004s ]
INFO: [ app_end ] --START--
INFO: Run Behavior\ShowPageTraceBehavior [ RunTime:0.000388s ]
INFO: [ app_end ] --END-- [ RunTime:0.000408s ]

[ 2019-12-18T15:44:32+08:00 ] 192.168.2.107 /index.php/api/show/nav?id=2
INFO: [ app_init ] --START--
INFO: Run Behavior\BuildLiteBehavior [ RunTime:0.000006s ]
INFO: [ app_init ] --END-- [ RunTime:0.000253s ]
INFO: [ app_begin ] --START--
INFO: Run Behavior\ReadHtmlCacheBehavior [ RunTime:0.000352s ]
INFO: [ app_begin ] --END-- [ RunTime:0.000382s ]
SQL: SHOW COLUMNS FROM `xyh_category` [ RunTime:0.0239s ]
SQL: SHOW COLUMNS FROM `xyh_model` [ RunTime:0.0021s ]
SQL: SELECT category.id AS id,category.name AS name,category.ename AS ename,category.cat_pic AS cat_pic,category.pid AS pid,category.model_id AS model_id,category.type AS type,category.seo_title AS seo_title,category.keywords AS keywords,category.description AS description,category.template_category AS template_category,category.template_list AS template_list,category.template_show AS template_show,category.style AS style,category.status AS status,category.sort AS sort,model.name AS model_name,model.table_name AS table_name FROM xyh_category category LEFT JOIN xyh_model model ON category.model_id = model.id WHERE ( pid = 2 ) ORDER BY category.sort ASC,category.id ASC  [ RunTime:0.0003s ]
INFO: [ app_end ] --START--
INFO: Run Behavior\ShowPageTraceBehavior [ RunTime:0.000641s ]
INFO: [ app_end ] --END-- [ RunTime:0.000673s ]

[ 2019-12-18T15:45:36+08:00 ] 192.168.2.107 /index.php/api/show/nav?id=3
INFO: [ app_init ] --START--
INFO: Run Behavior\BuildLiteBehavior [ RunTime:0.000010s ]
INFO: [ app_init ] --END-- [ RunTime:0.000481s ]
INFO: [ app_begin ] --START--
INFO: Run Behavior\ReadHtmlCacheBehavior [ RunTime:0.000317s ]
INFO: [ app_begin ] --END-- [ RunTime:0.000348s ]
SQL: SHOW COLUMNS FROM `xyh_category` [ RunTime:0.0114s ]
SQL: SHOW COLUMNS FROM `xyh_model` [ RunTime:0.0021s ]
SQL: SELECT category.id AS id,category.name AS name,category.ename AS ename,category.cat_pic AS cat_pic,category.pid AS pid,category.model_id AS model_id,category.type AS type,category.seo_title AS seo_title,category.keywords AS keywords,category.description AS description,category.template_category AS template_category,category.template_list AS template_list,category.template_show AS template_show,category.style AS style,category.status AS status,category.sort AS sort,model.name AS model_name,model.table_name AS table_name FROM xyh_category category LEFT JOIN xyh_model model ON category.model_id = model.id WHERE ( pid = 3 ) ORDER BY category.sort ASC,category.id ASC  [ RunTime:0.0004s ]
INFO: [ app_end ] --START--
INFO: Run Behavior\ShowPageTraceBehavior [ RunTime:0.000549s ]
INFO: [ app_end ] --END-- [ RunTime:0.000577s ]

[ 2019-12-18T15:45:56+08:00 ] 192.168.2.107 /index.php/api/show/nav?id=9
INFO: [ app_init ] --START--
INFO: Run Behavior\BuildLiteBehavior [ RunTime:0.000008s ]
INFO: [ app_init ] --END-- [ RunTime:0.000306s ]
INFO: [ app_begin ] --START--
INFO: Run Behavior\ReadHtmlCacheBehavior [ RunTime:0.000414s ]
INFO: [ app_begin ] --END-- [ RunTime:0.000449s ]
SQL: SHOW COLUMNS FROM `xyh_category` [ RunTime:0.0138s ]
SQL: SHOW COLUMNS FROM `xyh_model` [ RunTime:0.0026s ]
SQL: SELECT category.id AS id,category.name AS name,category.ename AS ename,category.cat_pic AS cat_pic,category.pid AS pid,category.model_id AS model_id,category.type AS type,category.seo_title AS seo_title,category.keywords AS keywords,category.description AS description,category.template_category AS template_category,category.template_list AS template_list,category.template_show AS template_show,category.style AS style,category.status AS status,category.sort AS sort,model.name AS model_name,model.table_name AS table_name FROM xyh_category category LEFT JOIN xyh_model model ON category.model_id = model.id WHERE ( pid = 9 ) ORDER BY category.sort ASC,category.id ASC  [ RunTime:0.0005s ]
INFO: [ app_end ] --START--
INFO: Run Behavior\ShowPageTraceBehavior [ RunTime:0.000533s ]
INFO: [ app_end ] --END-- [ RunTime:0.000563s ]

[ 2019-12-18T15:48:55+08:00 ] 192.168.2.107 /index.php/api/show/nav?id=1
INFO: [ app_init ] --START--
INFO: Run Behavior\BuildLiteBehavior [ RunTime:0.000008s ]
INFO: [ app_init ] --END-- [ RunTime:0.000318s ]
INFO: [ app_begin ] --START--
INFO: Run Behavior\ReadHtmlCacheBehavior [ RunTime:0.000461s ]
INFO: [ app_begin ] --END-- [ RunTime:0.000500s ]
SQL: SHOW COLUMNS FROM `xyh_category` [ RunTime:0.0025s ]
SQL: SHOW COLUMNS FROM `xyh_model` [ RunTime:0.0026s ]
SQL: SELECT category.id AS id,category.name AS name FROM xyh_category category LEFT JOIN xyh_model model ON category.model_id = model.id WHERE ( pid = 1 ) ORDER BY category.sort ASC,category.id ASC  [ RunTime:0.0004s ]
INFO: [ app_end ] --START--
INFO: Run Behavior\ShowPageTraceBehavior [ RunTime:0.000709s ]
INFO: [ app_end ] --END-- [ RunTime:0.000743s ]

[ 2019-12-18T15:49:15+08:00 ] 192.168.2.107 /index.php/api/show/nav?id=1
INFO: [ app_init ] --START--
INFO: Run Behavior\BuildLiteBehavior [ RunTime:0.000007s ]
INFO: [ app_init ] --END-- [ RunTime:0.000278s ]
INFO: [ app_begin ] --START--
INFO: Run Behavior\ReadHtmlCacheBehavior [ RunTime:0.000448s ]
INFO: [ app_begin ] --END-- [ RunTime:0.000482s ]
SQL: SHOW COLUMNS FROM `xyh_category` [ RunTime:0.0029s ]
SQL: SHOW COLUMNS FROM `xyh_model` [ RunTime:0.0029s ]
SQL: SELECT category.id AS id,category.name AS name,category.seo_title AS seo_title FROM xyh_category category LEFT JOIN xyh_model model ON category.model_id = model.id WHERE ( pid = 1 ) ORDER BY category.sort ASC,category.id ASC  [ RunTime:0.0003s ]
INFO: [ app_end ] --START--
INFO: Run Behavior\ShowPageTraceBehavior [ RunTime:0.000422s ]
INFO: [ app_end ] --END-- [ RunTime:0.000445s ]

[ 2019-12-18T15:49:37+08:00 ] 192.168.2.107 /index.php/api/show/nav?id=9
INFO: [ app_init ] --START--
INFO: Run Behavior\BuildLiteBehavior [ RunTime:0.000006s ]
INFO: [ app_init ] --END-- [ RunTime:0.000215s ]
INFO: [ app_begin ] --START--
INFO: Run Behavior\ReadHtmlCacheBehavior [ RunTime:0.000288s ]
INFO: [ app_begin ] --END-- [ RunTime:0.000312s ]
SQL: SHOW COLUMNS FROM `xyh_category` [ RunTime:0.0554s ]
SQL: SHOW COLUMNS FROM `xyh_model` [ RunTime:0.0024s ]
SQL: SELECT category.id AS id,category.name AS name,category.seo_title AS seo_title FROM xyh_category category LEFT JOIN xyh_model model ON category.model_id = model.id WHERE ( pid = 9 ) ORDER BY category.sort ASC,category.id ASC  [ RunTime:0.0003s ]
INFO: [ app_end ] --START--
INFO: Run Behavior\ShowPageTraceBehavior [ RunTime:0.000409s ]
INFO: [ app_end ] --END-- [ RunTime:0.000433s ]

[ 2019-12-18T15:51:02+08:00 ] 192.168.2.107 /index.php/api/show/nav?id=9
INFO: [ app_init ] --START--
INFO: Run Behavior\BuildLiteBehavior [ RunTime:0.000006s ]
INFO: [ app_init ] --END-- [ RunTime:0.000245s ]
INFO: [ app_begin ] --START--
INFO: Run Behavior\ReadHtmlCacheBehavior [ RunTime:0.000335s ]
INFO: [ app_begin ] --END-- [ RunTime:0.000361s ]
SQL: SHOW COLUMNS FROM `xyh_category` [ RunTime:0.0077s ]
SQL: SHOW COLUMNS FROM `xyh_model` [ RunTime:0.0024s ]
SQL: SELECT category.id AS id,category.name AS name,category.seo_title AS seo_title,category.cat_pic AS cat_pic,category.content AS content FROM xyh_category category LEFT JOIN xyh_model model ON category.model_id = model.id WHERE ( pid = 9 ) ORDER BY category.sort ASC,category.id ASC  [ RunTime:0.0004s ]
INFO: [ app_end ] --START--
INFO: Run Behavior\ShowPageTraceBehavior [ RunTime:0.000668s ]
INFO: [ app_end ] --END-- [ RunTime:0.000710s ]

[ 2019-12-18T15:51:52+08:00 ] 192.168.2.107 /index.php/api/show/nav?id=10
INFO: [ app_init ] --START--
INFO: Run Behavior\BuildLiteBehavior [ RunTime:0.000007s ]
INFO: [ app_init ] --END-- [ RunTime:0.000336s ]
INFO: [ app_begin ] --START--
INFO: Run Behavior\ReadHtmlCacheBehavior [ RunTime:0.000442s ]
INFO: [ app_begin ] --END-- [ RunTime:0.000474s ]
SQL: SHOW COLUMNS FROM `xyh_category` [ RunTime:0.0297s ]
SQL: SHOW COLUMNS FROM `xyh_model` [ RunTime:0.0027s ]
SQL: SELECT category.id AS id,category.name AS name,category.seo_title AS seo_title,category.cat_pic AS cat_pic,category.content AS content FROM xyh_category category LEFT JOIN xyh_model model ON category.model_id = model.id WHERE ( pid = 10 ) ORDER BY category.sort ASC,category.id ASC  [ RunTime:0.0003s ]
INFO: [ app_end ] --START--
INFO: Run Behavior\ShowPageTraceBehavior [ RunTime:0.000387s ]
INFO: [ app_end ] --END-- [ RunTime:0.000411s ]

[ 2019-12-18T15:53:09+08:00 ] 192.168.2.107 /index.php/api/show/nav?id=12
INFO: [ app_init ] --START--
INFO: Run Behavior\BuildLiteBehavior [ RunTime:0.000008s ]
INFO: [ app_init ] --END-- [ RunTime:0.000347s ]
INFO: [ app_begin ] --START--
INFO: Run Behavior\ReadHtmlCacheBehavior [ RunTime:0.000500s ]
INFO: [ app_begin ] --END-- [ RunTime:0.000535s ]
SQL: SHOW COLUMNS FROM `xyh_category` [ RunTime:0.0383s ]
SQL: SHOW COLUMNS FROM `xyh_model` [ RunTime:0.0024s ]
SQL: SELECT category.id AS id,category.name AS name,category.seo_title AS seo_title,category.cat_pic AS cat_pic,category.content AS content FROM xyh_category category LEFT JOIN xyh_model model ON category.model_id = model.id WHERE ( pid = 12 ) ORDER BY category.sort ASC,category.id ASC  [ RunTime:0.0003s ]
INFO: [ app_end ] --START--
INFO: Run Behavior\ShowPageTraceBehavior [ RunTime:0.000433s ]
INFO: [ app_end ] --END-- [ RunTime:0.000453s ]

[ 2019-12-18T15:54:54+08:00 ] 192.168.2.107 /index.php/api/show/nav?id=9
INFO: [ app_init ] --START--
INFO: Run Behavior\BuildLiteBehavior [ RunTime:0.000006s ]
INFO: [ app_init ] --END-- [ RunTime:0.000215s ]
INFO: [ app_begin ] --START--
INFO: Run Behavior\ReadHtmlCacheBehavior [ RunTime:0.000286s ]
INFO: [ app_begin ] --END-- [ RunTime:0.000309s ]
SQL: SHOW COLUMNS FROM `xyh_category` [ RunTime:0.0026s ]
SQL: SHOW COLUMNS FROM `xyh_model` [ RunTime:0.0027s ]
SQL: SELECT category.id AS id,category.name AS name,category.seo_title AS seo_title,category.cat_pic AS cat_pic,category.content AS content FROM xyh_category category LEFT JOIN xyh_model model ON category.model_id = model.id WHERE ( pid = 9 ) ORDER BY category.sort ASC,category.id ASC  [ RunTime:0.0004s ]
INFO: [ app_end ] --START--
INFO: Run Behavior\ShowPageTraceBehavior [ RunTime:0.000557s ]
INFO: [ app_end ] --END-- [ RunTime:0.000589s ]

[ 2019-12-18T15:55:18+08:00 ] 192.168.2.107 /index.php/api/show/nav?id=2
INFO: [ app_init ] --START--
INFO: Run Behavior\BuildLiteBehavior [ RunTime:0.000006s ]
INFO: [ app_init ] --END-- [ RunTime:0.000248s ]
INFO: [ app_begin ] --START--
INFO: Run Behavior\ReadHtmlCacheBehavior [ RunTime:0.000491s ]
INFO: [ app_begin ] --END-- [ RunTime:0.000530s ]
SQL: SHOW COLUMNS FROM `xyh_category` [ RunTime:0.0026s ]
SQL: SHOW COLUMNS FROM `xyh_model` [ RunTime:0.0026s ]
SQL: SELECT category.id AS id,category.name AS name,category.seo_title AS seo_title,category.cat_pic AS cat_pic,category.content AS content FROM xyh_category category LEFT JOIN xyh_model model ON category.model_id = model.id WHERE ( pid = 2 ) ORDER BY category.sort ASC,category.id ASC  [ RunTime:0.0003s ]
INFO: [ app_end ] --START--
INFO: Run Behavior\ShowPageTraceBehavior [ RunTime:0.000488s ]
INFO: [ app_end ] --END-- [ RunTime:0.000509s ]

[ 2019-12-18T15:57:29+08:00 ] 192.168.2.107 /index.php/api/show/nav?id=0
INFO: [ app_init ] --START--
INFO: Run Behavior\BuildLiteBehavior [ RunTime:0.000006s ]
INFO: [ app_init ] --END-- [ RunTime:0.000286s ]
INFO: [ app_begin ] --START--
INFO: Run Behavior\ReadHtmlCacheBehavior [ RunTime:0.000280s ]
INFO: [ app_begin ] --END-- [ RunTime:0.000304s ]
SQL: SHOW COLUMNS FROM `xyh_category` [ RunTime:0.0426s ]
SQL: SHOW COLUMNS FROM `xyh_model` [ RunTime:0.0022s ]
SQL: SELECT category.id AS id,category.name AS name,category.seo_title AS seo_title,category.cat_pic AS cat_pic,category.content AS content FROM xyh_category category LEFT JOIN xyh_model model ON category.model_id = model.id WHERE ( pid = 0 ) ORDER BY category.sort ASC,category.id ASC  [ RunTime:0.0004s ]
INFO: [ app_end ] --START--
INFO: Run Behavior\ShowPageTraceBehavior [ RunTime:0.000439s ]
INFO: [ app_end ] --END-- [ RunTime:0.000464s ]

[ 2019-12-18T16:24:03+08:00 ] 192.168.2.107 /index.php/api/show/index?id=2
INFO: [ app_init ] --START--
INFO: Run Behavior\BuildLiteBehavior [ RunTime:0.000008s ]
INFO: [ app_init ] --END-- [ RunTime:0.000356s ]
INFO: [ app_begin ] --START--
INFO: Run Behavior\ReadHtmlCacheBehavior [ RunTime:0.000472s ]
INFO: [ app_begin ] --END-- [ RunTime:0.000510s ]
SQL: SHOW COLUMNS FROM `xyh_search_all` [ RunTime:0.0042s ]
ERR: SQLSTATE[23000]: Integrity constraint violation: 1052 Column 'delete_status' in where clause is ambiguous

[ 2019-12-18T16:24:18+08:00 ] 192.168.2.107 /index.php/api/show/index?id=2
INFO: [ app_init ] --START--
INFO: Run Behavior\BuildLiteBehavior [ RunTime:0.000006s ]
INFO: [ app_init ] --END-- [ RunTime:0.000213s ]
INFO: [ app_begin ] --START--
INFO: Run Behavior\ReadHtmlCacheBehavior [ RunTime:0.000408s ]
INFO: [ app_begin ] --END-- [ RunTime:0.000443s ]
SQL: SHOW COLUMNS FROM `xyh_search_all` [ RunTime:0.0028s ]
ERR: SQLSTATE[23000]: Integrity constraint violation: 1052 Column 'delete_status' in where clause is ambiguous

[ 2019-12-18T16:25:19+08:00 ] 192.168.2.107 /index.php/api/show/index?id=2
INFO: [ app_init ] --START--
INFO: Run Behavior\BuildLiteBehavior [ RunTime:0.000008s ]
INFO: [ app_init ] --END-- [ RunTime:0.000294s ]
INFO: [ app_begin ] --START--
INFO: Run Behavior\ReadHtmlCacheBehavior [ RunTime:0.000406s ]
INFO: [ app_begin ] --END-- [ RunTime:0.000456s ]
SQL: SHOW COLUMNS FROM `xyh_search_all` [ RunTime:0.0191s ]
ERR: SQLSTATE[23000]: Integrity constraint violation: 1052 Column 'delete_status' in where clause is ambiguous

[ 2019-12-18T16:26:10+08:00 ] 192.168.2.107 /index.php/api/show/index?id=11
INFO: [ app_init ] --START--
INFO: Run Behavior\BuildLiteBehavior [ RunTime:0.000007s ]
INFO: [ app_init ] --END-- [ RunTime:0.000272s ]
INFO: [ app_begin ] --START--
INFO: Run Behavior\ReadHtmlCacheBehavior [ RunTime:0.000534s ]
INFO: [ app_begin ] --END-- [ RunTime:0.000575s ]
SQL: SHOW COLUMNS FROM `xyh_search_all` [ RunTime:0.0142s ]
ERR: SQLSTATE[23000]: Integrity constraint violation: 1052 Column 'delete_status' in where clause is ambiguous

[ 2019-12-18T16:26:24+08:00 ] 192.168.2.107 /index.php/api/show/index?id=11
INFO: [ app_init ] --START--
INFO: Run Behavior\BuildLiteBehavior [ RunTime:0.000008s ]
INFO: [ app_init ] --END-- [ RunTime:0.000327s ]
INFO: [ app_begin ] --START--
INFO: Run Behavior\ReadHtmlCacheBehavior [ RunTime:0.000445s ]
INFO: [ app_begin ] --END-- [ RunTime:0.000476s ]
SQL: SHOW COLUMNS FROM `xyh_search_all` [ RunTime:0.0258s ]
SQL: SELECT a.arc_id,c.name as cate_name,c.seo_title,a.title,b.description,b.content,a.litpic,b.publish_time,a.cid FROM xyh_search_all a INNER JOIN xyh_category c ON c.id = a.cid INNER JOIN xyh_article b ON b.id = a.arc_id  WHERE c.id = 11 AND b.delete_status = 0  [ RunTime:0.0005s ]
INFO: [ app_end ] --START--
INFO: Run Behavior\ShowPageTraceBehavior [ RunTime:0.000446s ]
INFO: [ app_end ] --END-- [ RunTime:0.000472s ]

[ 2019-12-18T16:26:44+08:00 ] 192.168.2.107 /index.php/api/show/index?id=11
INFO: [ app_init ] --START--
INFO: Run Behavior\BuildLiteBehavior [ RunTime:0.000006s ]
INFO: [ app_init ] --END-- [ RunTime:0.000208s ]
INFO: [ app_begin ] --START--
INFO: Run Behavior\ReadHtmlCacheBehavior [ RunTime:0.000436s ]
INFO: [ app_begin ] --END-- [ RunTime:0.000473s ]
SQL: SHOW COLUMNS FROM `xyh_search_all` [ RunTime:0.0250s ]
ERR: SQLSTATE[42S22]: Column not found: 1054 Unknown column 'article.point' in 'order clause'

[ 2019-12-18T16:26:53+08:00 ] 192.168.2.107 /index.php/api/show/index?id=11
INFO: [ app_init ] --START--
INFO: Run Behavior\BuildLiteBehavior [ RunTime:0.000007s ]
INFO: [ app_init ] --END-- [ RunTime:0.000277s ]
INFO: [ app_begin ] --START--
INFO: Run Behavior\ReadHtmlCacheBehavior [ RunTime:0.000394s ]
INFO: [ app_begin ] --END-- [ RunTime:0.000428s ]
SQL: SHOW COLUMNS FROM `xyh_search_all` [ RunTime:0.0024s ]
SQL: SELECT a.arc_id,c.name as cate_name,c.seo_title,a.title,b.description,b.content,a.litpic,b.publish_time,a.cid FROM xyh_search_all a INNER JOIN xyh_category c ON c.id = a.cid INNER JOIN xyh_article b ON b.id = a.arc_id  WHERE c.id = 11 AND b.delete_status = 0 ORDER BY b.point ASC  [ RunTime:0.0018s ]
INFO: [ app_end ] --START--
INFO: Run Behavior\ShowPageTraceBehavior [ RunTime:0.000577s ]
INFO: [ app_end ] --END-- [ RunTime:0.000611s ]

[ 2019-12-18T16:27:55+08:00 ] 192.168.2.107 /index.php/api/show/index?id=11
INFO: [ app_init ] --START--
INFO: Run Behavior\BuildLiteBehavior [ RunTime:0.000007s ]
INFO: [ app_init ] --END-- [ RunTime:0.000298s ]
INFO: [ app_begin ] --START--
INFO: Run Behavior\ReadHtmlCacheBehavior [ RunTime:0.000431s ]
INFO: [ app_begin ] --END-- [ RunTime:0.000467s ]
SQL: SHOW COLUMNS FROM `xyh_search_all` [ RunTime:0.0404s ]
ERR: SQLSTATE[42S22]: Column not found: 1054 Unknown column 'b.pubish_time' in 'order clause'

[ 2019-12-18T16:28:18+08:00 ] 192.168.2.107 /index.php/api/show/index?id=11
INFO: [ app_init ] --START--
INFO: Run Behavior\BuildLiteBehavior [ RunTime:0.000010s ]
INFO: [ app_init ] --END-- [ RunTime:0.000390s ]
INFO: [ app_begin ] --START--
INFO: Run Behavior\ReadHtmlCacheBehavior [ RunTime:0.000458s ]
INFO: [ app_begin ] --END-- [ RunTime:0.000488s ]
SQL: SHOW COLUMNS FROM `xyh_search_all` [ RunTime:0.0027s ]
ERR: SQLSTATE[42S22]: Column not found: 1054 Unknown column 'b.pubish_time' in 'order clause'

[ 2019-12-18T16:28:19+08:00 ] 192.168.2.107 /index.php/api/show/index?id=11
INFO: [ app_init ] --START--
INFO: Run Behavior\BuildLiteBehavior [ RunTime:0.000009s ]
INFO: [ app_init ] --END-- [ RunTime:0.000328s ]
INFO: [ app_begin ] --START--
INFO: Run Behavior\ReadHtmlCacheBehavior [ RunTime:0.000594s ]
INFO: [ app_begin ] --END-- [ RunTime:0.000633s ]
SQL: SHOW COLUMNS FROM `xyh_search_all` [ RunTime:0.0025s ]
ERR: SQLSTATE[42S22]: Column not found: 1054 Unknown column 'b.pubish_time' in 'order clause'

[ 2019-12-18T16:28:31+08:00 ] 192.168.2.107 /index.php/api/show/index?id=11
INFO: [ app_init ] --START--
INFO: Run Behavior\BuildLiteBehavior [ RunTime:0.000009s ]
INFO: [ app_init ] --END-- [ RunTime:0.000324s ]
INFO: [ app_begin ] --START--
INFO: Run Behavior\ReadHtmlCacheBehavior [ RunTime:0.000362s ]
INFO: [ app_begin ] --END-- [ RunTime:0.000394s ]
SQL: SHOW COLUMNS FROM `xyh_search_all` [ RunTime:0.0329s ]
ERR: SQLSTATE[42S22]: Column not found: 1054 Unknown column 'b.pubish_time' in 'order clause'

[ 2019-12-18T16:28:32+08:00 ] 192.168.2.107 /index.php/api/show/index?id=11
INFO: [ app_init ] --START--
INFO: Run Behavior\BuildLiteBehavior [ RunTime:0.000006s ]
INFO: [ app_init ] --END-- [ RunTime:0.000203s ]
INFO: [ app_begin ] --START--
INFO: Run Behavior\ReadHtmlCacheBehavior [ RunTime:0.000300s ]
INFO: [ app_begin ] --END-- [ RunTime:0.000325s ]
SQL: SHOW COLUMNS FROM `xyh_search_all` [ RunTime:0.0033s ]
ERR: SQLSTATE[42S22]: Column not found: 1054 Unknown column 'b.pubish_time' in 'order clause'

[ 2019-12-18T16:28:44+08:00 ] 192.168.2.107 /index.php/api/show/index?id=11
INFO: [ app_init ] --START--
INFO: Run Behavior\BuildLiteBehavior [ RunTime:0.000007s ]
INFO: [ app_init ] --END-- [ RunTime:0.000307s ]
INFO: [ app_begin ] --START--
INFO: Run Behavior\ReadHtmlCacheBehavior [ RunTime:0.000693s ]
INFO: [ app_begin ] --END-- [ RunTime:0.000729s ]
SQL: SHOW COLUMNS FROM `xyh_search_all` [ RunTime:0.0057s ]
SQL: SELECT a.arc_id,c.name as cate_name,c.seo_title,a.title,b.description,b.content,a.litpic,b.publish_time,a.cid FROM xyh_search_all a INNER JOIN xyh_category c ON c.id = a.cid INNER JOIN xyh_article b ON b.id = a.arc_id  WHERE c.id = 11 AND b.delete_status = 0 ORDER BY b.pubLish_time DESC  [ RunTime:0.0022s ]
INFO: [ app_end ] --START--
INFO: Run Behavior\ShowPageTraceBehavior [ RunTime:0.000573s ]
INFO: [ app_end ] --END-- [ RunTime:0.000610s ]

[ 2019-12-18T16:31:06+08:00 ] 192.168.2.107 /index.php/api/show/pic?id=9
INFO: [ app_init ] --START--
INFO: Run Behavior\BuildLiteBehavior [ RunTime:0.000006s ]
INFO: [ app_init ] --END-- [ RunTime:0.000199s ]
INFO: [ app_begin ] --START--
INFO: Run Behavior\ReadHtmlCacheBehavior [ RunTime:0.000325s ]
INFO: [ app_begin ] --END-- [ RunTime:0.000384s ]
SQL: SHOW COLUMNS FROM `xyh_category` [ RunTime:0.0033s ]
SQL: SELECT `id`,`cat_pic` FROM `xyh_category` WHERE ( id = 9 ) LIMIT 1   [ RunTime:0.0002s ]
INFO: [ app_end ] --START--
INFO: Run Behavior\ShowPageTraceBehavior [ RunTime:0.000577s ]
INFO: [ app_end ] --END-- [ RunTime:0.000605s ]

[ 2019-12-18T16:53:08+08:00 ] 192.168.2.107 /index.php/api/show/source
INFO: [ app_init ] --START--
INFO: Run Behavior\BuildLiteBehavior [ RunTime:0.000008s ]
INFO: [ app_init ] --END-- [ RunTime:0.000317s ]
INFO: [ app_begin ] --START--
INFO: Run Behavior\ReadHtmlCacheBehavior [ RunTime:0.000328s ]
INFO: [ app_begin ] --END-- [ RunTime:0.000356s ]
ERR: 非法操作:source

[ 2019-12-18T16:53:26+08:00 ] 192.168.2.107 /index.php/api/show/source
INFO: [ app_init ] --START--
INFO: Run Behavior\BuildLiteBehavior [ RunTime:0.000012s ]
INFO: [ app_init ] --END-- [ RunTime:0.000393s ]
INFO: [ app_begin ] --START--
INFO: Run Behavior\ReadHtmlCacheBehavior [ RunTime:0.000544s ]
INFO: [ app_begin ] --END-- [ RunTime:0.000583s ]
ERR: 非法操作:source

[ 2019-12-18T16:53:27+08:00 ] 192.168.2.107 /index.php/api/show/source
INFO: [ app_init ] --START--
INFO: Run Behavior\BuildLiteBehavior [ RunTime:0.000007s ]
INFO: [ app_init ] --END-- [ RunTime:0.000210s ]
INFO: [ app_begin ] --START--
INFO: Run Behavior\ReadHtmlCacheBehavior [ RunTime:0.000481s ]
INFO: [ app_begin ] --END-- [ RunTime:0.000520s ]
ERR: 非法操作:source

[ 2019-12-18T16:53:38+08:00 ] 192.168.2.107 /index.php/api/show/source
INFO: [ app_init ] --START--
INFO: Run Behavior\BuildLiteBehavior [ RunTime:0.000008s ]
INFO: [ app_init ] --END-- [ RunTime:0.000338s ]
INFO: [ app_begin ] --START--
INFO: Run Behavior\ReadHtmlCacheBehavior [ RunTime:0.000290s ]
INFO: [ app_begin ] --END-- [ RunTime:0.000317s ]
ERR: 非法操作:source

[ 2019-12-18T16:53:57+08:00 ] 192.168.2.107 /index.php/api/show/cource
INFO: [ app_init ] --START--
INFO: Run Behavior\BuildLiteBehavior [ RunTime:0.000008s ]
INFO: [ app_init ] --END-- [ RunTime:0.000396s ]
INFO: [ app_begin ] --START--
INFO: Run Behavior\ReadHtmlCacheBehavior [ RunTime:0.001435s ]
INFO: [ app_begin ] --END-- [ RunTime:0.001498s ]
ERR: 非法操作:cource

[ 2019-12-18T16:54:09+08:00 ] 192.168.2.107 /index.php/api/show/cource
INFO: [ app_init ] --START--
INFO: Run Behavior\BuildLiteBehavior [ RunTime:0.000008s ]
INFO: [ app_init ] --END-- [ RunTime:0.000299s ]
INFO: [ app_begin ] --START--
INFO: Run Behavior\ReadHtmlCacheBehavior [ RunTime:0.000411s ]
INFO: [ app_begin ] --END-- [ RunTime:0.000445s ]
ERR: 非法操作:cource

[ 2019-12-18T16:54:28+08:00 ] 192.168.2.107 /index.php/api/show/cource
INFO: [ app_init ] --START--
INFO: Run Behavior\BuildLiteBehavior [ RunTime:0.000008s ]
INFO: [ app_init ] --END-- [ RunTime:0.000286s ]
INFO: [ app_begin ] --START--
INFO: Run Behavior\ReadHtmlCacheBehavior [ RunTime:0.000459s ]
INFO: [ app_begin ] --END-- [ RunTime:0.000500s ]
ERR: 非法操作:cource

[ 2019-12-18T16:54:44+08:00 ] 192.168.2.107 /index.php/api/show/course
INFO: [ app_init ] --START--
INFO: Run Behavior\BuildLiteBehavior [ RunTime:0.000006s ]
INFO: [ app_init ] --END-- [ RunTime:0.000208s ]
INFO: [ app_begin ] --START--
INFO: Run Behavior\ReadHtmlCacheBehavior [ RunTime:0.000288s ]
INFO: [ app_begin ] --END-- [ RunTime:0.000313s ]
SQL: SHOW COLUMNS FROM `xyh_article` [ RunTime:0.0029s ]
SQL: SELECT * FROM `xyh_article`  [ RunTime:0.0005s ]
INFO: [ app_end ] --START--
INFO: Run Behavior\ShowPageTraceBehavior [ RunTime:0.000551s ]
INFO: [ app_end ] --END-- [ RunTime:0.000583s ]

[ 2019-12-18T16:54:52+08:00 ] 192.168.2.107 /index.php/api/show/course
INFO: [ app_init ] --START--
INFO: Run Behavior\BuildLiteBehavior [ RunTime:0.000028s ]
INFO: [ app_init ] --END-- [ RunTime:0.000291s ]
INFO: [ app_begin ] --START--
INFO: Run Behavior\ReadHtmlCacheBehavior [ RunTime:0.000858s ]
INFO: [ app_begin ] --END-- [ RunTime:0.000897s ]
SQL: SHOW COLUMNS FROM `xyh_article` [ RunTime:0.0048s ]
SQL: SELECT `content` FROM `xyh_article` ORDER BY id  [ RunTime:0.0004s ]
INFO: [ app_end ] --START--
INFO: Run Behavior\ShowPageTraceBehavior [ RunTime:0.000595s ]
INFO: [ app_end ] --END-- [ RunTime:0.000636s ]

[ 2019-12-18T16:55:04+08:00 ] 192.168.2.107 /index.php/api/show/course
INFO: [ app_init ] --START--
INFO: Run Behavior\BuildLiteBehavior [ RunTime:0.000007s ]
INFO: [ app_init ] --END-- [ RunTime:0.000340s ]
INFO: [ app_begin ] --START--
INFO: Run Behavior\ReadHtmlCacheBehavior [ RunTime:0.000434s ]
INFO: [ app_begin ] --END-- [ RunTime:0.000466s ]
SQL: SHOW COLUMNS FROM `xyh_article` [ RunTime:0.0025s ]
ERR: Think\Model:nofield方法不存在！

[ 2019-12-18T16:55:47+08:00 ] 192.168.2.107 /index.php/api/show/course
INFO: [ app_init ] --START--
INFO: Run Behavior\BuildLiteBehavior [ RunTime:0.000005s ]
INFO: [ app_init ] --END-- [ RunTime:0.000209s ]
INFO: [ app_begin ] --START--
INFO: Run Behavior\ReadHtmlCacheBehavior [ RunTime:0.000299s ]
INFO: [ app_begin ] --END-- [ RunTime:0.000322s ]
SQL: SHOW COLUMNS FROM `xyh_article` [ RunTime:0.0091s ]
SQL: SELECT `id`,`title`,`litpic` FROM `xyh_article` ORDER BY id  [ RunTime:0.0003s ]
INFO: [ app_end ] --START--
INFO: Run Behavior\ShowPageTraceBehavior [ RunTime:0.000533s ]
INFO: [ app_end ] --END-- [ RunTime:0.000566s ]

[ 2019-12-18T16:56:01+08:00 ] 192.168.2.107 /index.php/api/show/course
INFO: [ app_init ] --START--
INFO: Run Behavior\BuildLiteBehavior [ RunTime:0.000008s ]
INFO: [ app_init ] --END-- [ RunTime:0.000352s ]
INFO: [ app_begin ] --START--
INFO: Run Behavior\ReadHtmlCacheBehavior [ RunTime:0.000508s ]
INFO: [ app_begin ] --END-- [ RunTime:0.000547s ]
SQL: SHOW COLUMNS FROM `xyh_article` [ RunTime:0.0030s ]
SQL: SELECT `id`,`title`,`litpic` FROM `xyh_article` ORDER BY id desc  [ RunTime:0.0003s ]
INFO: [ app_end ] --START--
INFO: Run Behavior\ShowPageTraceBehavior [ RunTime:0.000579s ]
INFO: [ app_end ] --END-- [ RunTime:0.000614s ]

[ 2019-12-18T16:57:53+08:00 ] 192.168.2.107 /index.php/api/show/course
INFO: [ app_init ] --START--
INFO: Run Behavior\BuildLiteBehavior [ RunTime:0.000006s ]
INFO: [ app_init ] --END-- [ RunTime:0.000226s ]
INFO: [ app_begin ] --START--
INFO: Run Behavior\ReadHtmlCacheBehavior [ RunTime:0.000441s ]
INFO: [ app_begin ] --END-- [ RunTime:0.000475s ]
SQL: SHOW COLUMNS FROM `xyh_category` [ RunTime:0.0068s ]
ERR: SQLSTATE[42S22]: Column not found: 1054 Unknown column 'pic' in 'field list'

[ 2019-12-18T16:58:06+08:00 ] 192.168.2.107 /index.php/api/show/course
INFO: [ app_init ] --START--
INFO: Run Behavior\BuildLiteBehavior [ RunTime:0.000008s ]
INFO: [ app_init ] --END-- [ RunTime:0.000304s ]
INFO: [ app_begin ] --START--
INFO: Run Behavior\ReadHtmlCacheBehavior [ RunTime:0.000341s ]
INFO: [ app_begin ] --END-- [ RunTime:0.000385s ]
SQL: SHOW COLUMNS FROM `xyh_category` [ RunTime:0.0028s ]
SQL: SELECT `id`,`name`,`pid` FROM `xyh_category` ORDER BY sort,id  [ RunTime:0.0004s ]
INFO: [ app_end ] --START--
INFO: Run Behavior\ShowPageTraceBehavior [ RunTime:0.000617s ]
INFO: [ app_end ] --END-- [ RunTime:0.000651s ]

[ 2019-12-18T17:09:18+08:00 ] 192.168.2.107 /index.php/api/show/course?id=17&pid=10
INFO: [ app_init ] --START--
INFO: Run Behavior\BuildLiteBehavior [ RunTime:0.000006s ]
INFO: [ app_init ] --END-- [ RunTime:0.000291s ]
INFO: [ app_begin ] --START--
INFO: Run Behavior\ReadHtmlCacheBehavior [ RunTime:0.000350s ]
INFO: [ app_begin ] --END-- [ RunTime:0.000376s ]
SQL: SHOW COLUMNS FROM `xyh_category` [ RunTime:0.0316s ]
SQL: SELECT * FROM `xyh_category` ORDER BY sort,id  [ RunTime:0.0005s ]
INFO: [ app_end ] --START--
INFO: Run Behavior\ShowPageTraceBehavior [ RunTime:0.000438s ]
INFO: [ app_end ] --END-- [ RunTime:0.000459s ]

[ 2019-12-18T17:10:34+08:00 ] 192.168.2.107 /index.php/api/show/course?id=17&pid=10
INFO: [ app_init ] --START--
INFO: Run Behavior\BuildLiteBehavior [ RunTime:0.000007s ]
INFO: [ app_init ] --END-- [ RunTime:0.000285s ]
INFO: [ app_begin ] --START--
INFO: Run Behavior\ReadHtmlCacheBehavior [ RunTime:0.000462s ]
INFO: [ app_begin ] --END-- [ RunTime:0.000505s ]
SQL: SHOW COLUMNS FROM `xyh_category` [ RunTime:0.0028s ]
SQL: SELECT * FROM `xyh_category` ORDER BY sort,id  [ RunTime:0.0005s ]
INFO: [ app_end ] --START--
INFO: Run Behavior\ShowPageTraceBehavior [ RunTime:0.000436s ]
INFO: [ app_end ] --END-- [ RunTime:0.000459s ]

[ 2019-12-18T17:12:26+08:00 ] 192.168.2.107 /index.php/api/show/course?id=17&pid=10
INFO: [ app_init ] --START--
INFO: Run Behavior\BuildLiteBehavior [ RunTime:0.000007s ]
INFO: [ app_init ] --END-- [ RunTime:0.000323s ]
INFO: [ app_begin ] --START--
INFO: Run Behavior\ReadHtmlCacheBehavior [ RunTime:0.000334s ]
INFO: [ app_begin ] --END-- [ RunTime:0.000361s ]
SQL: SHOW COLUMNS FROM `xyh_category` [ RunTime:0.0096s ]
SQL: SHOW COLUMNS FROM `xyh_model` [ RunTime:0.0024s ]
SQL: SELECT category.id AS id,category.name AS name,category.ename AS ename,category.cat_pic AS cat_pic,category.pid AS pid,category.model_id AS model_id,category.type AS type,category.seo_title AS seo_title,category.keywords AS keywords,category.description AS description,category.template_category AS template_category,category.template_list AS template_list,category.template_show AS template_show,category.style AS style,category.status AS status,category.sort AS sort,model.name AS model_name,model.table_name AS table_name FROM xyh_category category LEFT JOIN xyh_model model ON category.model_id = model.id ORDER BY category.sort ASC,category.id ASC  [ RunTime:0.0006s ]
INFO: [ app_end ] --START--
INFO: Run Behavior\ShowPageTraceBehavior [ RunTime:0.000470s ]
INFO: [ app_end ] --END-- [ RunTime:0.000490s ]

[ 2019-12-18T17:13:30+08:00 ] 192.168.2.107 /index.php/api/show/course?id=17&pid=10
INFO: [ app_init ] --START--
INFO: Run Behavior\BuildLiteBehavior [ RunTime:0.000009s ]
INFO: [ app_init ] --END-- [ RunTime:0.000407s ]
INFO: [ app_begin ] --START--
INFO: Run Behavior\ReadHtmlCacheBehavior [ RunTime:0.000459s ]
INFO: [ app_begin ] --END-- [ RunTime:0.000496s ]
SQL: SHOW COLUMNS FROM `xyh_category` [ RunTime:0.1215s ]
SQL: SHOW COLUMNS FROM `xyh_model` [ RunTime:0.0053s ]
SQL: SELECT category.id AS id,category.name AS name,category.ename AS ename,category.cat_pic AS cat_pic,category.pid AS pid,category.model_id AS model_id,category.type AS type,category.seo_title AS seo_title,category.keywords AS keywords,category.description AS description,category.template_category AS template_category,category.template_list AS template_list,category.template_show AS template_show,category.style AS style,category.status AS status,category.sort AS sort,model.name AS model_name,model.table_name AS table_name FROM xyh_category category LEFT JOIN xyh_model model ON category.model_id = model.id ORDER BY category.sort ASC,category.id ASC  [ RunTime:0.0013s ]
INFO: [ app_end ] --START--
INFO: Run Behavior\ShowPageTraceBehavior [ RunTime:0.000928s ]
INFO: [ app_end ] --END-- [ RunTime:0.000981s ]

[ 2019-12-18T17:16:30+08:00 ] 192.168.2.107 /index.php/api/show/course?id=10&pid=0
INFO: [ app_init ] --START--
INFO: Run Behavior\BuildLiteBehavior [ RunTime:0.000007s ]
INFO: [ app_init ] --END-- [ RunTime:0.000297s ]
INFO: [ app_begin ] --START--
INFO: Run Behavior\ReadHtmlCacheBehavior [ RunTime:0.000283s ]
INFO: [ app_begin ] --END-- [ RunTime:0.000305s ]
SQL: SHOW COLUMNS FROM `xyh_category` [ RunTime:0.0297s ]
SQL: SHOW COLUMNS FROM `xyh_model` [ RunTime:0.0022s ]
SQL: SELECT category.id AS id,category.name AS name,category.ename AS ename,category.cat_pic AS cat_pic,category.pid AS pid,category.model_id AS model_id,category.type AS type,category.seo_title AS seo_title,category.keywords AS keywords,category.description AS description,category.template_category AS template_category,category.template_list AS template_list,category.template_show AS template_show,category.style AS style,category.status AS status,category.sort AS sort,model.name AS model_name,model.table_name AS table_name FROM xyh_category category LEFT JOIN xyh_model model ON category.model_id = model.id ORDER BY category.sort ASC,category.id ASC  [ RunTime:0.0005s ]
INFO: [ app_end ] --START--
INFO: Run Behavior\ShowPageTraceBehavior [ RunTime:0.000437s ]
INFO: [ app_end ] --END-- [ RunTime:0.000457s ]

[ 2019-12-18T17:17:38+08:00 ] 192.168.2.107 /index.php/api/show/course?id=10&pid=0
INFO: [ app_init ] --START--
INFO: Run Behavior\BuildLiteBehavior [ RunTime:0.000006s ]
INFO: [ app_init ] --END-- [ RunTime:0.000216s ]
INFO: [ app_begin ] --START--
INFO: Run Behavior\ReadHtmlCacheBehavior [ RunTime:0.000341s ]
INFO: [ app_begin ] --END-- [ RunTime:0.000373s ]
SQL: SHOW COLUMNS FROM `xyh_category` [ RunTime:0.0359s ]
SQL: SHOW COLUMNS FROM `xyh_model` [ RunTime:0.0020s ]
SQL: SELECT category.id AS id,category.name AS name,category.ename AS ename,category.cat_pic AS cat_pic,category.pid AS pid,category.model_id AS model_id,category.type AS type,category.seo_title AS seo_title,category.keywords AS keywords,category.description AS description,category.template_category AS template_category,category.template_list AS template_list,category.template_show AS template_show,category.style AS style,category.status AS status,category.sort AS sort,model.name AS model_name,model.table_name AS table_name FROM xyh_category category LEFT JOIN xyh_model model ON category.model_id = model.id ORDER BY category.sort ASC,category.id ASC  [ RunTime:0.0005s ]
INFO: [ app_end ] --START--
INFO: Run Behavior\ShowPageTraceBehavior [ RunTime:0.000383s ]
INFO: [ app_end ] --END-- [ RunTime:0.000406s ]

[ 2019-12-18T17:17:40+08:00 ] 192.168.2.107 /index.php/api/show/course?id=10&pid=0
INFO: [ app_init ] --START--
INFO: Run Behavior\BuildLiteBehavior [ RunTime:0.000006s ]
INFO: [ app_init ] --END-- [ RunTime:0.000297s ]
INFO: [ app_begin ] --START--
INFO: Run Behavior\ReadHtmlCacheBehavior [ RunTime:0.000382s ]
INFO: [ app_begin ] --END-- [ RunTime:0.000416s ]
SQL: SHOW COLUMNS FROM `xyh_category` [ RunTime:0.0024s ]
SQL: SHOW COLUMNS FROM `xyh_model` [ RunTime:0.0021s ]
SQL: SELECT category.id AS id,category.name AS name,category.ename AS ename,category.cat_pic AS cat_pic,category.pid AS pid,category.model_id AS model_id,category.type AS type,category.seo_title AS seo_title,category.keywords AS keywords,category.description AS description,category.template_category AS template_category,category.template_list AS template_list,category.template_show AS template_show,category.style AS style,category.status AS status,category.sort AS sort,model.name AS model_name,model.table_name AS table_name FROM xyh_category category LEFT JOIN xyh_model model ON category.model_id = model.id ORDER BY category.sort ASC,category.id ASC  [ RunTime:0.0005s ]
INFO: [ app_end ] --START--
INFO: Run Behavior\ShowPageTraceBehavior [ RunTime:0.000376s ]
INFO: [ app_end ] --END-- [ RunTime:0.000396s ]

[ 2019-12-18T17:18:07+08:00 ] 192.168.2.107 /index.php/api/show/course?id=10&pid=0
INFO: [ app_init ] --START--
INFO: Run Behavior\BuildLiteBehavior [ RunTime:0.000006s ]
INFO: [ app_init ] --END-- [ RunTime:0.000294s ]
INFO: [ app_begin ] --START--
INFO: Run Behavior\ReadHtmlCacheBehavior [ RunTime:0.000424s ]
INFO: [ app_begin ] --END-- [ RunTime:0.000457s ]
SQL: SHOW COLUMNS FROM `xyh_category` [ RunTime:0.0023s ]
SQL: SHOW COLUMNS FROM `xyh_model` [ RunTime:0.0023s ]
SQL: SELECT category.id AS id,category.name AS name,category.ename AS ename,category.cat_pic AS cat_pic,category.pid AS pid,category.model_id AS model_id,category.type AS type,category.seo_title AS seo_title,category.keywords AS keywords,category.description AS description,category.template_category AS template_category,category.template_list AS template_list,category.template_show AS template_show,category.style AS style,category.status AS status,category.sort AS sort,model.name AS model_name,model.table_name AS table_name FROM xyh_category category LEFT JOIN xyh_model model ON category.model_id = model.id ORDER BY category.sort ASC,category.id ASC  [ RunTime:0.0005s ]
INFO: [ app_end ] --START--
INFO: Run Behavior\ShowPageTraceBehavior [ RunTime:0.000448s ]
INFO: [ app_end ] --END-- [ RunTime:0.000469s ]

[ 2019-12-18T17:21:01+08:00 ] 192.168.2.107 /index.php/api/show/course?id=10&pid=10
INFO: [ app_init ] --START--
INFO: Run Behavior\BuildLiteBehavior [ RunTime:0.000008s ]
INFO: [ app_init ] --END-- [ RunTime:0.000385s ]
INFO: [ app_begin ] --START--
INFO: Run Behavior\ReadHtmlCacheBehavior [ RunTime:0.000322s ]
INFO: [ app_begin ] --END-- [ RunTime:0.000348s ]
SQL: SHOW COLUMNS FROM `xyh_category` [ RunTime:0.0119s ]
SQL: SHOW COLUMNS FROM `xyh_model` [ RunTime:0.0021s ]
SQL: SELECT category.id AS id,category.name AS name,category.ename AS ename,category.cat_pic AS cat_pic,category.pid AS pid,category.model_id AS model_id,category.type AS type,category.seo_title AS seo_title,category.keywords AS keywords,category.description AS description,category.template_category AS template_category,category.template_list AS template_list,category.template_show AS template_show,category.style AS style,category.status AS status,category.sort AS sort,model.name AS model_name,model.table_name AS table_name FROM xyh_category category LEFT JOIN xyh_model model ON category.model_id = model.id ORDER BY category.sort ASC,category.id ASC  [ RunTime:0.0006s ]
INFO: [ app_end ] --START--
INFO: Run Behavior\ShowPageTraceBehavior [ RunTime:0.000447s ]
INFO: [ app_end ] --END-- [ RunTime:0.000468s ]

[ 2019-12-18T17:21:35+08:00 ] 192.168.2.107 /index.php/api/show/course?id=10&pid=10
INFO: [ app_init ] --START--
INFO: Run Behavior\BuildLiteBehavior [ RunTime:0.000008s ]
INFO: [ app_init ] --END-- [ RunTime:0.000287s ]
INFO: [ app_begin ] --START--
INFO: Run Behavior\ReadHtmlCacheBehavior [ RunTime:0.000419s ]
INFO: [ app_begin ] --END-- [ RunTime:0.000465s ]
SQL: SHOW COLUMNS FROM `xyh_category` [ RunTime:0.0028s ]
SQL: SHOW COLUMNS FROM `xyh_model` [ RunTime:0.0025s ]
SQL: SELECT category.id AS id,category.name AS name,category.ename AS ename,category.cat_pic AS cat_pic,category.pid AS pid,category.model_id AS model_id,category.type AS type,category.seo_title AS seo_title,category.keywords AS keywords,category.description AS description,category.template_category AS template_category,category.template_list AS template_list,category.template_show AS template_show,category.style AS style,category.status AS status,category.sort AS sort,model.name AS model_name,model.table_name AS table_name FROM xyh_category category LEFT JOIN xyh_model model ON category.model_id = model.id ORDER BY category.sort ASC,category.id ASC  [ RunTime:0.0005s ]
INFO: [ app_end ] --START--
INFO: Run Behavior\ShowPageTraceBehavior [ RunTime:0.000510s ]
INFO: [ app_end ] --END-- [ RunTime:0.000536s ]

[ 2019-12-18T17:22:19+08:00 ] 192.168.2.107 /index.php/api/show/course?id=10&pid=10
INFO: [ app_init ] --START--
INFO: Run Behavior\BuildLiteBehavior [ RunTime:0.000006s ]
INFO: [ app_init ] --END-- [ RunTime:0.000307s ]
INFO: [ app_begin ] --START--
INFO: Run Behavior\ReadHtmlCacheBehavior [ RunTime:0.000407s ]
INFO: [ app_begin ] --END-- [ RunTime:0.000437s ]
SQL: SHOW COLUMNS FROM `xyh_category` [ RunTime:0.0028s ]
SQL: SHOW COLUMNS FROM `xyh_model` [ RunTime:0.0024s ]
SQL: SELECT category.id AS id,category.name AS name,category.ename AS ename,category.cat_pic AS cat_pic,category.pid AS pid,category.model_id AS model_id,category.type AS type,category.seo_title AS seo_title,category.keywords AS keywords,category.description AS description,category.template_category AS template_category,category.template_list AS template_list,category.template_show AS template_show,category.style AS style,category.status AS status,category.sort AS sort,model.name AS model_name,model.table_name AS table_name FROM xyh_category category LEFT JOIN xyh_model model ON category.model_id = model.id ORDER BY category.sort ASC,category.id ASC  [ RunTime:0.0005s ]
ERR: Too few arguments to function Api\Controller\ShowController::recursion(), 2 passed in D:\phpStudy\PHPTutorial\WWW\lslx\App\Api\Controller\ShowController.class.php on line 129 and exactly 3 expected

[ 2019-12-18T17:22:53+08:00 ] 192.168.2.107 /index.php/api/show/course?id=10&pid=10
INFO: [ app_init ] --START--
INFO: Run Behavior\BuildLiteBehavior [ RunTime:0.000009s ]
INFO: [ app_init ] --END-- [ RunTime:0.000361s ]
INFO: [ app_begin ] --START--
INFO: Run Behavior\ReadHtmlCacheBehavior [ RunTime:0.000823s ]
INFO: [ app_begin ] --END-- [ RunTime:0.000896s ]
SQL: SHOW COLUMNS FROM `xyh_category` [ RunTime:0.0143s ]
SQL: SHOW COLUMNS FROM `xyh_model` [ RunTime:0.0027s ]
SQL: SELECT category.id AS id,category.name AS name,category.ename AS ename,category.cat_pic AS cat_pic,category.pid AS pid,category.model_id AS model_id,category.type AS type,category.seo_title AS seo_title,category.keywords AS keywords,category.description AS description,category.template_category AS template_category,category.template_list AS template_list,category.template_show AS template_show,category.style AS style,category.status AS status,category.sort AS sort,model.name AS model_name,model.table_name AS table_name FROM xyh_category category LEFT JOIN xyh_model model ON category.model_id = model.id ORDER BY category.sort ASC,category.id ASC  [ RunTime:0.0007s ]
ERR: Too few arguments to function Api\Controller\ShowController::recursion(), 2 passed in D:\phpStudy\PHPTutorial\WWW\lslx\App\Api\Controller\ShowController.class.php on line 129 and exactly 3 expected

[ 2019-12-18T17:23:26+08:00 ] 192.168.2.107 /index.php/api/show/course?id=10&pid=10
INFO: [ app_init ] --START--
INFO: Run Behavior\BuildLiteBehavior [ RunTime:0.000008s ]
INFO: [ app_init ] --END-- [ RunTime:0.000320s ]
INFO: [ app_begin ] --START--
INFO: Run Behavior\ReadHtmlCacheBehavior [ RunTime:0.000443s ]
INFO: [ app_begin ] --END-- [ RunTime:0.000476s ]
SQL: SHOW COLUMNS FROM `xyh_category` [ RunTime:0.0145s ]
SQL: SHOW COLUMNS FROM `xyh_model` [ RunTime:0.0337s ]
SQL: SELECT category.id AS id,category.name AS name,category.ename AS ename,category.cat_pic AS cat_pic,category.pid AS pid,category.model_id AS model_id,category.type AS type,category.seo_title AS seo_title,category.keywords AS keywords,category.description AS description,category.template_category AS template_category,category.template_list AS template_list,category.template_show AS template_show,category.style AS style,category.status AS status,category.sort AS sort,model.name AS model_name,model.table_name AS table_name FROM xyh_category category LEFT JOIN xyh_model model ON category.model_id = model.id ORDER BY category.sort ASC,category.id ASC  [ RunTime:0.0006s ]
ERR: Too few arguments to function Api\Controller\ShowController::recursion(), 2 passed in D:\phpStudy\PHPTutorial\WWW\lslx\App\Api\Controller\ShowController.class.php on line 129 and exactly 3 expected

[ 2019-12-18T17:24:41+08:00 ] 192.168.2.107 /index.php/api/show/course?id=10&pid=10
INFO: [ app_init ] --START--
INFO: Run Behavior\BuildLiteBehavior [ RunTime:0.000008s ]
INFO: [ app_init ] --END-- [ RunTime:0.000303s ]
INFO: [ app_begin ] --START--
INFO: Run Behavior\ReadHtmlCacheBehavior [ RunTime:0.000279s ]
INFO: [ app_begin ] --END-- [ RunTime:0.000304s ]
SQL: SHOW COLUMNS FROM `xyh_category` [ RunTime:0.0143s ]
SQL: SHOW COLUMNS FROM `xyh_model` [ RunTime:0.0021s ]
SQL: SELECT category.id AS id,category.name AS name,category.ename AS ename,category.cat_pic AS cat_pic,category.pid AS pid,category.model_id AS model_id,category.type AS type,category.seo_title AS seo_title,category.keywords AS keywords,category.description AS description,category.template_category AS template_category,category.template_list AS template_list,category.template_show AS template_show,category.style AS style,category.status AS status,category.sort AS sort,model.name AS model_name,model.table_name AS table_name FROM xyh_category category LEFT JOIN xyh_model model ON category.model_id = model.id ORDER BY category.sort ASC,category.id ASC  [ RunTime:0.0005s ]
INFO: [ app_end ] --START--
INFO: Run Behavior\ShowPageTraceBehavior [ RunTime:0.000453s ]
INFO: [ app_end ] --END-- [ RunTime:0.000476s ]

[ 2019-12-18T17:25:06+08:00 ] 192.168.2.107 /index.php/api/show/course?id=10&pid=10
INFO: [ app_init ] --START--
INFO: Run Behavior\BuildLiteBehavior [ RunTime:0.000008s ]
INFO: [ app_init ] --END-- [ RunTime:0.000254s ]
INFO: [ app_begin ] --START--
INFO: Run Behavior\ReadHtmlCacheBehavior [ RunTime:0.000389s ]
INFO: [ app_begin ] --END-- [ RunTime:0.000423s ]
SQL: SHOW COLUMNS FROM `xyh_category` [ RunTime:0.0064s ]
ERR: Think\Model:nofield方法不存在！

[ 2019-12-18T17:25:19+08:00 ] 192.168.2.107 /index.php/api/show/course?id=10&pid=10
INFO: [ app_init ] --START--
INFO: Run Behavior\BuildLiteBehavior [ RunTime:0.000006s ]
INFO: [ app_init ] --END-- [ RunTime:0.000204s ]
INFO: [ app_begin ] --START--
INFO: Run Behavior\ReadHtmlCacheBehavior [ RunTime:0.000285s ]
INFO: [ app_begin ] --END-- [ RunTime:0.000308s ]
SQL: SHOW COLUMNS FROM `xyh_category` [ RunTime:0.0027s ]
ERR: SQLSTATE[42S22]: Column not found: 1054 Unknown column 'category.sort' in 'order clause'

[ 2019-12-18T17:25:35+08:00 ] 192.168.2.107 /index.php/api/show/course?id=10&pid=10
INFO: [ app_init ] --START--
INFO: Run Behavior\BuildLiteBehavior [ RunTime:0.000007s ]
INFO: [ app_init ] --END-- [ RunTime:0.000269s ]
INFO: [ app_begin ] --START--
INFO: Run Behavior\ReadHtmlCacheBehavior [ RunTime:0.000470s ]
INFO: [ app_begin ] --END-- [ RunTime:0.000508s ]
SQL: SHOW COLUMNS FROM `xyh_category` [ RunTime:0.0033s ]
ERR: SQLSTATE[42S22]: Column not found: 1054 Unknown column 'category.sort' in 'order clause'

[ 2019-12-18T17:25:36+08:00 ] 192.168.2.107 /index.php/api/show/course?id=10&pid=10
INFO: [ app_init ] --START--
INFO: Run Behavior\BuildLiteBehavior [ RunTime:0.000006s ]
INFO: [ app_init ] --END-- [ RunTime:0.000197s ]
INFO: [ app_begin ] --START--
INFO: Run Behavior\ReadHtmlCacheBehavior [ RunTime:0.000319s ]
INFO: [ app_begin ] --END-- [ RunTime:0.000349s ]
SQL: SHOW COLUMNS FROM `xyh_category` [ RunTime:0.0028s ]
ERR: SQLSTATE[42S22]: Column not found: 1054 Unknown column 'category.sort' in 'order clause'

[ 2019-12-18T17:26:05+08:00 ] 192.168.2.107 /index.php/api/show/course?id=10&pid=10
INFO: [ app_init ] --START--
INFO: Run Behavior\BuildLiteBehavior [ RunTime:0.000007s ]
INFO: [ app_init ] --END-- [ RunTime:0.000284s ]
INFO: [ app_begin ] --START--
INFO: Run Behavior\ReadHtmlCacheBehavior [ RunTime:0.000288s ]
INFO: [ app_begin ] --END-- [ RunTime:0.000310s ]
SQL: SHOW COLUMNS FROM `xyh_category` [ RunTime:0.0269s ]
SQL: SELECT * FROM `xyh_category` ORDER BY sort,id  [ RunTime:0.0004s ]
INFO: [ app_end ] --START--
INFO: Run Behavior\ShowPageTraceBehavior [ RunTime:0.000399s ]
INFO: [ app_end ] --END-- [ RunTime:0.000420s ]

[ 2019-12-18T17:29:35+08:00 ] 192.168.2.107 /index.php/api/show/course?id=10&pid=10
INFO: [ app_init ] --START--
INFO: Run Behavior\BuildLiteBehavior [ RunTime:0.000007s ]
INFO: [ app_init ] --END-- [ RunTime:0.000262s ]
INFO: [ app_begin ] --START--
INFO: Run Behavior\ReadHtmlCacheBehavior [ RunTime:0.000295s ]
INFO: [ app_begin ] --END-- [ RunTime:0.000319s ]
SQL: SHOW COLUMNS FROM `xyh_category` [ RunTime:0.0102s ]
SQL: SELECT * FROM `xyh_category` ORDER BY sort,id  [ RunTime:0.0004s ]
INFO: [ app_end ] --START--
INFO: Run Behavior\ShowPageTraceBehavior [ RunTime:0.000441s ]
INFO: [ app_end ] --END-- [ RunTime:0.000463s ]

[ 2019-12-18T17:30:18+08:00 ] 192.168.2.107 /index.php/api/show/course?id=10&pid=10
INFO: [ app_init ] --START--
INFO: Run Behavior\BuildLiteBehavior [ RunTime:0.000008s ]
INFO: [ app_init ] --END-- [ RunTime:0.000379s ]
INFO: [ app_begin ] --START--
INFO: Run Behavior\ReadHtmlCacheBehavior [ RunTime:0.000447s ]
INFO: [ app_begin ] --END-- [ RunTime:0.000480s ]
SQL: SHOW COLUMNS FROM `xyh_category` [ RunTime:0.0028s ]
SQL: SELECT * FROM `xyh_category` ORDER BY sort,id  [ RunTime:0.0005s ]
INFO: [ app_end ] --START--
INFO: Run Behavior\ShowPageTraceBehavior [ RunTime:0.000396s ]
INFO: [ app_end ] --END-- [ RunTime:0.000418s ]

[ 2019-12-18T17:30:55+08:00 ] 192.168.2.107 /index.php/api/show/course?id=10&pid=10
INFO: [ app_init ] --START--
INFO: Run Behavior\BuildLiteBehavior [ RunTime:0.000005s ]
INFO: [ app_init ] --END-- [ RunTime:0.000195s ]
INFO: [ app_begin ] --START--
INFO: Run Behavior\ReadHtmlCacheBehavior [ RunTime:0.000403s ]
INFO: [ app_begin ] --END-- [ RunTime:0.000438s ]
SQL: SHOW COLUMNS FROM `xyh_category` [ RunTime:0.0028s ]
SQL: SELECT * FROM `xyh_category` ORDER BY sort,id  [ RunTime:0.0005s ]
INFO: [ app_end ] --START--
INFO: Run Behavior\ShowPageTraceBehavior [ RunTime:0.000458s ]
INFO: [ app_end ] --END-- [ RunTime:0.000486s ]

[ 2019-12-18T17:31:31+08:00 ] 192.168.2.107 /index.php/api/show/course?id=1&pid=10
INFO: [ app_init ] --START--
INFO: Run Behavior\BuildLiteBehavior [ RunTime:0.000009s ]
INFO: [ app_init ] --END-- [ RunTime:0.000296s ]
INFO: [ app_begin ] --START--
INFO: Run Behavior\ReadHtmlCacheBehavior [ RunTime:0.000408s ]
INFO: [ app_begin ] --END-- [ RunTime:0.000446s ]
SQL: SHOW COLUMNS FROM `xyh_category` [ RunTime:0.0281s ]
SQL: SELECT * FROM `xyh_category` ORDER BY sort,id  [ RunTime:0.0005s ]
INFO: [ app_end ] --START--
INFO: Run Behavior\ShowPageTraceBehavior [ RunTime:0.000554s ]
INFO: [ app_end ] --END-- [ RunTime:0.000601s ]

[ 2019-12-18T17:31:57+08:00 ] 192.168.2.107 /index.php/api/show/course?id=1&pid=1
INFO: [ app_init ] --START--
INFO: Run Behavior\BuildLiteBehavior [ RunTime:0.000007s ]
INFO: [ app_init ] --END-- [ RunTime:0.000213s ]
INFO: [ app_begin ] --START--
INFO: Run Behavior\ReadHtmlCacheBehavior [ RunTime:0.000479s ]
INFO: [ app_begin ] --END-- [ RunTime:0.000514s ]
SQL: SHOW COLUMNS FROM `xyh_category` [ RunTime:0.0074s ]
SQL: SELECT * FROM `xyh_category` ORDER BY sort,id  [ RunTime:0.0006s ]
INFO: [ app_end ] --START--
INFO: Run Behavior\ShowPageTraceBehavior [ RunTime:0.000611s ]
INFO: [ app_end ] --END-- [ RunTime:0.000643s ]

[ 2019-12-18T17:32:46+08:00 ] 192.168.2.107 /index.php/api/show/course?id=1&pid=1
INFO: [ app_init ] --START--
INFO: Run Behavior\BuildLiteBehavior [ RunTime:0.000007s ]
INFO: [ app_init ] --END-- [ RunTime:0.000245s ]
INFO: [ app_begin ] --START--
INFO: Run Behavior\ReadHtmlCacheBehavior [ RunTime:0.000303s ]
INFO: [ app_begin ] --END-- [ RunTime:0.000327s ]
SQL: SHOW COLUMNS FROM `xyh_category` [ RunTime:0.0438s ]
SQL: SELECT * FROM `xyh_category` ORDER BY sort,id  [ RunTime:0.0004s ]
INFO: [ app_end ] --START--
INFO: Run Behavior\ShowPageTraceBehavior [ RunTime:0.000394s ]
INFO: [ app_end ] --END-- [ RunTime:0.000414s ]

[ 2019-12-18T17:32:53+08:00 ] 192.168.2.107 /index.php/api/show/course?id=10&pid=10
INFO: [ app_init ] --START--
INFO: Run Behavior\BuildLiteBehavior [ RunTime:0.000008s ]
INFO: [ app_init ] --END-- [ RunTime:0.000277s ]
INFO: [ app_begin ] --START--
INFO: Run Behavior\ReadHtmlCacheBehavior [ RunTime:0.000432s ]
INFO: [ app_begin ] --END-- [ RunTime:0.000470s ]
SQL: SHOW COLUMNS FROM `xyh_category` [ RunTime:0.0330s ]
SQL: SELECT * FROM `xyh_category` ORDER BY sort,id  [ RunTime:0.0005s ]
INFO: [ app_end ] --START--
INFO: Run Behavior\ShowPageTraceBehavior [ RunTime:0.000550s ]
INFO: [ app_end ] --END-- [ RunTime:0.000585s ]

[ 2019-12-18T17:34:05+08:00 ] 192.168.2.107 /index.php/api/show/course?id=22&pid=10
INFO: [ app_init ] --START--
INFO: Run Behavior\BuildLiteBehavior [ RunTime:0.000007s ]
INFO: [ app_init ] --END-- [ RunTime:0.000269s ]
INFO: [ app_begin ] --START--
INFO: Run Behavior\ReadHtmlCacheBehavior [ RunTime:0.000360s ]
INFO: [ app_begin ] --END-- [ RunTime:0.000390s ]
SQL: SHOW COLUMNS FROM `xyh_category` [ RunTime:0.0352s ]
SQL: SELECT * FROM `xyh_category` ORDER BY sort,id  [ RunTime:0.0004s ]
INFO: [ app_end ] --START--
INFO: Run Behavior\ShowPageTraceBehavior [ RunTime:0.000431s ]
INFO: [ app_end ] --END-- [ RunTime:0.000456s ]

[ 2019-12-18T17:35:53+08:00 ] 192.168.2.107 /index.php/api/show/course?id=17&pid=10
INFO: [ app_init ] --START--
INFO: Run Behavior\BuildLiteBehavior [ RunTime:0.000006s ]
INFO: [ app_init ] --END-- [ RunTime:0.000210s ]
INFO: [ app_begin ] --START--
INFO: Run Behavior\ReadHtmlCacheBehavior [ RunTime:0.000498s ]
INFO: [ app_begin ] --END-- [ RunTime:0.000530s ]
SQL: SHOW COLUMNS FROM `xyh_category` [ RunTime:0.0213s ]
SQL: SELECT * FROM `xyh_category` ORDER BY sort,id  [ RunTime:0.0004s ]
INFO: [ app_end ] --START--
INFO: Run Behavior\ShowPageTraceBehavior [ RunTime:0.000403s ]
INFO: [ app_end ] --END-- [ RunTime:0.000424s ]

[ 2019-12-18T17:36:21+08:00 ] 192.168.2.107 /index.php/api/show/course?id=17&pid=17
INFO: [ app_init ] --START--
INFO: Run Behavior\BuildLiteBehavior [ RunTime:0.000006s ]
INFO: [ app_init ] --END-- [ RunTime:0.000207s ]
INFO: [ app_begin ] --START--
INFO: Run Behavior\ReadHtmlCacheBehavior [ RunTime:0.000395s ]
INFO: [ app_begin ] --END-- [ RunTime:0.000429s ]
SQL: SHOW COLUMNS FROM `xyh_category` [ RunTime:0.0202s ]
SQL: SELECT * FROM `xyh_category` ORDER BY sort,id  [ RunTime:0.0006s ]
INFO: [ app_end ] --START--
INFO: Run Behavior\ShowPageTraceBehavior [ RunTime:0.000452s ]
INFO: [ app_end ] --END-- [ RunTime:0.000473s ]

[ 2019-12-18T17:37:11+08:00 ] 192.168.2.107 /index.php/api/show/course?id=17
INFO: [ app_init ] --START--
INFO: Run Behavior\BuildLiteBehavior [ RunTime:0.000008s ]
INFO: [ app_init ] --END-- [ RunTime:0.000352s ]
INFO: [ app_begin ] --START--
INFO: Run Behavior\ReadHtmlCacheBehavior [ RunTime:0.000336s ]
INFO: [ app_begin ] --END-- [ RunTime:0.000362s ]
SQL: SHOW COLUMNS FROM `xyh_category` [ RunTime:0.0093s ]
SQL: SELECT * FROM `xyh_category` ORDER BY sort,id  [ RunTime:0.0005s ]
INFO: [ app_end ] --START--
INFO: Run Behavior\ShowPageTraceBehavior [ RunTime:0.000594s ]
INFO: [ app_end ] --END-- [ RunTime:0.000629s ]

[ 2019-12-18T17:55:41+08:00 ] 192.168.2.107 /index.php/api/show/course?id=17
INFO: [ app_init ] --START--
INFO: Run Behavior\BuildLiteBehavior [ RunTime:0.000009s ]
INFO: [ app_init ] --END-- [ RunTime:0.000307s ]
INFO: [ app_begin ] --START--
INFO: Run Behavior\ReadHtmlCacheBehavior [ RunTime:0.000414s ]
INFO: [ app_begin ] --END-- [ RunTime:0.000467s ]
SQL: SHOW COLUMNS FROM `xyh_category` [ RunTime:0.0298s ]
SQL: SELECT * FROM `xyh_category` ORDER BY sort,id  [ RunTime:0.0006s ]
INFO: [ app_end ] --START--
INFO: Run Behavior\ShowPageTraceBehavior [ RunTime:0.000411s ]
INFO: [ app_end ] --END-- [ RunTime:0.000431s ]

[ 2019-12-18T17:56:09+08:00 ] 192.168.2.107 /index.php/api/show/course?id=17
INFO: [ app_init ] --START--
INFO: Run Behavior\BuildLiteBehavior [ RunTime:0.000010s ]
INFO: [ app_init ] --END-- [ RunTime:0.000385s ]
INFO: [ app_begin ] --START--
INFO: Run Behavior\ReadHtmlCacheBehavior [ RunTime:0.000578s ]
INFO: [ app_begin ] --END-- [ RunTime:0.000636s ]
SQL: SHOW COLUMNS FROM `xyh_category` [ RunTime:0.0023s ]
SQL: SELECT * FROM `xyh_category` ORDER BY sort,id  [ RunTime:0.0004s ]
INFO: [ app_end ] --START--
INFO: Run Behavior\ShowPageTraceBehavior [ RunTime:0.000416s ]
INFO: [ app_end ] --END-- [ RunTime:0.000439s ]

[ 2019-12-18T17:59:33+08:00 ] 192.168.2.107 /index.php/api/show/course?id=17
INFO: [ app_init ] --START--
INFO: Run Behavior\BuildLiteBehavior [ RunTime:0.000013s ]
INFO: [ app_init ] --END-- [ RunTime:0.000392s ]
INFO: [ app_begin ] --START--
INFO: Run Behavior\ReadHtmlCacheBehavior [ RunTime:0.000368s ]
INFO: [ app_begin ] --END-- [ RunTime:0.000398s ]
SQL: SHOW COLUMNS FROM `xyh_category` [ RunTime:0.0172s ]
SQL: SELECT * FROM `xyh_category` ORDER BY sort,id  [ RunTime:0.0005s ]
INFO: [ app_end ] --START--
INFO: Run Behavior\ShowPageTraceBehavior [ RunTime:0.000427s ]
INFO: [ app_end ] --END-- [ RunTime:0.000448s ]

[ 2019-12-18T18:04:22+08:00 ] 192.168.2.107 /index.php/api/show/course?id=17
INFO: [ app_init ] --START--
INFO: Run Behavior\BuildLiteBehavior [ RunTime:0.000007s ]
INFO: [ app_init ] --END-- [ RunTime:0.000293s ]
INFO: [ app_begin ] --START--
INFO: Run Behavior\ReadHtmlCacheBehavior [ RunTime:0.000373s ]
INFO: [ app_begin ] --END-- [ RunTime:0.000404s ]
SQL: SHOW COLUMNS FROM `xyh_category` [ RunTime:0.4309s ]
SQL: SELECT * FROM `xyh_category` ORDER BY sort,id  [ RunTime:0.0013s ]
INFO: [ app_end ] --START--
INFO: Run Behavior\ShowPageTraceBehavior [ RunTime:0.000785s ]
INFO: [ app_end ] --END-- [ RunTime:0.000836s ]

[ 2019-12-18T18:05:05+08:00 ] 192.168.2.107 /index.php/api/show/course?id=17
INFO: [ app_init ] --START--
INFO: Run Behavior\BuildLiteBehavior [ RunTime:0.000008s ]
INFO: [ app_init ] --END-- [ RunTime:0.000260s ]
INFO: [ app_begin ] --START--
INFO: Run Behavior\ReadHtmlCacheBehavior [ RunTime:0.000412s ]
INFO: [ app_begin ] --END-- [ RunTime:0.000448s ]
SQL: SHOW COLUMNS FROM `xyh_category` [ RunTime:0.1118s ]
SQL: SELECT * FROM `xyh_category` ORDER BY sort,id  [ RunTime:0.0005s ]
INFO: [ app_end ] --START--
INFO: Run Behavior\ShowPageTraceBehavior [ RunTime:0.000417s ]
INFO: [ app_end ] --END-- [ RunTime:0.000439s ]

[ 2019-12-18T18:05:18+08:00 ] 192.168.2.107 /index.php/api/show/course?id=10
INFO: [ app_init ] --START--
INFO: Run Behavior\BuildLiteBehavior [ RunTime:0.000006s ]
INFO: [ app_init ] --END-- [ RunTime:0.000200s ]
INFO: [ app_begin ] --START--
INFO: Run Behavior\ReadHtmlCacheBehavior [ RunTime:0.000321s ]
INFO: [ app_begin ] --END-- [ RunTime:0.000349s ]
SQL: SHOW COLUMNS FROM `xyh_category` [ RunTime:0.0773s ]
SQL: SELECT * FROM `xyh_category` ORDER BY sort,id  [ RunTime:0.0005s ]
INFO: [ app_end ] --START--
INFO: Run Behavior\ShowPageTraceBehavior [ RunTime:0.000426s ]
INFO: [ app_end ] --END-- [ RunTime:0.000456s ]

[ 2019-12-18T18:05:36+08:00 ] 192.168.2.107 /index.php/api/show/course?id=10
INFO: [ app_init ] --START--
INFO: Run Behavior\BuildLiteBehavior [ RunTime:0.000007s ]
INFO: [ app_init ] --END-- [ RunTime:0.000281s ]
INFO: [ app_begin ] --START--
INFO: Run Behavior\ReadHtmlCacheBehavior [ RunTime:0.000417s ]
INFO: [ app_begin ] --END-- [ RunTime:0.000454s ]
SQL: SHOW COLUMNS FROM `xyh_category` [ RunTime:0.0026s ]
SQL: SELECT * FROM `xyh_category` ORDER BY sort,id  [ RunTime:0.0006s ]
INFO: [ app_end ] --START--
INFO: Run Behavior\ShowPageTraceBehavior [ RunTime:0.000546s ]
INFO: [ app_end ] --END-- [ RunTime:0.000582s ]

[ 2019-12-18T18:07:13+08:00 ] 192.168.2.107 /index.php/api/show/course?id=17
INFO: [ app_init ] --START--
INFO: Run Behavior\BuildLiteBehavior [ RunTime:0.000007s ]
INFO: [ app_init ] --END-- [ RunTime:0.000318s ]
INFO: [ app_begin ] --START--
INFO: Run Behavior\ReadHtmlCacheBehavior [ RunTime:0.000454s ]
INFO: [ app_begin ] --END-- [ RunTime:0.000488s ]
SQL: SHOW COLUMNS FROM `xyh_category` [ RunTime:0.0026s ]
SQL: SELECT * FROM `xyh_category` ORDER BY sort,id  [ RunTime:0.0006s ]
INFO: [ app_end ] --START--
INFO: Run Behavior\ShowPageTraceBehavior [ RunTime:0.000568s ]
INFO: [ app_end ] --END-- [ RunTime:0.000596s ]

[ 2019-12-18T18:14:25+08:00 ] 192.168.2.107 /index.php/api/show/course?id=17
INFO: [ app_init ] --START--
INFO: Run Behavior\BuildLiteBehavior [ RunTime:0.000008s ]
INFO: [ app_init ] --END-- [ RunTime:0.000315s ]
INFO: [ app_begin ] --START--
INFO: Run Behavior\ReadHtmlCacheBehavior [ RunTime:0.000281s ]
INFO: [ app_begin ] --END-- [ RunTime:0.000305s ]
SQL: SHOW COLUMNS FROM `xyh_category` [ RunTime:0.0195s ]
SQL: SELECT * FROM `xyh_category` ORDER BY sort,id  [ RunTime:0.0004s ]
INFO: [ app_end ] --START--
INFO: Run Behavior\ShowPageTraceBehavior [ RunTime:0.000376s ]
INFO: [ app_end ] --END-- [ RunTime:0.000396s ]

[ 2019-12-18T18:17:01+08:00 ] 192.168.2.107 /index.php/api/show/course?id=17
INFO: [ app_init ] --START--
INFO: Run Behavior\BuildLiteBehavior [ RunTime:0.000009s ]
INFO: [ app_init ] --END-- [ RunTime:0.000337s ]
INFO: [ app_begin ] --START--
INFO: Run Behavior\ReadHtmlCacheBehavior [ RunTime:0.000442s ]
INFO: [ app_begin ] --END-- [ RunTime:0.000481s ]
SQL: SHOW COLUMNS FROM `xyh_category` [ RunTime:0.0111s ]
SQL: SELECT * FROM `xyh_category` ORDER BY sort,id  [ RunTime:0.0004s ]
INFO: [ app_end ] --START--
INFO: Run Behavior\ShowPageTraceBehavior [ RunTime:0.000516s ]
INFO: [ app_end ] --END-- [ RunTime:0.000544s ]

[ 2019-12-18T18:21:29+08:00 ] 192.168.2.107 /index.php/api/show/course?id=17
INFO: [ app_init ] --START--
INFO: Run Behavior\BuildLiteBehavior [ RunTime:0.000009s ]
INFO: [ app_init ] --END-- [ RunTime:0.000378s ]
INFO: [ app_begin ] --START--
INFO: Run Behavior\ReadHtmlCacheBehavior [ RunTime:0.000490s ]
INFO: [ app_begin ] --END-- [ RunTime:0.000528s ]
SQL: SHOW COLUMNS FROM `xyh_category` [ RunTime:0.0421s ]
SQL: SELECT * FROM `xyh_category` ORDER BY sort,id  [ RunTime:0.0004s ]
INFO: [ app_end ] --START--
INFO: Run Behavior\ShowPageTraceBehavior [ RunTime:0.000467s ]
INFO: [ app_end ] --END-- [ RunTime:0.000490s ]

[ 2019-12-18T18:21:42+08:00 ] 192.168.2.107 /index.php/api/show/course?pid=17
INFO: [ app_init ] --START--
INFO: Run Behavior\BuildLiteBehavior [ RunTime:0.000017s ]
INFO: [ app_init ] --END-- [ RunTime:0.000328s ]
INFO: [ app_begin ] --START--
INFO: Run Behavior\ReadHtmlCacheBehavior [ RunTime:0.000419s ]
INFO: [ app_begin ] --END-- [ RunTime:0.000454s ]
SQL: SHOW COLUMNS FROM `xyh_category` [ RunTime:0.0026s ]
SQL: SELECT * FROM `xyh_category` ORDER BY sort,id  [ RunTime:0.0005s ]
INFO: [ app_end ] --START--
INFO: Run Behavior\ShowPageTraceBehavior [ RunTime:0.000526s ]
INFO: [ app_end ] --END-- [ RunTime:0.000552s ]

[ 2019-12-18T18:26:55+08:00 ] 192.168.2.107 /index.php/api/show/course?pid=17
INFO: [ app_init ] --START--
INFO: Run Behavior\BuildLiteBehavior [ RunTime:0.000009s ]
INFO: [ app_init ] --END-- [ RunTime:0.000306s ]
INFO: [ app_begin ] --START--
INFO: Run Behavior\ReadHtmlCacheBehavior [ RunTime:0.000397s ]
INFO: [ app_begin ] --END-- [ RunTime:0.000435s ]
SQL: SHOW COLUMNS FROM `xyh_category` [ RunTime:0.0372s ]
ERR: SQLSTATE[42S22]: Column not found: 1054 Unknown column 'name.pid' in 'field list'

[ 2019-12-18T18:27:05+08:00 ] 192.168.2.107 /index.php/api/show/course?pid=17
INFO: [ app_init ] --START--
INFO: Run Behavior\BuildLiteBehavior [ RunTime:0.000006s ]
INFO: [ app_init ] --END-- [ RunTime:0.000273s ]
INFO: [ app_begin ] --START--
INFO: Run Behavior\ReadHtmlCacheBehavior [ RunTime:0.000657s ]
INFO: [ app_begin ] --END-- [ RunTime:0.000727s ]
SQL: SHOW COLUMNS FROM `xyh_category` [ RunTime:0.0210s ]
SQL: SELECT `id`,`name`,`pid`,`cat_pic`,`description`,`content` FROM `xyh_category` ORDER BY sort,id  [ RunTime:0.0005s ]
INFO: [ app_end ] --START--
INFO: Run Behavior\ShowPageTraceBehavior [ RunTime:0.000455s ]
INFO: [ app_end ] --END-- [ RunTime:0.000482s ]

[ 2019-12-18T18:27:34+08:00 ] 192.168.2.107 /index.php/api/show/course?pid=17
INFO: [ app_init ] --START--
INFO: Run Behavior\BuildLiteBehavior [ RunTime:0.000012s ]
INFO: [ app_init ] --END-- [ RunTime:0.000517s ]
INFO: [ app_begin ] --START--
INFO: Run Behavior\ReadHtmlCacheBehavior [ RunTime:0.000340s ]
INFO: [ app_begin ] --END-- [ RunTime:0.000371s ]
SQL: SHOW COLUMNS FROM `xyh_category` [ RunTime:0.0284s ]
SQL: SELECT * FROM `xyh_category` ORDER BY sort,id  [ RunTime:0.0004s ]
INFO: [ app_end ] --START--
INFO: Run Behavior\ShowPageTraceBehavior [ RunTime:0.000375s ]
INFO: [ app_end ] --END-- [ RunTime:0.000398s ]

[ 2019-12-18T18:31:10+08:00 ] 192.168.2.107 /index.php/api/show/course?pid=0
INFO: [ app_init ] --START--
INFO: Run Behavior\BuildLiteBehavior [ RunTime:0.000005s ]
INFO: [ app_init ] --END-- [ RunTime:0.000197s ]
INFO: [ app_begin ] --START--
INFO: Run Behavior\ReadHtmlCacheBehavior [ RunTime:0.000386s ]
INFO: [ app_begin ] --END-- [ RunTime:0.000419s ]
SQL: SHOW COLUMNS FROM `xyh_category` [ RunTime:0.0321s ]
SQL: SELECT * FROM `xyh_category` ORDER BY sort,id  [ RunTime:0.0004s ]
INFO: [ app_end ] --START--
INFO: Run Behavior\ShowPageTraceBehavior [ RunTime:0.000425s ]
INFO: [ app_end ] --END-- [ RunTime:0.000447s ]

[ 2019-12-18T18:31:21+08:00 ] 192.168.2.107 /index.php/api/show/course?pid=1
INFO: [ app_init ] --START--
INFO: Run Behavior\BuildLiteBehavior [ RunTime:0.000007s ]
INFO: [ app_init ] --END-- [ RunTime:0.000216s ]
INFO: [ app_begin ] --START--
INFO: Run Behavior\ReadHtmlCacheBehavior [ RunTime:0.000389s ]
INFO: [ app_begin ] --END-- [ RunTime:0.000418s ]
SQL: SHOW COLUMNS FROM `xyh_category` [ RunTime:0.0292s ]
SQL: SELECT * FROM `xyh_category` ORDER BY sort,id  [ RunTime:0.0008s ]
INFO: [ app_end ] --START--
INFO: Run Behavior\ShowPageTraceBehavior [ RunTime:0.000515s ]
INFO: [ app_end ] --END-- [ RunTime:0.000540s ]

[ 2019-12-18T18:32:01+08:00 ] 192.168.2.107 /index.php/api/show/course?id=1
INFO: [ app_init ] --START--
INFO: Run Behavior\BuildLiteBehavior [ RunTime:0.000007s ]
INFO: [ app_init ] --END-- [ RunTime:0.000291s ]
INFO: [ app_begin ] --START--
INFO: Run Behavior\ReadHtmlCacheBehavior [ RunTime:0.000478s ]
INFO: [ app_begin ] --END-- [ RunTime:0.000520s ]
SQL: SHOW COLUMNS FROM `xyh_category` [ RunTime:0.1281s ]
SQL: SELECT * FROM `xyh_category` ORDER BY sort,id  [ RunTime:0.0011s ]
INFO: [ app_end ] --START--
INFO: Run Behavior\ShowPageTraceBehavior [ RunTime:0.000434s ]
INFO: [ app_end ] --END-- [ RunTime:0.000467s ]

[ 2019-12-18T18:32:17+08:00 ] 192.168.2.107 /index.php/api/show/course?id=22
INFO: [ app_init ] --START--
INFO: Run Behavior\BuildLiteBehavior [ RunTime:0.000006s ]
INFO: [ app_init ] --END-- [ RunTime:0.000201s ]
INFO: [ app_begin ] --START--
INFO: Run Behavior\ReadHtmlCacheBehavior [ RunTime:0.000280s ]
INFO: [ app_begin ] --END-- [ RunTime:0.000303s ]
SQL: SHOW COLUMNS FROM `xyh_category` [ RunTime:0.0522s ]
SQL: SELECT * FROM `xyh_category` ORDER BY sort,id  [ RunTime:0.0005s ]
INFO: [ app_end ] --START--
INFO: Run Behavior\ShowPageTraceBehavior [ RunTime:0.000379s ]
INFO: [ app_end ] --END-- [ RunTime:0.000404s ]

[ 2019-12-18T18:32:38+08:00 ] 192.168.2.107 /index.php/api/show/course?id=22
INFO: [ app_init ] --START--
INFO: Run Behavior\BuildLiteBehavior [ RunTime:0.000008s ]
INFO: [ app_init ] --END-- [ RunTime:0.000291s ]
INFO: [ app_begin ] --START--
INFO: Run Behavior\ReadHtmlCacheBehavior [ RunTime:0.000364s ]
INFO: [ app_begin ] --END-- [ RunTime:0.000414s ]
SQL: SHOW COLUMNS FROM `xyh_category` [ RunTime:0.0256s ]
SQL: SELECT * FROM `xyh_category` ORDER BY sort,id  [ RunTime:0.0004s ]
INFO: [ app_end ] --START--
INFO: Run Behavior\ShowPageTraceBehavior [ RunTime:0.000514s ]
INFO: [ app_end ] --END-- [ RunTime:0.000540s ]

[ 2019-12-18T18:34:16+08:00 ] 192.168.2.107 /index.php/api/show/course?id=22
INFO: [ app_init ] --START--
INFO: Run Behavior\BuildLiteBehavior [ RunTime:0.000007s ]
INFO: [ app_init ] --END-- [ RunTime:0.000295s ]
INFO: [ app_begin ] --START--
INFO: Run Behavior\ReadHtmlCacheBehavior [ RunTime:0.000633s ]
INFO: [ app_begin ] --END-- [ RunTime:0.000671s ]
SQL: SHOW COLUMNS FROM `xyh_category` [ RunTime:0.0135s ]
ERR: SQLSTATE[42S22]: Column not found: 1054 Unknown column 'litpic' in 'field list'

[ 2019-12-18T18:36:02+08:00 ] 192.168.2.107 /index.php/api/show/course?id=22
INFO: [ app_init ] --START--
INFO: Run Behavior\BuildLiteBehavior [ RunTime:0.000010s ]
INFO: [ app_init ] --END-- [ RunTime:0.000229s ]
INFO: [ app_begin ] --START--
INFO: Run Behavior\ReadHtmlCacheBehavior [ RunTime:0.000407s ]
INFO: [ app_begin ] --END-- [ RunTime:0.000443s ]
SQL: SHOW COLUMNS FROM `xyh_category` [ RunTime:0.0032s ]
ERR: SQLSTATE[42S22]: Column not found: 1054 Unknown column 'litpic' in 'field list'

[ 2019-12-18T18:36:12+08:00 ] 192.168.2.107 /index.php/api/show/course?id=22
INFO: [ app_init ] --START--
INFO: Run Behavior\BuildLiteBehavior [ RunTime:0.000007s ]
INFO: [ app_init ] --END-- [ RunTime:0.000252s ]
INFO: [ app_begin ] --START--
INFO: Run Behavior\ReadHtmlCacheBehavior [ RunTime:0.000462s ]
INFO: [ app_begin ] --END-- [ RunTime:0.000501s ]
SQL: SHOW COLUMNS FROM `xyh_category` [ RunTime:0.0386s ]
SQL: SELECT * FROM `xyh_category` ORDER BY sort,id  [ RunTime:0.0004s ]
INFO: [ app_end ] --START--
INFO: Run Behavior\ShowPageTraceBehavior [ RunTime:0.000577s ]
INFO: [ app_end ] --END-- [ RunTime:0.000613s ]

[ 2019-12-18T18:47:12+08:00 ] 192.168.2.107 /index.php/api/show/detail?cid=2&arc_id=2
INFO: [ app_init ] --START--
INFO: Run Behavior\BuildLiteBehavior [ RunTime:0.000010s ]
INFO: [ app_init ] --END-- [ RunTime:0.000341s ]
INFO: [ app_begin ] --START--
INFO: Run Behavior\ReadHtmlCacheBehavior [ RunTime:0.000406s ]
INFO: [ app_begin ] --END-- [ RunTime:0.000436s ]
SQL: SHOW COLUMNS FROM `xyh_article` [ RunTime:0.0392s ]
SQL: SELECT `id`,`title`,`publish_time`,`litpic`,`content` FROM `xyh_article` WHERE ( id = 2 ) LIMIT 1   [ RunTime:0.0003s ]
SQL: SELECT `id`,`title`,`cid` FROM `xyh_article` WHERE `id` < 2 AND `cid` = 2 ORDER BY id desc LIMIT 1   [ RunTime:0.0003s ]
SQL: SELECT `id`,`title`,`cid` FROM `xyh_article` WHERE `id` > 2 AND `cid` = 2 ORDER BY id asc LIMIT 1   [ RunTime:0.0002s ]
INFO: [ app_end ] --START--
INFO: Run Behavior\ShowPageTraceBehavior [ RunTime:0.000551s ]
INFO: [ app_end ] --END-- [ RunTime:0.000577s ]

[ 2019-12-18T18:47:56+08:00 ] 192.168.2.107 /index.php/api/show/detail?cid=6&arc_id=8
INFO: [ app_init ] --START--
INFO: Run Behavior\BuildLiteBehavior [ RunTime:0.000008s ]
INFO: [ app_init ] --END-- [ RunTime:0.000250s ]
INFO: [ app_begin ] --START--
INFO: Run Behavior\ReadHtmlCacheBehavior [ RunTime:0.000372s ]
INFO: [ app_begin ] --END-- [ RunTime:0.000404s ]
SQL: SHOW COLUMNS FROM `xyh_article` [ RunTime:0.0221s ]
SQL: SELECT `id`,`title`,`publish_time`,`litpic`,`content` FROM `xyh_article` WHERE ( id = 8 ) LIMIT 1   [ RunTime:0.0003s ]
SQL: SELECT `id`,`title`,`cid` FROM `xyh_article` WHERE `id` < 8 AND `cid` = 6 ORDER BY id desc LIMIT 1   [ RunTime:0.0003s ]
SQL: SELECT `id`,`title`,`cid` FROM `xyh_article` WHERE `id` > 8 AND `cid` = 6 ORDER BY id asc LIMIT 1   [ RunTime:0.0002s ]
INFO: [ app_end ] --START--
INFO: Run Behavior\ShowPageTraceBehavior [ RunTime:0.000426s ]
INFO: [ app_end ] --END-- [ RunTime:0.000448s ]

[ 2019-12-18T18:48:20+08:00 ] 192.168.2.107 /index.php/api/show/detail?cid=1&arc_id=8
INFO: [ app_init ] --START--
INFO: Run Behavior\BuildLiteBehavior [ RunTime:0.000006s ]
INFO: [ app_init ] --END-- [ RunTime:0.000249s ]
INFO: [ app_begin ] --START--
INFO: Run Behavior\ReadHtmlCacheBehavior [ RunTime:0.000421s ]
INFO: [ app_begin ] --END-- [ RunTime:0.000449s ]
SQL: SHOW COLUMNS FROM `xyh_article` [ RunTime:0.0025s ]
SQL: SELECT `id`,`title`,`publish_time`,`litpic`,`content` FROM `xyh_article` WHERE ( id = 8 ) LIMIT 1   [ RunTime:0.0002s ]
SQL: SELECT `id`,`title`,`cid` FROM `xyh_article` WHERE `id` < 8 AND `cid` = 1 ORDER BY id desc LIMIT 1   [ RunTime:0.0002s ]
SQL: SELECT `id`,`title`,`cid` FROM `xyh_article` WHERE `id` > 8 AND `cid` = 1 ORDER BY id asc LIMIT 1   [ RunTime:0.0001s ]
INFO: [ app_end ] --START--
INFO: Run Behavior\ShowPageTraceBehavior [ RunTime:0.000429s ]
INFO: [ app_end ] --END-- [ RunTime:0.000454s ]

